2025-10-31 18:41:16.778 | INFO     | __main__:process_images:103 - 初始化OCR成功，进程号为12384
2025-10-31 18:41:16.778 | INFO     | __main__:process_images:114 - 最近3天日期: ['20251031', '20251030', '20251029']
2025-10-31 18:41:16.778 | INFO     | __main__:process_images:115 - 开始扫描ocr目录：D:\PycharmProjects\XHS-OCR\images
2025-10-31 18:41:16.778 | INFO     | __main__:process_images:126 - 扫描目录: D:\PycharmProjects\XHS-OCR\images, 包含最近日期: False
2025-10-31 18:41:16.778 | INFO     | __main__:process_images:126 - 扫描目录: D:\PycharmProjects\XHS-OCR\images\20251029, 包含最近日期: True
2025-10-31 18:41:16.778 | INFO     | __main__:process_images:137 - 处理最近3天的目录: D:\PycharmProjects\XHS-OCR\images\20251029
2025-10-31 18:41:16.779 | INFO     | __main__:process_images:126 - 扫描目录: D:\PycharmProjects\XHS-OCR\images\20251029\172.25.1.78-5555, 包含最近日期: True
2025-10-31 18:41:16.779 | INFO     | __main__:process_images:137 - 处理最近3天的目录: D:\PycharmProjects\XHS-OCR\images\20251029\172.25.1.78-5555
2025-10-31 18:41:16.779 | INFO     | __main__:process_images:162 - 处理图片: data_overview#各位姨姨们好#1761891917.png, 日期: 20251029, 设备: 172.25.1.78-5555
2025-10-31 18:41:16.910 | INFO     | __main__:process_images:196 - 正在处理: data_overview#各位姨姨们好#1761891917.png
2025-10-31 18:41:17.171 | INFO     | __main__:process_images:219 - 0:88
2025-10-31 18:41:17.171 | INFO     | __main__:process_images:219 - 1:17.1%
2025-10-31 18:41:17.172 | INFO     | __main__:process_images:219 - 2:41.3
2025-10-31 18:41:17.172 | INFO     | __main__:process_images:219 - 3:508
2025-10-31 18:41:17.172 | INFO     | __main__:process_images:219 - 4:0
2025-10-31 18:41:17.172 | INFO     | __main__:process_images:219 - 5:3
2025-10-31 18:41:17.172 | INFO     | __main__:process_images:219 - 6:6
2025-10-31 18:41:17.172 | INFO     | __main__:process_images:219 - 7:0
2025-10-31 18:41:17.172 | INFO     | __main__:process_images:219 - 8:0
2025-10-31 18:41:17.186 | INFO     | __main__:process_images:162 - 处理图片: data_overview#小香风女孩报道#1761891703.png, 日期: 20251029, 设备: 172.25.1.78-5555
2025-10-31 18:41:17.309 | INFO     | __main__:process_images:196 - 正在处理: data_overview#小香风女孩报道#1761891703.png
2025-10-31 18:41:17.488 | INFO     | __main__:process_images:219 - 0:430
2025-10-31 18:41:17.488 | INFO     | __main__:process_images:219 - 1:94
2025-10-31 18:41:17.488 | INFO     | __main__:process_images:219 - 2:18.6%
2025-10-31 18:41:17.488 | INFO     | __main__:process_images:219 - 3:28.3
2025-10-31 18:41:17.488 | INFO     | __main__:process_images:219 - 4:0
2025-10-31 18:41:17.488 | INFO     | __main__:process_images:219 - 5:2
2025-10-31 18:41:17.488 | INFO     | __main__:process_images:219 - 6:0
2025-10-31 18:41:17.488 | INFO     | __main__:process_images:219 - 7:0
2025-10-31 18:41:17.489 | INFO     | __main__:process_images:219 - 8:1
2025-10-31 18:41:17.506 | INFO     | __main__:process_images:162 - 处理图片: data_overview#我的小甜心_zsiga嘎子姐#1761891806.png, 日期: 20251029, 设备: 172.25.1.78-5555
2025-10-31 18:41:17.618 | INFO     | __main__:process_images:196 - 正在处理: data_overview#我的小甜心_zsiga嘎子姐#1761891806.png
2025-10-31 18:41:17.805 | INFO     | __main__:process_images:219 - 0:631
2025-10-31 18:41:17.805 | INFO     | __main__:process_images:219 - 1:84
2025-10-31 18:41:17.805 | INFO     | __main__:process_images:219 - 2:13.6%
2025-10-31 18:41:17.805 | INFO     | __main__:process_images:219 - 3:17.1
2025-10-31 18:41:17.805 | INFO     | __main__:process_images:219 - 4:0
2025-10-31 18:41:17.805 | INFO     | __main__:process_images:219 - 5:0
2025-10-31 18:41:17.805 | INFO     | __main__:process_images:219 - 6:1
2025-10-31 18:41:17.806 | INFO     | __main__:process_images:219 - 7:1
2025-10-31 18:41:17.806 | INFO     | __main__:process_images:219 - 8:0
2025-10-31 18:41:17.862 | INFO     | __main__:process_images:162 - 处理图片: data_overview#朋友_别买了_你家里都快没地儿了#1761891916.png, 日期: 20251029, 设备: 172.25.1.78-5555
2025-10-31 18:41:17.971 | INFO     | __main__:process_images:196 - 正在处理: data_overview#朋友_别买了_你家里都快没地儿了#1761891916.png
2025-10-31 18:41:18.128 | INFO     | __main__:process_images:219 - 0:214
2025-10-31 18:41:18.128 | INFO     | __main__:process_images:219 - 1:31
2025-10-31 18:41:18.128 | INFO     | __main__:process_images:219 - 2:13.6%
2025-10-31 18:41:18.128 | INFO     | __main__:process_images:219 - 3:34
2025-10-31 18:41:18.128 | INFO     | __main__:process_images:219 - 4:0
2025-10-31 18:41:18.128 | INFO     | __main__:process_images:219 - 5:0
2025-10-31 18:41:18.128 | INFO     | __main__:process_images:219 - 6:0
2025-10-31 18:41:18.128 | INFO     | __main__:process_images:219 - 7:0
2025-10-31 18:41:18.128 | INFO     | __main__:process_images:219 - 8:0
2025-10-31 18:41:18.188 | INFO     | __main__:process_images:162 - 处理图片: data_overview100#咦她怎么长得跟我一样#1761891806.png, 日期: 20251029, 设备: 172.25.1.78-5555
2025-10-31 18:41:18.312 | INFO     | __main__:process_images:196 - 正在处理: data_overview100#咦她怎么长得跟我一样#1761891806.png
2025-10-31 18:41:18.486 | INFO     | __main__:process_images:219 - 0:1682
2025-10-31 18:41:18.486 | INFO     | __main__:process_images:219 - 1:272
2025-10-31 18:41:18.486 | INFO     | __main__:process_images:219 - 2:15.9%
2025-10-31 18:41:18.486 | INFO     | __main__:process_images:219 - 3:15.9
2025-10-31 18:41:18.486 | INFO     | __main__:process_images:219 - 4:0
2025-10-31 18:41:18.486 | INFO     | __main__:process_images:219 - 5:11
2025-10-31 18:41:18.486 | INFO     | __main__:process_images:219 - 6:3
2025-10-31 18:41:18.487 | INFO     | __main__:process_images:219 - 7:1
2025-10-31 18:41:18.487 | INFO     | __main__:process_images:219 - 8:4
2025-10-31 18:41:18.498 | INFO     | __main__:process_images:162 - 处理图片: data_overview100#嘎子姐今日ootd#1761891703.png, 日期: 20251029, 设备: 172.25.1.78-5555
2025-10-31 18:41:18.619 | INFO     | __main__:process_images:196 - 正在处理: data_overview100#嘎子姐今日ootd#1761891703.png
2025-10-31 18:41:18.802 | INFO     | __main__:process_images:219 - 0:1121
2025-10-31 18:41:18.802 | INFO     | __main__:process_images:219 - 1:154
2025-10-31 18:41:18.802 | INFO     | __main__:process_images:219 - 2:13.4%
2025-10-31 18:41:18.802 | INFO     | __main__:process_images:219 - 3:39.2
2025-10-31 18:41:18.802 | INFO     | __main__:process_images:219 - 4:0
2025-10-31 18:41:18.802 | INFO     | __main__:process_images:219 - 5:2
2025-10-31 18:41:18.803 | INFO     | __main__:process_images:219 - 6:2
2025-10-31 18:41:18.803 | INFO     | __main__:process_images:219 - 7:2
2025-10-31 18:41:18.803 | INFO     | __main__:process_images:219 - 8:2
2025-10-31 18:41:18.813 | INFO     | __main__:process_images:162 - 处理图片: profile_page#user_profile#1761891805.png, 日期: 20251029, 设备: 172.25.1.78-5555
2025-10-31 18:41:18.945 | INFO     | __main__:process_images:196 - 正在处理: profile_page#user_profile#1761891805.png
2025-10-31 18:41:19.120 | INFO     | __main__:process_images:219 - 0:0
2025-10-31 18:41:19.120 | INFO     | __main__:process_images:219 - 1:7
2025-10-31 18:41:19.120 | INFO     | __main__:process_images:219 - 2:27
2025-10-31 18:41:19.120 | INFO     | __main__:process_images:219 - 3:关注
2025-10-31 18:41:19.120 | INFO     | __main__:process_images:219 - 4:粉丝
2025-10-31 18:41:19.120 | INFO     | __main__:process_images:219 - 5:获赞与收藏
2025-10-31 18:41:19.120 | INFO     | __main__:process_images:219 - 6:辽单
2025-10-31 18:41:19.120 | INFO     | __main__:process_images:219 - 7:购物去
2025-10-31 18:41:19.120 | WARNING  | __main__:process_images:224 - 识别到的数据个数不匹配，可能是截图位置发生变化或者截图不完整，可能需要重新制作蒙版
2025-10-31 18:41:19.120 | INFO     | __main__:process_images:162 - 处理图片: profile_page#user_profile#1761891806.png, 日期: 20251029, 设备: 172.25.1.78-5555
2025-10-31 18:41:19.250 | INFO     | __main__:process_images:196 - 正在处理: profile_page#user_profile#1761891806.png
2025-10-31 18:41:19.448 | INFO     | __main__:process_images:219 - 0:励志成为中国最牛潮玩店
2025-10-31 18:41:19.449 | INFO     | __main__:process_images:219 - 1:0
2025-10-31 18:41:19.449 | INFO     | __main__:process_images:219 - 2:1
2025-10-31 18:41:19.449 | INFO     | __main__:process_images:219 - 3:14
2025-10-31 18:41:19.449 | INFO     | __main__:process_images:219 - 4:关注
2025-10-31 18:41:19.449 | INFO     | __main__:process_images:219 - 5:粉丝
2025-10-31 18:41:19.449 | INFO     | __main__:process_images:219 - 6:获赞与收藏
2025-10-31 18:41:19.449 | WARNING  | __main__:process_images:224 - 识别到的数据个数不匹配，可能是截图位置发生变化或者截图不完整，可能需要重新制作蒙版
2025-10-31 18:41:19.449 | INFO     | __main__:process_images:162 - 处理图片: profile_page#user_profile#1761891806.png-autosave.kra, 日期: 20251029, 设备: 172.25.1.78-5555
2025-10-31 18:41:19.564 | ERROR    | __main__:imread_with_pil:265 - 使用PIL读取图片失败: D:\PycharmProjects\XHS-OCR\images\20251029\172.25.1.78-5555\profile_page#user_profile#1761891806.png-autosave.kra, 错误: cannot identify image file 'D:\\PycharmProjects\\XHS-OCR\\images\\20251029\\172.25.1.78-5555\\profile_page#user_profile#1761891806.png-autosave.kra'
2025-10-31 18:41:19.574 | ERROR    | __main__:process_images:170 - 原图加载失败: D:\PycharmProjects\XHS-OCR\images\20251029\172.25.1.78-5555\profile_page#user_profile#1761891806.png-autosave.kra
2025-10-31 18:41:19.574 | INFO     | __main__:process_images:162 - 处理图片: traffic_analysis#各位姨姨们好#1761891871.png, 日期: 20251029, 设备: 172.25.1.78-5555
2025-10-31 18:41:19.679 | INFO     | __main__:process_images:196 - 正在处理: traffic_analysis#各位姨姨们好#1761891871.png
2025-10-31 18:41:19.845 | INFO     | __main__:process_images:219 - 0:6
2025-10-31 18:41:19.846 | WARNING  | __main__:process_images:224 - 识别到的数据个数不匹配，可能是截图位置发生变化或者截图不完整，可能需要重新制作蒙版
2025-10-31 18:41:19.846 | INFO     | __main__:process_images:162 - 处理图片: traffic_analysis#咦她怎么长得跟我一样#1761891760.png, 日期: 20251029, 设备: 172.25.1.78-5555
2025-10-31 18:41:19.960 | INFO     | __main__:process_images:196 - 正在处理: traffic_analysis#咦她怎么长得跟我一样#1761891760.png
2025-10-31 18:41:20.186 | INFO     | __main__:process_images:219 - 0:78.4%
2025-10-31 18:41:20.187 | INFO     | __main__:process_images:219 - 1:3.5%
2025-10-31 18:41:20.187 | INFO     | __main__:process_images:219 - 2:2.7%
2025-10-31 18:41:20.187 | INFO     | __main__:process_images:219 - 3:15.4%
2025-10-31 18:41:20.187 | INFO     | __main__:process_images:219 - 4:15.7%
2025-10-31 18:41:20.187 | INFO     | __main__:process_images:219 - 5:6.9%
2025-10-31 18:41:20.187 | INFO     | __main__:process_images:219 - 6:1293
2025-10-31 18:41:20.187 | INFO     | __main__:process_images:219 - 7:203
2025-10-31 18:41:20.187 | INFO     | __main__:process_images:219 - 8:78.3%
2025-10-31 18:41:20.187 | INFO     | __main__:process_images:219 - 9:78.4%
2025-10-31 18:41:20.187 | INFO     | __main__:process_images:219 - 10:7.8
2025-10-31 18:41:20.187 | INFO     | __main__:process_images:219 - 11:10
2025-10-31 18:41:20.187 | INFO     | __main__:process_images:219 - 12:3
2025-10-31 18:41:20.187 | INFO     | __main__:process_images:219 - 13:1
2025-10-31 18:41:20.209 | INFO     | __main__:process_images:162 - 处理图片: traffic_analysis#嘎子姐今日ootd#1761891658.png, 日期: 20251029, 设备: 172.25.1.78-5555
2025-10-31 18:41:20.340 | INFO     | __main__:process_images:196 - 正在处理: traffic_analysis#嘎子姐今日ootd#1761891658.png
2025-10-31 18:41:20.514 | INFO     | __main__:process_images:219 - 0:14.3%
2025-10-31 18:41:20.515 | INFO     | __main__:process_images:219 - 1:4.2%
2025-10-31 18:41:20.515 | INFO     | __main__:process_images:219 - 2:839
2025-10-31 18:41:20.515 | INFO     | __main__:process_images:219 - 3:120
2025-10-31 18:41:20.515 | INFO     | __main__:process_images:219 - 4:75.6%
2025-10-31 18:41:20.515 | INFO     | __main__:process_images:219 - 5:81.1%
2025-10-31 18:41:20.515 | INFO     | __main__:process_images:219 - 6:6.9
2025-10-31 18:41:20.515 | INFO     | __main__:process_images:219 - 7:2
2025-10-31 18:41:20.515 | INFO     | __main__:process_images:219 - 8:2
2025-10-31 18:41:20.515 | WARNING  | __main__:process_images:224 - 识别到的数据个数不匹配，可能是截图位置发生变化或者截图不完整，可能需要重新制作蒙版
2025-10-31 18:41:20.515 | INFO     | __main__:process_images:162 - 处理图片: traffic_analysis#小香风女孩报道#1761891657.png, 日期: 20251029, 设备: 172.25.1.78-5555
2025-10-31 18:41:20.643 | INFO     | __main__:process_images:196 - 正在处理: traffic_analysis#小香风女孩报道#1761891657.png
2025-10-31 18:41:20.797 | INFO     | __main__:process_images:219 - 0:6
2025-10-31 18:41:20.797 | WARNING  | __main__:process_images:224 - 识别到的数据个数不匹配，可能是截图位置发生变化或者截图不完整，可能需要重新制作蒙版
2025-10-31 18:41:20.797 | INFO     | __main__:process_images:162 - 处理图片: traffic_analysis#我的小甜心_zsiga嘎子姐#1761891760.png, 日期: 20251029, 设备: 172.25.1.78-5555
2025-10-31 18:41:20.921 | INFO     | __main__:process_images:196 - 正在处理: traffic_analysis#我的小甜心_zsiga嘎子姐#1761891760.png
2025-10-31 18:41:21.084 | INFO     | __main__:process_images:219 - 0:6
2025-10-31 18:41:21.084 | WARNING  | __main__:process_images:224 - 识别到的数据个数不匹配，可能是截图位置发生变化或者截图不完整，可能需要重新制作蒙版
2025-10-31 18:41:21.084 | INFO     | __main__:process_images:162 - 处理图片: traffic_analysis#朋友_别买了_你家里都快没地儿了#1761891870.png, 日期: 20251029, 设备: 172.25.1.78-5555
2025-10-31 18:41:21.208 | INFO     | __main__:process_images:196 - 正在处理: traffic_analysis#朋友_别买了_你家里都快没地儿了#1761891870.png
2025-10-31 18:41:21.355 | INFO     | __main__:process_images:219 - 0:6
2025-10-31 18:41:21.356 | WARNING  | __main__:process_images:224 - 识别到的数据个数不匹配，可能是截图位置发生变化或者截图不完整，可能需要重新制作蒙版
2025-10-31 18:41:21.356 | INFO     | __main__:process_images:126 - 扫描目录: D:\PycharmProjects\XHS-OCR\images\20251029\test, 包含最近日期: True
2025-10-31 18:41:21.356 | INFO     | __main__:process_images:137 - 处理最近3天的目录: D:\PycharmProjects\XHS-OCR\images\20251029\test
2025-10-31 18:41:21.356 | INFO     | __main__:process_images:247 - 程序结束。
