2025-10-31 18:49:30.355 | INFO     | __main__:process_images:103 - 初始化OCR成功，进程号为10536
2025-10-31 18:49:30.355 | INFO     | __main__:process_images:114 - 最近3天日期: ['20251031', '20251030', '20251029']
2025-10-31 18:49:30.355 | INFO     | __main__:process_images:115 - 开始扫描ocr目录：D:\PycharmProjects\XHS-OCR\images
2025-10-31 18:49:30.355 | INFO     | __main__:process_images:126 - 扫描目录: D:\PycharmProjects\XHS-OCR\images, 包含最近日期: False
2025-10-31 18:49:30.355 | INFO     | __main__:process_images:126 - 扫描目录: D:\PycharmProjects\XHS-OCR\images\20251029, 包含最近日期: True
2025-10-31 18:49:30.355 | INFO     | __main__:process_images:137 - 处理最近3天的目录: D:\PycharmProjects\XHS-OCR\images\20251029
2025-10-31 18:49:30.356 | INFO     | __main__:process_images:126 - 扫描目录: D:\PycharmProjects\XHS-OCR\images\20251029\172.25.1.78-5555, 包含最近日期: True
2025-10-31 18:49:30.356 | INFO     | __main__:process_images:137 - 处理最近3天的目录: D:\PycharmProjects\XHS-OCR\images\20251029\172.25.1.78-5555
2025-10-31 18:49:30.356 | INFO     | __main__:process_images:162 - 处理图片: data_overview#各位姨姨们好#1761891917.png, 日期: 20251029, 设备: 172.25.1.78-5555
2025-10-31 18:49:30.483 | INFO     | __main__:process_images:197 - 正在处理: data_overview#各位姨姨们好#1761891917.png
2025-10-31 18:49:30.735 | INFO     | __main__:process_images:225 - 曝光数:508
2025-10-31 18:49:30.735 | INFO     | __main__:process_images:225 - 观看数:17.1%
2025-10-31 18:49:30.735 | INFO     | __main__:process_images:225 - 封面点击率:88
2025-10-31 18:49:30.735 | INFO     | __main__:process_images:225 - 平均观看时长:41.3
2025-10-31 18:49:30.735 | INFO     | __main__:process_images:225 - 涨粉数:0
2025-10-31 18:49:30.735 | INFO     | __main__:process_images:225 - 点赞数:3
2025-10-31 18:49:30.735 | INFO     | __main__:process_images:225 - 评论数:6
2025-10-31 18:49:30.735 | INFO     | __main__:process_images:225 - 收藏数:0
2025-10-31 18:49:30.735 | INFO     | __main__:process_images:225 - 分享数:0
2025-10-31 18:49:30.742 | INFO     | __main__:process_images:162 - 处理图片: data_overview#小香风女孩报道#1761891703.png, 日期: 20251029, 设备: 172.25.1.78-5555
2025-10-31 18:49:30.891 | INFO     | __main__:process_images:197 - 正在处理: data_overview#小香风女孩报道#1761891703.png
2025-10-31 18:49:31.115 | INFO     | __main__:process_images:225 - 曝光数:430
2025-10-31 18:49:31.115 | INFO     | __main__:process_images:225 - 观看数:94
2025-10-31 18:49:31.115 | INFO     | __main__:process_images:225 - 封面点击率:18.6%
2025-10-31 18:49:31.115 | INFO     | __main__:process_images:225 - 平均观看时长:28.3
2025-10-31 18:49:31.115 | INFO     | __main__:process_images:225 - 涨粉数:0
2025-10-31 18:49:31.115 | INFO     | __main__:process_images:225 - 点赞数:2
2025-10-31 18:49:31.115 | INFO     | __main__:process_images:225 - 评论数:0
2025-10-31 18:49:31.115 | INFO     | __main__:process_images:225 - 收藏数:0
2025-10-31 18:49:31.115 | INFO     | __main__:process_images:225 - 分享数:1
2025-10-31 18:49:31.124 | INFO     | __main__:process_images:162 - 处理图片: data_overview#我的小甜心_zsiga嘎子姐#1761891806.png, 日期: 20251029, 设备: 172.25.1.78-5555
2025-10-31 18:49:31.279 | INFO     | __main__:process_images:197 - 正在处理: data_overview#我的小甜心_zsiga嘎子姐#1761891806.png
2025-10-31 18:49:31.454 | INFO     | __main__:process_images:225 - 曝光数:631
2025-10-31 18:49:31.455 | INFO     | __main__:process_images:225 - 观看数:84
2025-10-31 18:49:31.455 | INFO     | __main__:process_images:225 - 封面点击率:13.6%
2025-10-31 18:49:31.455 | INFO     | __main__:process_images:225 - 平均观看时长:17.1
2025-10-31 18:49:31.455 | INFO     | __main__:process_images:225 - 涨粉数:0
2025-10-31 18:49:31.455 | INFO     | __main__:process_images:225 - 点赞数:0
2025-10-31 18:49:31.455 | INFO     | __main__:process_images:225 - 评论数:1
2025-10-31 18:49:31.455 | INFO     | __main__:process_images:225 - 收藏数:0
2025-10-31 18:49:31.455 | WARNING  | __main__:process_images:229 - 识别到的数据个数不匹配，可能是截图位置发生变化或者截图不完整，可能需要重新制作蒙版
2025-10-31 18:49:31.455 | INFO     | __main__:process_images:162 - 处理图片: data_overview#朋友_别买了_你家里都快没地儿了#1761891916.png, 日期: 20251029, 设备: 172.25.1.78-5555
2025-10-31 18:49:31.598 | INFO     | __main__:process_images:197 - 正在处理: data_overview#朋友_别买了_你家里都快没地儿了#1761891916.png
2025-10-31 18:49:31.787 | INFO     | __main__:process_images:225 - 曝光数:214
2025-10-31 18:49:31.787 | INFO     | __main__:process_images:225 - 观看数:31
2025-10-31 18:49:31.787 | INFO     | __main__:process_images:225 - 封面点击率:13.6%
2025-10-31 18:49:31.787 | INFO     | __main__:process_images:225 - 平均观看时长:34
2025-10-31 18:49:31.787 | INFO     | __main__:process_images:225 - 涨粉数:0
2025-10-31 18:49:31.787 | INFO     | __main__:process_images:225 - 点赞数:0
2025-10-31 18:49:31.787 | INFO     | __main__:process_images:225 - 评论数:0
2025-10-31 18:49:31.787 | INFO     | __main__:process_images:225 - 收藏数:0
2025-10-31 18:49:31.787 | INFO     | __main__:process_images:225 - 分享数:0
2025-10-31 18:49:31.804 | INFO     | __main__:process_images:162 - 处理图片: data_overview100#咦她怎么长得跟我一样#1761891806.png, 日期: 20251029, 设备: 172.25.1.78-5555
2025-10-31 18:49:31.927 | INFO     | __main__:process_images:197 - 正在处理: data_overview100#咦她怎么长得跟我一样#1761891806.png
2025-10-31 18:49:32.106 | INFO     | __main__:process_images:225 - 观看数:1682
2025-10-31 18:49:32.106 | INFO     | __main__:process_images:225 - 封面点击率:272
2025-10-31 18:49:32.106 | INFO     | __main__:process_images:225 - 平均观看时长:15.9%
2025-10-31 18:49:32.106 | INFO     | __main__:process_images:225 - 曝光数:15.9
2025-10-31 18:49:32.106 | INFO     | __main__:process_images:225 - 涨粉数:0
2025-10-31 18:49:32.106 | INFO     | __main__:process_images:225 - 点赞数:11
2025-10-31 18:49:32.106 | INFO     | __main__:process_images:225 - 评论数:3
2025-10-31 18:49:32.106 | INFO     | __main__:process_images:225 - 收藏数:1
2025-10-31 18:49:32.106 | INFO     | __main__:process_images:225 - 分享数:4
2025-10-31 18:49:32.114 | INFO     | __main__:process_images:162 - 处理图片: data_overview100#嘎子姐今日ootd#1761891703.png, 日期: 20251029, 设备: 172.25.1.78-5555
2025-10-31 18:49:32.244 | INFO     | __main__:process_images:197 - 正在处理: data_overview100#嘎子姐今日ootd#1761891703.png
2025-10-31 18:49:32.433 | INFO     | __main__:process_images:225 - 观看数:1121
2025-10-31 18:49:32.433 | INFO     | __main__:process_images:225 - 封面点击率:154
2025-10-31 18:49:32.433 | INFO     | __main__:process_images:225 - 平均观看时长:13.4%
2025-10-31 18:49:32.433 | INFO     | __main__:process_images:225 - 曝光数:39.2
2025-10-31 18:49:32.433 | INFO     | __main__:process_images:225 - 涨粉数:0
2025-10-31 18:49:32.433 | INFO     | __main__:process_images:225 - 点赞数:2
2025-10-31 18:49:32.433 | INFO     | __main__:process_images:225 - 评论数:2
2025-10-31 18:49:32.433 | INFO     | __main__:process_images:225 - 收藏数:2
2025-10-31 18:49:32.434 | INFO     | __main__:process_images:225 - 分享数:2
2025-10-31 18:49:32.443 | INFO     | __main__:process_images:162 - 处理图片: profile_page#user_profile#1761891805.png, 日期: 20251029, 设备: 172.25.1.78-5555
2025-10-31 18:49:32.589 | INFO     | __main__:process_images:197 - 正在处理: profile_page#user_profile#1761891805.png
2025-10-31 18:49:32.750 | INFO     | __main__:process_images:225 - 粉丝数:0
