2025-10-31 18:41:30.694 | INFO     | __main__:process_images:103 - 初始化OCR成功，进程号为29068
2025-10-31 18:41:30.694 | INFO     | __main__:process_images:114 - 最近3天日期: ['20251031', '20251030', '20251029']
2025-10-31 18:41:30.694 | INFO     | __main__:process_images:115 - 开始扫描ocr目录：D:\PycharmProjects\XHS-OCR\images
2025-10-31 18:41:30.694 | INFO     | __main__:process_images:126 - 扫描目录: D:\PycharmProjects\XHS-OCR\images, 包含最近日期: False
2025-10-31 18:41:30.694 | INFO     | __main__:process_images:126 - 扫描目录: D:\PycharmProjects\XHS-OCR\images\20251029, 包含最近日期: True
2025-10-31 18:41:30.694 | INFO     | __main__:process_images:137 - 处理最近3天的目录: D:\PycharmProjects\XHS-OCR\images\20251029
2025-10-31 18:41:30.694 | INFO     | __main__:process_images:126 - 扫描目录: D:\PycharmProjects\XHS-OCR\images\20251029\172.25.1.78-5555, 包含最近日期: True
2025-10-31 18:41:30.694 | INFO     | __main__:process_images:137 - 处理最近3天的目录: D:\PycharmProjects\XHS-OCR\images\20251029\172.25.1.78-5555
2025-10-31 18:41:30.694 | INFO     | __main__:process_images:162 - 处理图片: data_overview#各位姨姨们好#1761891917.png, 日期: 20251029, 设备: 172.25.1.78-5555
2025-10-31 18:41:30.866 | INFO     | __main__:process_images:196 - 正在处理: data_overview#各位姨姨们好#1761891917.png
2025-10-31 18:41:31.153 | INFO     | __main__:process_images:219 - 0:88
2025-10-31 18:41:31.153 | INFO     | __main__:process_images:221 - 曝光数:88
2025-10-31 18:41:31.153 | INFO     | __main__:process_images:219 - 1:17.1%
2025-10-31 18:41:31.153 | INFO     | __main__:process_images:221 - 观看数:17.1%
2025-10-31 18:41:31.153 | INFO     | __main__:process_images:219 - 2:41.3
2025-10-31 18:41:31.155 | INFO     | __main__:process_images:221 - 封面点击率:41.3
2025-10-31 18:41:31.155 | INFO     | __main__:process_images:219 - 3:508
2025-10-31 18:41:31.155 | INFO     | __main__:process_images:221 - 平均观看时长:508
2025-10-31 18:41:31.155 | INFO     | __main__:process_images:219 - 4:0
2025-10-31 18:41:31.155 | INFO     | __main__:process_images:221 - 涨粉数:0
2025-10-31 18:41:31.155 | INFO     | __main__:process_images:219 - 5:3
2025-10-31 18:41:31.155 | INFO     | __main__:process_images:221 - 点赞数:3
2025-10-31 18:41:31.155 | INFO     | __main__:process_images:219 - 6:6
2025-10-31 18:41:31.155 | INFO     | __main__:process_images:221 - 评论数:6
2025-10-31 18:41:31.155 | INFO     | __main__:process_images:219 - 7:0
2025-10-31 18:41:31.155 | INFO     | __main__:process_images:221 - 收藏数:0
2025-10-31 18:41:31.155 | INFO     | __main__:process_images:219 - 8:0
2025-10-31 18:41:31.155 | INFO     | __main__:process_images:221 - 分享数:0
2025-10-31 18:41:31.224 | INFO     | __main__:process_images:162 - 处理图片: data_overview#小香风女孩报道#1761891703.png, 日期: 20251029, 设备: 172.25.1.78-5555
2025-10-31 18:41:31.332 | INFO     | __main__:process_images:196 - 正在处理: data_overview#小香风女孩报道#1761891703.png
2025-10-31 18:41:31.529 | INFO     | __main__:process_images:219 - 0:430
2025-10-31 18:41:31.529 | INFO     | __main__:process_images:221 - 曝光数:430
2025-10-31 18:41:31.529 | INFO     | __main__:process_images:219 - 1:94
2025-10-31 18:41:31.529 | INFO     | __main__:process_images:221 - 观看数:94
2025-10-31 18:41:31.529 | INFO     | __main__:process_images:219 - 2:18.6%
2025-10-31 18:41:31.529 | INFO     | __main__:process_images:221 - 封面点击率:18.6%
2025-10-31 18:41:31.529 | INFO     | __main__:process_images:219 - 3:28.3
2025-10-31 18:41:31.530 | INFO     | __main__:process_images:221 - 平均观看时长:28.3
2025-10-31 18:41:31.530 | INFO     | __main__:process_images:219 - 4:0
2025-10-31 18:41:31.530 | INFO     | __main__:process_images:221 - 涨粉数:0
2025-10-31 18:41:31.530 | INFO     | __main__:process_images:219 - 5:2
2025-10-31 18:41:31.530 | INFO     | __main__:process_images:221 - 点赞数:2
2025-10-31 18:41:31.530 | INFO     | __main__:process_images:219 - 6:0
2025-10-31 18:41:31.530 | INFO     | __main__:process_images:221 - 评论数:0
2025-10-31 18:41:31.530 | INFO     | __main__:process_images:219 - 7:0
2025-10-31 18:41:31.530 | INFO     | __main__:process_images:221 - 收藏数:0
2025-10-31 18:41:31.530 | INFO     | __main__:process_images:219 - 8:1
2025-10-31 18:41:31.530 | INFO     | __main__:process_images:221 - 分享数:1
2025-10-31 18:41:31.557 | INFO     | __main__:process_images:162 - 处理图片: data_overview#我的小甜心_zsiga嘎子姐#1761891806.png, 日期: 20251029, 设备: 172.25.1.78-5555
2025-10-31 18:41:31.677 | INFO     | __main__:process_images:196 - 正在处理: data_overview#我的小甜心_zsiga嘎子姐#1761891806.png
2025-10-31 18:41:31.860 | INFO     | __main__:process_images:219 - 0:631
2025-10-31 18:41:31.860 | INFO     | __main__:process_images:221 - 曝光数:631
2025-10-31 18:41:31.860 | INFO     | __main__:process_images:219 - 1:84
2025-10-31 18:41:31.860 | INFO     | __main__:process_images:221 - 观看数:84
2025-10-31 18:41:31.860 | INFO     | __main__:process_images:219 - 2:13.6%
2025-10-31 18:41:31.860 | INFO     | __main__:process_images:221 - 封面点击率:13.6%
2025-10-31 18:41:31.860 | INFO     | __main__:process_images:219 - 3:17.1
2025-10-31 18:41:31.861 | INFO     | __main__:process_images:221 - 平均观看时长:17.1
2025-10-31 18:41:31.861 | INFO     | __main__:process_images:219 - 4:0
2025-10-31 18:41:31.861 | INFO     | __main__:process_images:221 - 涨粉数:0
2025-10-31 18:41:31.861 | INFO     | __main__:process_images:219 - 5:0
2025-10-31 18:41:31.861 | INFO     | __main__:process_images:221 - 点赞数:0
2025-10-31 18:41:31.861 | INFO     | __main__:process_images:219 - 6:1
2025-10-31 18:41:31.861 | INFO     | __main__:process_images:221 - 评论数:1
2025-10-31 18:41:31.861 | INFO     | __main__:process_images:219 - 7:1
2025-10-31 18:41:31.861 | INFO     | __main__:process_images:221 - 收藏数:1
2025-10-31 18:41:31.861 | INFO     | __main__:process_images:219 - 8:0
2025-10-31 18:41:31.861 | INFO     | __main__:process_images:221 - 分享数:0
2025-10-31 18:41:31.872 | INFO     | __main__:process_images:162 - 处理图片: data_overview#朋友_别买了_你家里都快没地儿了#1761891916.png, 日期: 20251029, 设备: 172.25.1.78-5555
2025-10-31 18:41:31.996 | INFO     | __main__:process_images:196 - 正在处理: data_overview#朋友_别买了_你家里都快没地儿了#1761891916.png
2025-10-31 18:41:32.179 | INFO     | __main__:process_images:219 - 0:214
2025-10-31 18:41:32.179 | INFO     | __main__:process_images:221 - 曝光数:214
2025-10-31 18:41:32.179 | INFO     | __main__:process_images:219 - 1:31
2025-10-31 18:41:32.179 | INFO     | __main__:process_images:221 - 观看数:31
2025-10-31 18:41:32.179 | INFO     | __main__:process_images:219 - 2:13.6%
2025-10-31 18:41:32.179 | INFO     | __main__:process_images:221 - 封面点击率:13.6%
2025-10-31 18:41:32.179 | INFO     | __main__:process_images:219 - 3:34
2025-10-31 18:41:32.179 | INFO     | __main__:process_images:221 - 平均观看时长:34
2025-10-31 18:41:32.179 | INFO     | __main__:process_images:219 - 4:0
2025-10-31 18:41:32.179 | INFO     | __main__:process_images:221 - 涨粉数:0
2025-10-31 18:41:32.179 | INFO     | __main__:process_images:219 - 5:0
2025-10-31 18:41:32.179 | INFO     | __main__:process_images:221 - 点赞数:0
2025-10-31 18:41:32.179 | INFO     | __main__:process_images:219 - 6:0
2025-10-31 18:41:32.179 | INFO     | __main__:process_images:221 - 评论数:0
2025-10-31 18:41:32.180 | INFO     | __main__:process_images:219 - 7:0
2025-10-31 18:41:32.180 | INFO     | __main__:process_images:221 - 收藏数:0
2025-10-31 18:41:32.180 | INFO     | __main__:process_images:219 - 8:0
2025-10-31 18:41:32.180 | INFO     | __main__:process_images:221 - 分享数:0
2025-10-31 18:41:32.198 | INFO     | __main__:process_images:162 - 处理图片: data_overview100#咦她怎么长得跟我一样#1761891806.png, 日期: 20251029, 设备: 172.25.1.78-5555
2025-10-31 18:41:32.321 | INFO     | __main__:process_images:196 - 正在处理: data_overview100#咦她怎么长得跟我一样#1761891806.png
2025-10-31 18:41:32.496 | INFO     | __main__:process_images:219 - 0:1682
2025-10-31 18:41:32.497 | INFO     | __main__:process_images:221 - 观看数:1682
2025-10-31 18:41:32.497 | INFO     | __main__:process_images:219 - 1:272
2025-10-31 18:41:32.497 | INFO     | __main__:process_images:221 - 封面点击率:272
2025-10-31 18:41:32.497 | INFO     | __main__:process_images:219 - 2:15.9%
2025-10-31 18:41:32.497 | INFO     | __main__:process_images:221 - 平均观看时长:15.9%
2025-10-31 18:41:32.497 | INFO     | __main__:process_images:219 - 3:15.9
2025-10-31 18:41:32.497 | INFO     | __main__:process_images:221 - 曝光数:15.9
2025-10-31 18:41:32.497 | INFO     | __main__:process_images:219 - 4:0
2025-10-31 18:41:32.497 | INFO     | __main__:process_images:221 - 涨粉数:0
2025-10-31 18:41:32.497 | INFO     | __main__:process_images:219 - 5:11
2025-10-31 18:41:32.497 | INFO     | __main__:process_images:221 - 点赞数:11
2025-10-31 18:41:32.497 | INFO     | __main__:process_images:219 - 6:3
2025-10-31 18:41:32.497 | INFO     | __main__:process_images:221 - 评论数:3
2025-10-31 18:41:32.497 | INFO     | __main__:process_images:219 - 7:1
2025-10-31 18:41:32.497 | INFO     | __main__:process_images:221 - 收藏数:1
2025-10-31 18:41:32.498 | INFO     | __main__:process_images:219 - 8:4
2025-10-31 18:41:32.498 | INFO     | __main__:process_images:221 - 分享数:4
2025-10-31 18:41:32.509 | INFO     | __main__:process_images:162 - 处理图片: data_overview100#嘎子姐今日ootd#1761891703.png, 日期: 20251029, 设备: 172.25.1.78-5555
2025-10-31 18:41:32.624 | INFO     | __main__:process_images:196 - 正在处理: data_overview100#嘎子姐今日ootd#1761891703.png
2025-10-31 18:41:32.817 | INFO     | __main__:process_images:219 - 0:1121
2025-10-31 18:41:32.817 | INFO     | __main__:process_images:221 - 观看数:1121
2025-10-31 18:41:32.817 | INFO     | __main__:process_images:219 - 1:154
2025-10-31 18:41:32.817 | INFO     | __main__:process_images:221 - 封面点击率:154
2025-10-31 18:41:32.817 | INFO     | __main__:process_images:219 - 2:13.4%
2025-10-31 18:41:32.817 | INFO     | __main__:process_images:221 - 平均观看时长:13.4%
2025-10-31 18:41:32.817 | INFO     | __main__:process_images:219 - 3:39.2
2025-10-31 18:41:32.817 | INFO     | __main__:process_images:221 - 曝光数:39.2
2025-10-31 18:41:32.817 | INFO     | __main__:process_images:219 - 4:0
2025-10-31 18:41:32.817 | INFO     | __main__:process_images:221 - 涨粉数:0
2025-10-31 18:41:32.817 | INFO     | __main__:process_images:219 - 5:2
2025-10-31 18:41:32.817 | INFO     | __main__:process_images:221 - 点赞数:2
2025-10-31 18:41:32.817 | INFO     | __main__:process_images:219 - 6:2
2025-10-31 18:41:32.817 | INFO     | __main__:process_images:221 - 评论数:2
2025-10-31 18:41:32.817 | INFO     | __main__:process_images:219 - 7:2
2025-10-31 18:41:32.817 | INFO     | __main__:process_images:221 - 收藏数:2
2025-10-31 18:41:32.817 | INFO     | __main__:process_images:219 - 8:2
2025-10-31 18:41:32.817 | INFO     | __main__:process_images:221 - 分享数:2
2025-10-31 18:41:32.833 | INFO     | __main__:process_images:162 - 处理图片: profile_page#user_profile#1761891805.png, 日期: 20251029, 设备: 172.25.1.78-5555
2025-10-31 18:41:32.973 | INFO     | __main__:process_images:196 - 正在处理: profile_page#user_profile#1761891805.png
2025-10-31 18:41:33.133 | INFO     | __main__:process_images:219 - 0:0
2025-10-31 18:41:33.133 | INFO     | __main__:process_images:221 - 点赞数:0
2025-10-31 18:41:33.133 | INFO     | __main__:process_images:219 - 1:7
2025-10-31 18:41:33.133 | INFO     | __main__:process_images:221 - 关注数:7
2025-10-31 18:41:33.133 | INFO     | __main__:process_images:219 - 2:27
2025-10-31 18:41:33.133 | INFO     | __main__:process_images:221 - 粉丝数:27
2025-10-31 18:41:33.133 | INFO     | __main__:process_images:219 - 3:关注
