2025-10-31 16:24:23.461 | INFO     | __main__:process_images:103 - 初始化OCR成功，进程号为1648
2025-10-31 16:24:23.462 | INFO     | __main__:process_images:114 - 最近3天日期: ['20251031', '20251030', '20251029']
2025-10-31 16:24:23.462 | INFO     | __main__:process_images:115 - 开始扫描ocr目录：D:\PycharmProjects\XHS-OCR\images
2025-10-31 16:24:23.462 | INFO     | __main__:process_images:126 - 扫描目录: D:\PycharmProjects\XHS-OCR\images, 包含最近日期: False
2025-10-31 16:24:23.462 | INFO     | __main__:process_images:126 - 扫描目录: D:\PycharmProjects\XHS-OCR\images\20251029, 包含最近日期: True
2025-10-31 16:24:23.462 | INFO     | __main__:process_images:137 - 处理最近3天的目录: D:\PycharmProjects\XHS-OCR\images\20251029
2025-10-31 16:24:23.471 | INFO     | __main__:process_images:126 - 扫描目录: D:\PycharmProjects\XHS-OCR\images\20251029\172.25.1.78-5555, 包含最近日期: True
2025-10-31 16:24:23.471 | INFO     | __main__:process_images:137 - 处理最近3天的目录: D:\PycharmProjects\XHS-OCR\images\20251029\172.25.1.78-5555
2025-10-31 16:24:23.472 | INFO     | __main__:process_images:162 - 处理图片: data_overview#各位姨姨们好#1761891917.png, 日期: 20251029, 设备: 172.25.1.78-5555
2025-10-31 16:24:23.644 | INFO     | __main__:process_images:196 - 正在处理: data_overview#各位姨姨们好#1761891917.png
2025-10-31 16:24:23.909 | INFO     | __main__:process_images:220 - 曝光数:88
2025-10-31 16:24:23.910 | INFO     | __main__:process_images:220 - 观看数:17.1%
2025-10-31 16:24:23.910 | INFO     | __main__:process_images:220 - 封面点击率:41.3
2025-10-31 16:24:23.910 | INFO     | __main__:process_images:220 - 平均观看时长:508
2025-10-31 16:24:23.910 | INFO     | __main__:process_images:220 - 涨粉数:0
2025-10-31 16:24:23.910 | INFO     | __main__:process_images:220 - 点赞数:3
2025-10-31 16:24:23.910 | INFO     | __main__:process_images:220 - 评论数:6
2025-10-31 16:24:23.910 | INFO     | __main__:process_images:220 - 收藏数:0
2025-10-31 16:24:23.910 | INFO     | __main__:process_images:220 - 分享数:0
2025-10-31 16:24:23.931 | INFO     | __main__:process_images:162 - 处理图片: data_overview#小香风女孩报道#1761891703.png, 日期: 20251029, 设备: 172.25.1.78-5555
2025-10-31 16:24:24.052 | INFO     | __main__:process_images:196 - 正在处理: data_overview#小香风女孩报道#1761891703.png
2025-10-31 16:24:24.226 | INFO     | __main__:process_images:220 - 曝光数:430
2025-10-31 16:24:24.226 | INFO     | __main__:process_images:220 - 观看数:94
2025-10-31 16:24:24.226 | INFO     | __main__:process_images:220 - 封面点击率:18.6%
2025-10-31 16:24:24.226 | INFO     | __main__:process_images:220 - 平均观看时长:28.3
2025-10-31 16:24:24.226 | INFO     | __main__:process_images:220 - 涨粉数:0
2025-10-31 16:24:24.226 | INFO     | __main__:process_images:220 - 点赞数:2
2025-10-31 16:24:24.227 | INFO     | __main__:process_images:220 - 评论数:0
2025-10-31 16:24:24.227 | INFO     | __main__:process_images:220 - 收藏数:0
2025-10-31 16:24:24.227 | INFO     | __main__:process_images:220 - 分享数:1
2025-10-31 16:24:24.236 | INFO     | __main__:process_images:162 - 处理图片: data_overview#我的小甜心_zsiga嘎子姐#1761891806.png, 日期: 20251029, 设备: 172.25.1.78-5555
2025-10-31 16:24:24.358 | INFO     | __main__:process_images:196 - 正在处理: data_overview#我的小甜心_zsiga嘎子姐#1761891806.png
2025-10-31 16:24:24.547 | INFO     | __main__:process_images:220 - 曝光数:631
2025-10-31 16:24:24.547 | INFO     | __main__:process_images:220 - 观看数:84
2025-10-31 16:24:24.547 | INFO     | __main__:process_images:220 - 封面点击率:13.6%
2025-10-31 16:24:24.547 | INFO     | __main__:process_images:220 - 平均观看时长:17.1
2025-10-31 16:24:24.547 | INFO     | __main__:process_images:220 - 涨粉数:0
2025-10-31 16:24:24.547 | INFO     | __main__:process_images:220 - 点赞数:0
2025-10-31 16:24:24.547 | INFO     | __main__:process_images:220 - 评论数:1
2025-10-31 16:24:24.547 | INFO     | __main__:process_images:220 - 收藏数:1
2025-10-31 16:24:24.547 | INFO     | __main__:process_images:220 - 分享数:0
2025-10-31 16:24:24.565 | INFO     | __main__:process_images:162 - 处理图片: data_overview#朋友_别买了_你家里都快没地儿了#1761891916.png, 日期: 20251029, 设备: 172.25.1.78-5555
2025-10-31 16:24:24.693 | INFO     | __main__:process_images:196 - 正在处理: data_overview#朋友_别买了_你家里都快没地儿了#1761891916.png
2025-10-31 16:24:24.874 | INFO     | __main__:process_images:220 - 曝光数:214
2025-10-31 16:24:24.874 | INFO     | __main__:process_images:220 - 观看数:31
2025-10-31 16:24:24.874 | INFO     | __main__:process_images:220 - 封面点击率:13.6%
2025-10-31 16:24:24.874 | INFO     | __main__:process_images:220 - 平均观看时长:34
2025-10-31 16:24:24.874 | INFO     | __main__:process_images:220 - 涨粉数:0
2025-10-31 16:24:24.874 | INFO     | __main__:process_images:220 - 点赞数:0
2025-10-31 16:24:24.874 | INFO     | __main__:process_images:220 - 评论数:0
2025-10-31 16:24:24.874 | INFO     | __main__:process_images:220 - 收藏数:0
2025-10-31 16:24:24.874 | INFO     | __main__:process_images:220 - 分享数:0
2025-10-31 16:24:24.893 | INFO     | __main__:process_images:162 - 处理图片: data_overview100#咦她怎么长得跟我一样#1761891806.png, 日期: 20251029, 设备: 172.25.1.78-5555
2025-10-31 16:24:25.023 | INFO     | __main__:process_images:196 - 正在处理: data_overview100#咦她怎么长得跟我一样#1761891806.png
2025-10-31 16:24:25.213 | INFO     | __main__:process_images:220 - 观看数:1682
2025-10-31 16:24:25.213 | INFO     | __main__:process_images:220 - 封面点击率:272
2025-10-31 16:24:25.213 | INFO     | __main__:process_images:220 - 平均观看时长:15.9%
2025-10-31 16:24:25.214 | INFO     | __main__:process_images:220 - 曝光数:15.9
2025-10-31 16:24:25.214 | INFO     | __main__:process_images:220 - 涨粉数:0
2025-10-31 16:24:25.214 | INFO     | __main__:process_images:220 - 点赞数:11
2025-10-31 16:24:25.214 | INFO     | __main__:process_images:220 - 评论数:3
2025-10-31 16:24:25.214 | INFO     | __main__:process_images:220 - 收藏数:1
2025-10-31 16:24:25.214 | INFO     | __main__:process_images:220 - 分享数:4
2025-10-31 16:24:25.231 | INFO     | __main__:process_images:162 - 处理图片: data_overview100#嘎子姐今日ootd#1761891703.png, 日期: 20251029, 设备: 172.25.1.78-5555
2025-10-31 16:24:25.362 | INFO     | __main__:process_images:196 - 正在处理: data_overview100#嘎子姐今日ootd#1761891703.png
2025-10-31 16:24:25.542 | INFO     | __main__:process_images:220 - 观看数:1121
2025-10-31 16:24:25.542 | INFO     | __main__:process_images:220 - 封面点击率:154
2025-10-31 16:24:25.542 | INFO     | __main__:process_images:220 - 平均观看时长:13.4%
2025-10-31 16:24:25.542 | INFO     | __main__:process_images:220 - 曝光数:39.2
2025-10-31 16:24:25.542 | INFO     | __main__:process_images:220 - 涨粉数:0
2025-10-31 16:24:25.542 | INFO     | __main__:process_images:220 - 点赞数:2
2025-10-31 16:24:25.542 | INFO     | __main__:process_images:220 - 评论数:2
2025-10-31 16:24:25.542 | INFO     | __main__:process_images:220 - 收藏数:2
2025-10-31 16:24:25.542 | INFO     | __main__:process_images:220 - 分享数:2
2025-10-31 16:24:25.559 | INFO     | __main__:process_images:162 - 处理图片: profile_page#user_profile#1761891805.png, 日期: 20251029, 设备: 172.25.1.78-5555
2025-10-31 16:24:25.694 | INFO     | __main__:process_images:196 - 正在处理: profile_page#user_profile#1761891805.png
2025-10-31 16:24:25.850 | INFO     | __main__:process_images:220 - 点赞数:27
2025-10-31 16:24:25.850 | INFO     | __main__:process_images:220 - 关注数:0
2025-10-31 16:24:25.850 | INFO     | __main__:process_images:220 - 粉丝数:关注
