2025-10-31 18:48:09.319 | INFO     | __main__:process_images:103 - 初始化OCR成功，进程号为38360
2025-10-31 18:48:09.320 | INFO     | __main__:process_images:114 - 最近3天日期: ['20251031', '20251030', '20251029']
2025-10-31 18:48:09.320 | INFO     | __main__:process_images:115 - 开始扫描ocr目录：D:\PycharmProjects\XHS-OCR\images
2025-10-31 18:48:09.320 | INFO     | __main__:process_images:126 - 扫描目录: D:\PycharmProjects\XHS-OCR\images, 包含最近日期: False
2025-10-31 18:48:09.320 | INFO     | __main__:process_images:126 - 扫描目录: D:\PycharmProjects\XHS-OCR\images\20251029, 包含最近日期: True
2025-10-31 18:48:09.320 | INFO     | __main__:process_images:137 - 处理最近3天的目录: D:\PycharmProjects\XHS-OCR\images\20251029
2025-10-31 18:48:09.320 | INFO     | __main__:process_images:126 - 扫描目录: D:\PycharmProjects\XHS-OCR\images\20251029\172.25.1.78-5555, 包含最近日期: True
2025-10-31 18:48:09.320 | INFO     | __main__:process_images:137 - 处理最近3天的目录: D:\PycharmProjects\XHS-OCR\images\20251029\172.25.1.78-5555
2025-10-31 18:48:09.320 | INFO     | __main__:process_images:162 - 处理图片: data_overview#各位姨姨们好#1761891917.png, 日期: 20251029, 设备: 172.25.1.78-5555
2025-10-31 18:48:09.449 | INFO     | __main__:process_images:196 - 正在处理: data_overview#各位姨姨们好#1761891917.png
2025-10-31 18:48:09.741 | INFO     | __main__:process_images:224 - 曝光数:508
2025-10-31 18:48:09.742 | INFO     | __main__:process_images:224 - 观看数:17.1%
2025-10-31 18:48:09.742 | INFO     | __main__:process_images:224 - 封面点击率:88
2025-10-31 18:48:09.742 | INFO     | __main__:process_images:224 - 平均观看时长:41.3
2025-10-31 18:48:09.742 | INFO     | __main__:process_images:224 - 涨粉数:0
2025-10-31 18:48:09.742 | INFO     | __main__:process_images:224 - 点赞数:3
2025-10-31 18:48:09.742 | INFO     | __main__:process_images:224 - 评论数:6
2025-10-31 18:48:09.742 | INFO     | __main__:process_images:224 - 收藏数:0
2025-10-31 18:48:09.742 | INFO     | __main__:process_images:224 - 分享数:0
2025-10-31 18:48:09.753 | INFO     | __main__:process_images:162 - 处理图片: data_overview#小香风女孩报道#1761891703.png, 日期: 20251029, 设备: 172.25.1.78-5555
2025-10-31 18:48:09.871 | INFO     | __main__:process_images:196 - 正在处理: data_overview#小香风女孩报道#1761891703.png
2025-10-31 18:48:10.052 | INFO     | __main__:process_images:224 - 曝光数:430
2025-10-31 18:48:10.052 | INFO     | __main__:process_images:224 - 观看数:94
2025-10-31 18:48:10.052 | INFO     | __main__:process_images:224 - 封面点击率:18.6%
2025-10-31 18:48:10.052 | INFO     | __main__:process_images:224 - 平均观看时长:28.3
2025-10-31 18:48:10.053 | INFO     | __main__:process_images:224 - 涨粉数:0
2025-10-31 18:48:10.053 | INFO     | __main__:process_images:224 - 点赞数:2
2025-10-31 18:48:10.053 | INFO     | __main__:process_images:224 - 评论数:0
2025-10-31 18:48:10.053 | INFO     | __main__:process_images:224 - 收藏数:0
2025-10-31 18:48:10.053 | INFO     | __main__:process_images:224 - 分享数:1
2025-10-31 18:48:10.070 | INFO     | __main__:process_images:162 - 处理图片: data_overview#我的小甜心_zsiga嘎子姐#1761891806.png, 日期: 20251029, 设备: 172.25.1.78-5555
2025-10-31 18:48:10.182 | INFO     | __main__:process_images:196 - 正在处理: data_overview#我的小甜心_zsiga嘎子姐#1761891806.png
2025-10-31 18:48:10.380 | INFO     | __main__:process_images:224 - 曝光数:631
2025-10-31 18:48:10.380 | INFO     | __main__:process_images:224 - 观看数:84
2025-10-31 18:48:10.380 | INFO     | __main__:process_images:224 - 封面点击率:13.6%
2025-10-31 18:48:10.380 | INFO     | __main__:process_images:224 - 平均观看时长:17.1
2025-10-31 18:48:10.381 | INFO     | __main__:process_images:224 - 涨粉数:0
2025-10-31 18:48:10.381 | INFO     | __main__:process_images:224 - 点赞数:0
2025-10-31 18:48:10.381 | INFO     | __main__:process_images:224 - 评论数:1
2025-10-31 18:48:10.381 | INFO     | __main__:process_images:224 - 收藏数:0
2025-10-31 18:48:10.381 | INFO     | __main__:process_images:224 - 分享数:1
2025-10-31 18:48:10.397 | INFO     | __main__:process_images:162 - 处理图片: data_overview#朋友_别买了_你家里都快没地儿了#1761891916.png, 日期: 20251029, 设备: 172.25.1.78-5555
2025-10-31 18:48:10.508 | INFO     | __main__:process_images:196 - 正在处理: data_overview#朋友_别买了_你家里都快没地儿了#1761891916.png
2025-10-31 18:48:10.688 | INFO     | __main__:process_images:224 - 曝光数:214
2025-10-31 18:48:10.688 | INFO     | __main__:process_images:224 - 观看数:31
2025-10-31 18:48:10.688 | INFO     | __main__:process_images:224 - 封面点击率:13.6%
2025-10-31 18:48:10.689 | INFO     | __main__:process_images:224 - 平均观看时长:34
2025-10-31 18:48:10.689 | INFO     | __main__:process_images:224 - 涨粉数:0
2025-10-31 18:48:10.689 | INFO     | __main__:process_images:224 - 点赞数:0
2025-10-31 18:48:10.689 | INFO     | __main__:process_images:224 - 评论数:0
2025-10-31 18:48:10.689 | INFO     | __main__:process_images:224 - 收藏数:0
2025-10-31 18:48:10.689 | INFO     | __main__:process_images:224 - 分享数:0
2025-10-31 18:48:10.698 | INFO     | __main__:process_images:162 - 处理图片: data_overview100#咦她怎么长得跟我一样#1761891806.png, 日期: 20251029, 设备: 172.25.1.78-5555
2025-10-31 18:48:10.836 | INFO     | __main__:process_images:196 - 正在处理: data_overview100#咦她怎么长得跟我一样#1761891806.png
2025-10-31 18:48:11.018 | INFO     | __main__:process_images:224 - 观看数:272
2025-10-31 18:48:11.018 | INFO     | __main__:process_images:224 - 封面点击率:15.9%
2025-10-31 18:48:11.018 | INFO     | __main__:process_images:224 - 平均观看时长:1682
2025-10-31 18:48:11.018 | INFO     | __main__:process_images:224 - 曝光数:15.9
2025-10-31 18:48:11.018 | INFO     | __main__:process_images:224 - 涨粉数:0
2025-10-31 18:48:11.018 | INFO     | __main__:process_images:224 - 点赞数:11
2025-10-31 18:48:11.018 | INFO     | __main__:process_images:224 - 评论数:3
2025-10-31 18:48:11.018 | INFO     | __main__:process_images:224 - 收藏数:1
2025-10-31 18:48:11.018 | INFO     | __main__:process_images:224 - 分享数:4
2025-10-31 18:48:11.027 | INFO     | __main__:process_images:162 - 处理图片: data_overview100#嘎子姐今日ootd#1761891703.png, 日期: 20251029, 设备: 172.25.1.78-5555
2025-10-31 18:48:11.145 | INFO     | __main__:process_images:196 - 正在处理: data_overview100#嘎子姐今日ootd#1761891703.png
2025-10-31 18:48:11.324 | INFO     | __main__:process_images:224 - 观看数:1121
2025-10-31 18:48:11.324 | INFO     | __main__:process_images:224 - 封面点击率:154
2025-10-31 18:48:11.324 | INFO     | __main__:process_images:224 - 平均观看时长:13.4%
2025-10-31 18:48:11.324 | INFO     | __main__:process_images:224 - 曝光数:39.2
2025-10-31 18:48:11.324 | INFO     | __main__:process_images:224 - 涨粉数:0
2025-10-31 18:48:11.324 | INFO     | __main__:process_images:224 - 点赞数:2
2025-10-31 18:48:11.324 | INFO     | __main__:process_images:224 - 评论数:2
2025-10-31 18:48:11.324 | INFO     | __main__:process_images:224 - 收藏数:2
2025-10-31 18:48:11.324 | INFO     | __main__:process_images:224 - 分享数:2
2025-10-31 18:48:11.334 | INFO     | __main__:process_images:162 - 处理图片: profile_page#user_profile#1761891805.png, 日期: 20251029, 设备: 172.25.1.78-5555
2025-10-31 18:48:11.467 | INFO     | __main__:process_images:196 - 正在处理: profile_page#user_profile#1761891805.png
2025-10-31 18:48:11.653 | INFO     | __main__:process_images:224 - 粉丝数:0
