2025-10-31 16:17:07.647 | INFO     | __main__:process_images:103 - 初始化OCR成功，进程号为11640
2025-10-31 16:17:07.648 | INFO     | __main__:process_images:114 - 最近3天日期: ['20251031', '20251030', '20251029']
2025-10-31 16:17:07.648 | INFO     | __main__:process_images:115 - 开始扫描ocr目录：D:\PycharmProjects\XHS-OCR\images
2025-10-31 16:17:07.648 | INFO     | __main__:process_images:126 - 扫描目录: D:\PycharmProjects\XHS-OCR\images, 包含最近日期: False
2025-10-31 16:17:07.649 | INFO     | __main__:process_images:126 - 扫描目录: D:\PycharmProjects\XHS-OCR\images\20251029, 包含最近日期: True
2025-10-31 16:17:07.649 | INFO     | __main__:process_images:137 - 处理最近3天的目录: D:\PycharmProjects\XHS-OCR\images\20251029
2025-10-31 16:17:07.657 | INFO     | __main__:process_images:126 - 扫描目录: D:\PycharmProjects\XHS-OCR\images\20251029\172.25.1.78-5555, 包含最近日期: True
2025-10-31 16:17:07.657 | INFO     | __main__:process_images:137 - 处理最近3天的目录: D:\PycharmProjects\XHS-OCR\images\20251029\172.25.1.78-5555
2025-10-31 16:17:07.657 | INFO     | __main__:process_images:162 - 处理图片: data_overview#小香风女孩报道#1761891703.png, 日期: 20251029, 设备: 172.25.1.78-5555
2025-10-31 16:17:07.805 | INFO     | __main__:process_images:197 - 正在处理: data_overview#小香风女孩报道#1761891703.png
2025-10-31 16:17:08.243 | INFO     | __main__:process_images:221 - 曝光数:430
2025-10-31 16:17:08.243 | INFO     | __main__:process_images:221 - 观看数:94
2025-10-31 16:17:08.243 | INFO     | __main__:process_images:221 - 封面点击率:18.6%
2025-10-31 16:17:08.243 | INFO     | __main__:process_images:221 - 平均观看时长:28.3
2025-10-31 16:17:08.244 | INFO     | __main__:process_images:221 - 涨粉数:0
2025-10-31 16:17:08.244 | INFO     | __main__:process_images:221 - 点赞数:2
2025-10-31 16:17:08.244 | INFO     | __main__:process_images:221 - 评论数:0
2025-10-31 16:17:08.244 | INFO     | __main__:process_images:221 - 收藏数:0
2025-10-31 16:17:08.244 | WARNING  | __main__:process_images:224 - 识别到的数据个数不匹配，可能是截图位置发生变化或者截图不完整，可能需要重新制作蒙版
2025-10-31 16:17:08.244 | INFO     | __main__:process_images:162 - 处理图片: data_overview#朋友_别买了_你家里都快没地儿了#1761891916.png, 日期: 20251029, 设备: 172.25.1.78-5555
2025-10-31 16:17:08.375 | INFO     | __main__:process_images:197 - 正在处理: data_overview#朋友_别买了_你家里都快没地儿了#1761891916.png
2025-10-31 16:17:08.551 | INFO     | __main__:process_images:221 - 曝光数:214
2025-10-31 16:17:08.551 | INFO     | __main__:process_images:221 - 观看数:31
2025-10-31 16:17:08.551 | INFO     | __main__:process_images:221 - 封面点击率:13.6%
2025-10-31 16:17:08.552 | INFO     | __main__:process_images:221 - 平均观看时长:34
2025-10-31 16:17:08.552 | INFO     | __main__:process_images:221 - 涨粉数:0
2025-10-31 16:17:08.552 | INFO     | __main__:process_images:221 - 点赞数:0
2025-10-31 16:17:08.552 | INFO     | __main__:process_images:221 - 评论数:0
2025-10-31 16:17:08.552 | INFO     | __main__:process_images:221 - 收藏数:0
2025-10-31 16:17:08.552 | INFO     | __main__:process_images:221 - 分享数:0
2025-10-31 16:17:08.570 | INFO     | __main__:process_images:162 - 处理图片: data_overview100#咦她怎么长得跟我一样#1761891806.png, 日期: 20251029, 设备: 172.25.1.78-5555
2025-10-31 16:17:08.704 | INFO     | __main__:process_images:197 - 正在处理: data_overview100#咦她怎么长得跟我一样#1761891806.png
2025-10-31 16:17:08.871 | INFO     | __main__:process_images:221 - 观看数:272
2025-10-31 16:17:08.871 | INFO     | __main__:process_images:221 - 封面点击率:15.9%
2025-10-31 16:17:08.871 | INFO     | __main__:process_images:221 - 平均观看时长:15.9
2025-10-31 16:17:08.871 | INFO     | __main__:process_images:221 - 曝光数:1682
2025-10-31 16:17:08.871 | INFO     | __main__:process_images:221 - 涨粉数:0
2025-10-31 16:17:08.871 | INFO     | __main__:process_images:221 - 点赞数:11
2025-10-31 16:17:08.871 | INFO     | __main__:process_images:221 - 评论数:3
2025-10-31 16:17:08.871 | INFO     | __main__:process_images:221 - 收藏数:4
2025-10-31 16:17:08.871 | WARNING  | __main__:process_images:224 - 识别到的数据个数不匹配，可能是截图位置发生变化或者截图不完整，可能需要重新制作蒙版
2025-10-31 16:17:08.872 | INFO     | __main__:process_images:162 - 处理图片: traffic_analysis#咦她怎么长得跟我一样#1761891760.png, 日期: 20251029, 设备: 172.25.1.78-5555
2025-10-31 16:17:08.991 | INFO     | __main__:process_images:197 - 正在处理: traffic_analysis#咦她怎么长得跟我一样#1761891760.png
2025-10-31 16:17:09.208 | INFO     | __main__:process_images:221 - 观看来源-首页推荐:78.4%
2025-10-31 16:17:09.208 | INFO     | __main__:process_images:221 - 观看来源-搜索:3.5%
2025-10-31 16:17:09.208 | INFO     | __main__:process_images:221 - 观看来源-关注页面:2.7%
2025-10-31 16:17:09.208 | INFO     | __main__:process_images:221 - 观看来源-其他来源:15.4%
2025-10-31 16:17:09.208 | INFO     | __main__:process_images:221 - 观看转化率:15.7%
2025-10-31 16:17:09.208 | INFO     | __main__:process_images:221 - 观看互动率:6.9%
2025-10-31 16:17:09.209 | INFO     | __main__:process_images:221 - 曝光数:1293
2025-10-31 16:17:09.209 | INFO     | __main__:process_images:221 - 观看数:203
2025-10-31 16:17:09.209 | INFO     | __main__:process_images:221 - 占总曝光:78.3%
2025-10-31 16:17:09.209 | INFO     | __main__:process_images:221 - 占总观看:78.4%
2025-10-31 16:17:09.209 | INFO     | __main__:process_images:221 - 平均观看时长:7.8
2025-10-31 16:17:09.209 | INFO     | __main__:process_images:221 - 点赞数:10
2025-10-31 16:17:09.209 | INFO     | __main__:process_images:221 - 评论数:3
2025-10-31 16:17:09.209 | WARNING  | __main__:process_images:224 - 识别到的数据个数不匹配，可能是截图位置发生变化或者截图不完整，可能需要重新制作蒙版
2025-10-31 16:17:09.209 | INFO     | __main__:process_images:126 - 扫描目录: D:\PycharmProjects\XHS-OCR\images\20251029\test, 包含最近日期: True
2025-10-31 16:17:09.209 | INFO     | __main__:process_images:137 - 处理最近3天的目录: D:\PycharmProjects\XHS-OCR\images\20251029\test
2025-10-31 16:17:09.209 | INFO     | __main__:process_images:162 - 处理图片: profile_page#user_profile#1761891806.png, 日期: 20251029, 设备: test
2025-10-31 16:17:09.333 | INFO     | __main__:process_images:197 - 正在处理: profile_page#user_profile#1761891806.png
2025-10-31 16:17:09.454 | INFO     | __main__:process_images:221 - 总关注数:14
2025-10-31 16:17:09.455 | WARNING  | __main__:process_images:224 - 识别到的数据个数不匹配，可能是截图位置发生变化或者截图不完整，可能需要重新制作蒙版
2025-10-31 16:17:09.455 | INFO     | __main__:process_images:247 - 程序结束。
