2025-10-31 15:50:35.921 | INFO     | __main__:process_images:45 - 初始化OCR成功，进程号为36288
2025-10-31 15:50:35.921 | INFO     | __main__:process_images:56 - 最近3天日期: ['20251031', '20251030', '20251029']
2025-10-31 15:50:35.921 | INFO     | __main__:process_images:57 - 开始扫描ocr目录：D:\PycharmProjects\XHS-OCR\images
2025-10-31 15:50:35.921 | INFO     | __main__:process_images:68 - 扫描目录: D:\PycharmProjects\XHS-OCR\images, 包含最近日期: False
2025-10-31 15:50:35.922 | INFO     | __main__:process_images:68 - 扫描目录: D:\PycharmProjects\XHS-OCR\images\20251029, 包含最近日期: True
2025-10-31 15:50:35.922 | INFO     | __main__:process_images:79 - 处理最近3天的目录: D:\PycharmProjects\XHS-OCR\images\20251029
2025-10-31 15:50:35.930 | INFO     | __main__:process_images:68 - 扫描目录: D:\PycharmProjects\XHS-OCR\images\20251029\172.25.1.78-5555, 包含最近日期: True
2025-10-31 15:50:35.930 | INFO     | __main__:process_images:79 - 处理最近3天的目录: D:\PycharmProjects\XHS-OCR\images\20251029\172.25.1.78-5555
2025-10-31 15:50:35.930 | INFO     | __main__:process_images:104 - 处理图片: data_overview#小香风女孩报道#1761891703.png, 日期: 20251029, 设备: 172.25.1.78-5555
2025-10-31 15:50:36.046 | INFO     | __main__:process_images:135 - 正在处理: data_overview#小香风女孩报道#1761891703.png
2025-10-31 15:50:36.795 | INFO     | __main__:process_images:161 - 曝光数:430
2025-10-31 15:50:36.795 | INFO     | __main__:process_images:161 - 观看数:94
2025-10-31 15:50:36.795 | INFO     | __main__:process_images:161 - 封面点击率:18.6%
2025-10-31 15:50:36.795 | INFO     | __main__:process_images:161 - 平均观看时长:28.3
2025-10-31 15:50:36.796 | INFO     | __main__:process_images:161 - 涨粉数:0
2025-10-31 15:50:36.796 | INFO     | __main__:process_images:161 - 点赞数:2
2025-10-31 15:50:36.796 | INFO     | __main__:process_images:161 - 评论数:0
2025-10-31 15:50:36.796 | INFO     | __main__:process_images:161 - 收藏数:0
2025-10-31 15:50:36.796 | INFO     | __main__:process_images:161 - 分享数:1
2025-10-31 15:50:36.886 | INFO     | __main__:process_images:104 - 处理图片: data_overview#朋友_别买了_你家里都快没地儿了#1761891916.png, 日期: 20251029, 设备: 172.25.1.78-5555
2025-10-31 15:50:37.000 | INFO     | __main__:process_images:135 - 正在处理: data_overview#朋友_别买了_你家里都快没地儿了#1761891916.png
2025-10-31 15:50:37.125 | INFO     | __main__:process_images:161 - 曝光数:214
2025-10-31 15:50:37.125 | INFO     | __main__:process_images:161 - 观看数:31
2025-10-31 15:50:37.125 | INFO     | __main__:process_images:161 - 封面点击率:13.6%
2025-10-31 15:50:37.125 | INFO     | __main__:process_images:161 - 平均观看时长:34
2025-10-31 15:50:37.125 | INFO     | __main__:process_images:161 - 涨粉数:0
2025-10-31 15:50:37.125 | INFO     | __main__:process_images:161 - 点赞数:0
2025-10-31 15:50:37.125 | INFO     | __main__:process_images:161 - 评论数:0
2025-10-31 15:50:37.125 | INFO     | __main__:process_images:161 - 收藏数:0
2025-10-31 15:50:37.125 | INFO     | __main__:process_images:161 - 分享数:0
2025-10-31 15:50:37.135 | INFO     | __main__:process_images:104 - 处理图片: data_overview100#咦她怎么长得跟我一样#1761891806.png, 日期: 20251029, 设备: 172.25.1.78-5555
2025-10-31 15:50:37.232 | INFO     | __main__:process_images:135 - 正在处理: data_overview100#咦她怎么长得跟我一样#1761891806.png
2025-10-31 15:50:37.381 | INFO     | __main__:process_images:161 - 观看数:1682
2025-10-31 15:50:37.381 | INFO     | __main__:process_images:161 - 封面点击率:272
2025-10-31 15:50:37.381 | INFO     | __main__:process_images:161 - 平均观看时长:15.9%
2025-10-31 15:50:37.381 | INFO     | __main__:process_images:161 - 曝光数:15.9
2025-10-31 15:50:37.381 | INFO     | __main__:process_images:161 - 涨粉数:0
2025-10-31 15:50:37.381 | INFO     | __main__:process_images:161 - 点赞数:11
2025-10-31 15:50:37.381 | INFO     | __main__:process_images:161 - 评论数:3
2025-10-31 15:50:37.381 | INFO     | __main__:process_images:161 - 收藏数:4
2025-10-31 15:50:37.381 | WARNING  | __main__:process_images:164 - 识别到的数据个数不匹配，可能是截图位置发生变化或者截图不完整，可能需要重新制作蒙版
2025-10-31 15:50:37.381 | INFO     | __main__:process_images:104 - 处理图片: profile_page#user_profile#1761891806.png, 日期: 20251029, 设备: 172.25.1.78-5555
2025-10-31 15:50:37.483 | INFO     | __main__:process_images:135 - 正在处理: profile_page#user_profile#1761891806.png
2025-10-31 15:50:37.584 | INFO     | __main__:process_images:161 - 总关注数:14
2025-10-31 15:50:37.585 | WARNING  | __main__:process_images:164 - 识别到的数据个数不匹配，可能是截图位置发生变化或者截图不完整，可能需要重新制作蒙版
2025-10-31 15:50:37.585 | INFO     | __main__:process_images:104 - 处理图片: traffic_analysis#咦她怎么长得跟我一样#1761891760.png, 日期: 20251029, 设备: 172.25.1.78-5555
2025-10-31 15:50:37.677 | INFO     | __main__:process_images:135 - 正在处理: traffic_analysis#咦她怎么长得跟我一样#1761891760.png
2025-10-31 15:50:37.847 | INFO     | __main__:process_images:161 - 观看来源-首页推荐:78.4%
2025-10-31 15:50:37.847 | INFO     | __main__:process_images:161 - 观看来源-搜索:3.5%
2025-10-31 15:50:37.847 | INFO     | __main__:process_images:161 - 观看来源-关注页面:2.7%
2025-10-31 15:50:37.847 | INFO     | __main__:process_images:161 - 观看来源-其他来源:15.4%
2025-10-31 15:50:37.848 | INFO     | __main__:process_images:161 - 观看转化率:15.7%
2025-10-31 15:50:37.848 | INFO     | __main__:process_images:161 - 观看互动率:6.9%
2025-10-31 15:50:37.848 | INFO     | __main__:process_images:161 - 曝光数:1293
2025-10-31 15:50:37.848 | INFO     | __main__:process_images:161 - 观看数:203
2025-10-31 15:50:37.848 | INFO     | __main__:process_images:161 - 占总曝光:78.3%
2025-10-31 15:50:37.848 | INFO     | __main__:process_images:161 - 占总观看:78.4%
2025-10-31 15:50:37.848 | INFO     | __main__:process_images:161 - 平均观看时长:7.8
2025-10-31 15:50:37.848 | INFO     | __main__:process_images:161 - 点赞数:10
2025-10-31 15:50:37.848 | INFO     | __main__:process_images:161 - 评论数:3
2025-10-31 15:50:37.848 | INFO     | __main__:process_images:161 - 收藏数:1
2025-10-31 15:50:37.865 | INFO     | __main__:process_images:68 - 扫描目录: D:\PycharmProjects\XHS-OCR\images\20251029\异常测试数据, 包含最近日期: True
2025-10-31 15:50:37.866 | INFO     | __main__:process_images:79 - 处理最近3天的目录: D:\PycharmProjects\XHS-OCR\images\20251029\异常测试数据
2025-10-31 15:50:37.866 | INFO     | __main__:process_images:104 - 处理图片: data_overview#来抄作业啦_欧美风运动装出街穿搭_来自CZXH搭配灵感_7赞_154阅读#1756276008.png, 日期: 20251029, 设备: 异常测试数据
2025-10-31 15:50:37.953 | INFO     | __main__:process_images:135 - 正在处理: data_overview#来抄作业啦_欧美风运动装出街穿搭_来自CZXH搭配灵感_7赞_154阅读#1756276008.png
2025-10-31 15:50:38.090 | INFO     | __main__:process_images:161 - 曝光数:封面点击率12.4%
2025-10-31 15:50:38.090 | INFO     | __main__:process_images:161 - 观看数:过68%同
2025-10-31 15:50:38.091 | INFO     | __main__:process_images:161 - 封面点击率:14.3
2025-10-31 15:50:38.091 | INFO     | __main__:process_images:161 - 平均观看时长:54.3%
2025-10-31 15:50:38.091 | INFO     | __main__:process_images:161 - 涨粉数:32.3%
2025-10-31 15:50:38.091 | INFO     | __main__:process_images:161 - 点赞数:1
2025-10-31 15:50:38.091 | WARNING  | __main__:process_images:164 - 识别到的数据个数不匹配，可能是截图位置发生变化或者截图不完整，可能需要重新制作蒙版
2025-10-31 15:50:38.091 | INFO     | __main__:process_images:104 - 处理图片: traffic_analysis#听我一句劝_运动女孩的夏天_不能没有这条_白月光_短裙_T网球穿搭T运动穿搭_来自CZXH搭配灵感_0赞_16阅读#1756275702.png, 日期: 20251029, 设备: 异常测试数据
2025-10-31 15:50:38.182 | INFO     | __main__:process_images:135 - 正在处理: traffic_analysis#听我一句劝_运动女孩的夏天_不能没有这条_白月光_短裙_T网球穿搭T运动穿搭_来自CZXH搭配灵感_0赞_16阅读#1756275702.png
2025-10-31 15:50:38.295 | ERROR    | __main__:process_images:139 - 识别失败: traffic_analysis#听我一句劝_运动女孩的夏天_不能没有这条_白月光_短裙_T网球穿搭T运动穿搭_来自CZXH搭配灵感_0赞_16阅读#1756275702.png，可能数据是空的
2025-10-31 15:50:38.295 | INFO     | __main__:process_images:186 - 程序结束。
