2025-11-13 12:05:15.699 | DEBUG    | db.merge_sync:sync_explore_data_merge_to_remote:52 - 使用数据库文件路径: D:\PycharmProjects\XHS-OCR\db\ocr_data.db
2025-11-13 12:05:15.700 | DEBUG    | db.merge_sync:sync_explore_data_merge_to_remote:69 - 数据库中已存在的表: ['s_xhs_note_data_overview_ocr', 'sqlite_sequence', 's_xhs_note_traffic_analysis_ocr', 's_xhs_user_info_ocr', 's_xhs_video_data_overview_bottom_ocr', 's_xhs_video_data_overview_top_ocr', 's_xhs_video_traffic_analysis_ocr', 's_xhs_video_data_overview_ocr']
2025-11-13 12:05:15.700 | INFO     | db.merge_sync:sync_explore_data_merge_to_remote:109 - 表 s_xhs_video_data_overview_top_ocr 查询到 1 行数据
2025-11-13 12:05:15.700 | DEBUG    | db.merge_sync:sync_explore_data_merge_to_remote:113 - 表 s_xhs_video_data_overview_top_ocr 前3行数据示例: [(2, '1894230222988058625', '172.25.1.41', '1944609540455948358', '这个嘎子姐的星星卡点太美萌了', 'http://xhslink.com/o/9lIlKBscMet', '20251112', '视频', '279', '59', '10.4%', '5.2', '16.3%', '49%', '0')]
2025-11-13 12:05:15.701 | INFO     | db.merge_sync:sync_explore_data_merge_to_remote:109 - 表 s_xhs_video_data_overview_bottom_ocr 查询到 1 行数据
2025-11-13 12:05:15.701 | DEBUG    | db.merge_sync:sync_explore_data_merge_to_remote:113 - 表 s_xhs_video_data_overview_bottom_ocr 前3行数据示例: [(1, '1894230222988058625', '172.25.1.41', '1944609540455948358', '这个嘎子姐的星星卡点太美萌了', 'http://xhslink.com/o/9lIlKBscMet', '20251112', '视频', '3', '0', '1', '0', '0')]
2025-11-13 12:05:15.701 | INFO     | db.merge_sync:sync_explore_data_merge_to_remote:120 - 开始进行 related 类型的数据融合，关联键: 账号ID, 设备IP, 采集日期, 链接
2025-11-13 12:05:15.701 | INFO     | db.merge_sync:sync_explore_data_merge_to_remote:121 - 融合后的表结构包含 20 列: ['收藏数', '分享数', '点赞数', '作品标题', '观看数', '封面点击率', '设备IP', '2秒退出率', '弹幕数', '数据来源', '账号ID', '涨粉数', '采集日期', '数据ID', '链接', '平均观看时长', '完播率', '评论数', '曝光数', '内容类型']
2025-11-13 12:05:15.701 | INFO     | db.merge_sync:merge_table_data_related:234 - 关联融合完成，共关联 1 个项目（具有来自多个表的数据）
2025-11-13 12:05:15.701 | INFO     | db.merge_sync:sync_explore_data_merge_to_remote:125 - 使用关联融合方式处理数据，融合后共有 1 行数据
2025-11-13 12:05:15.701 | DEBUG    | db.merge_sync:sync_explore_data_merge_to_remote:132 - 融合后前3行数据示例: [['1', '0', '3', '这个嘎子姐的星星卡点太美萌了', '59', '10.4%', '172.25.1.41', '49%', '0', '1894230222988058625', '1944609540455948358', '0', '20251112', 'merged_1', 'http://xhslink.com/o/9lIlKBscMet', '5.2', '16.3%', '0', '279', '视频']]
2025-11-13 12:05:15.701 | DEBUG    | db.merge_sync:sync_to_local_sqlite:356 - 连接到SQLite数据库: D:\PycharmProjects\XHS-OCR\db\ocr_data.db
2025-11-13 12:05:15.702 | DEBUG    | db.merge_sync:sync_to_local_sqlite:366 - 表 s_xhs_video_data_overview_ocr 是否存在: True
2025-11-13 12:05:15.702 | INFO     | db.merge_sync:sync_to_local_sqlite:374 - 表 s_xhs_video_data_overview_ocr 已存在，检查是否需要新增字段...
2025-11-13 12:05:15.702 | DEBUG    | db.merge_sync:sync_to_local_sqlite:387 - SQLite插入SQL:

                INSERT INTO s_xhs_video_data_overview_ocr ("收藏数", "分享数", "点赞数", "作品标题", "观看数", "封面点击率", "设备IP", "2秒退出率", "弹幕数", "数据来源", "账号ID", "涨粉数", "采集日期", "数据ID", "链接", "平均观看时长", "完播率", "评论数", "曝光数", "内容类型")
                VALUES (?, ?, ?, ?, ?, ?, ?, ?, ?, ?, ?, ?, ?, ?, ?, ?, ?, ?, ?, ?)
            
2025-11-13 12:05:15.702 | ERROR    | db.merge_sync:sync_to_local_sqlite:409 - 同步到本地SQLite数据库时出错: UNIQUE constraint failed: s_xhs_video_data_overview_ocr.数据ID
2025-11-13 12:05:15.702 | INFO     | db.merge_sync:sync_explore_data_merge_to_remote:156 - 融合数据已保存到本地SQLite数据库，表名: s_xhs_video_data_overview_ocr，融合类型: related
2025-11-13 12:05:15.702 | DEBUG    | db.merge_sync:sync_explore_data_merge_to_remote:52 - 使用数据库文件路径: D:\PycharmProjects\XHS-OCR\db\ocr_data.db
2025-11-13 12:05:15.703 | DEBUG    | db.merge_sync:sync_explore_data_merge_to_remote:69 - 数据库中已存在的表: ['s_xhs_note_data_overview_ocr', 'sqlite_sequence', 's_xhs_note_traffic_analysis_ocr', 's_xhs_user_info_ocr', 's_xhs_video_data_overview_bottom_ocr', 's_xhs_video_data_overview_top_ocr', 's_xhs_video_traffic_analysis_ocr', 's_xhs_video_data_overview_ocr']
2025-11-13 12:05:15.703 | INFO     | db.merge_sync:sync_explore_data_merge_to_remote:109 - 表 s_xhs_note_data_overview_ocr 查询到 2 行数据
2025-11-13 12:05:15.703 | DEBUG    | db.merge_sync:sync_explore_data_merge_to_remote:113 - 表 s_xhs_note_data_overview_ocr 前3行数据示例: [(1, '1894230222988058625', '172.25.1.41', '1944609540455948358', '嘎子姐换脚教程来啦', 'http://xhslink.com/o/8sOLOcSMMhF', '20251112', '图文', '1543', '314', '19.3%', '15.6', '0', '4', '2', '0', '0'), (2, '1894230222988058625', '172.25.1.41', '1944609540455948358', '嘎子姐的改装脚测评', 'http://xhslink.com/o/2szuAHmkUXy', '20251112', '图文', '3631', '723', '19.9%', '24.1', '0', '11', '9', '4', '2')]
2025-11-13 12:05:15.703 | INFO     | db.merge_sync:sync_explore_data_merge_to_remote:109 - 表 s_xhs_video_data_overview_ocr 查询到 0 行数据
2025-11-13 12:05:15.704 | INFO     | db.merge_sync:sync_explore_data_merge_to_remote:120 - 开始进行 unrelated 类型的数据融合，关联键: 数据ID
2025-11-13 12:05:15.704 | INFO     | db.merge_sync:sync_explore_data_merge_to_remote:121 - 融合后的表结构包含 20 列: ['收藏数', '分享数', '点赞数', '作品标题', '观看数', '封面点击率', '设备IP', '2秒退出率', '弹幕数', '数据来源', '账号ID', '涨粉数', '采集日期', '数据ID', '链接', '平均观看时长', '完播率', '评论数', '曝光数', '内容类型']
2025-11-13 12:05:15.704 | INFO     | db.merge_sync:merge_table_data_unrelated:263 - 非关联融合完成，共处理 2 行数据，其中包括所有原始数据行（即使无关联）
2025-11-13 12:05:15.704 | INFO     | db.merge_sync:sync_explore_data_merge_to_remote:128 - 使用非关联融合方式处理数据，融合后共有 2 行数据
2025-11-13 12:05:15.704 | DEBUG    | db.merge_sync:sync_explore_data_merge_to_remote:132 - 融合后前3行数据示例: [['0', '0', '4', '嘎子姐换脚教程来啦', '314', '19.3%', '172.25.1.41', '', '', '1894230222988058625', '1944609540455948358', '0', '20251112', 1, 'http://xhslink.com/o/8sOLOcSMMhF', '15.6', '', '2', '1543', '图文'], ['4', '2', '11', '嘎子姐的改装脚测评', '723', '19.9%', '172.25.1.41', '', '', '1894230222988058625', '1944609540455948358', '0', '20251112', 2, 'http://xhslink.com/o/2szuAHmkUXy', '24.1', '', '9', '3631', '图文']]
2025-11-13 12:05:15.704 | DEBUG    | db.merge_sync:sync_to_local_sqlite:356 - 连接到SQLite数据库: D:\PycharmProjects\XHS-OCR\db\ocr_data.db
2025-11-13 12:05:15.704 | DEBUG    | db.merge_sync:sync_to_local_sqlite:366 - 表 s_xhs_data_overview_ocr 是否存在: False
2025-11-13 12:05:15.704 | INFO     | db.merge_sync:sync_to_local_sqlite:370 - 表 s_xhs_data_overview_ocr 不存在，正在创建...
2025-11-13 12:05:15.704 | DEBUG    | db.merge_sync:create_table_if_not_exists_sqlite:462 - SQLite创建表SQL: 
    CREATE TABLE s_xhs_data_overview_ocr (
        "收藏数" TEXT, "分享数" TEXT, "点赞数" TEXT, "作品标题" TEXT, "观看数" TEXT, "封面点击率" TEXT, "设备IP" TEXT, "2秒退出率" TEXT, "弹幕数" TEXT, "数据来源" TEXT, "账号ID" TEXT, "涨粉数" TEXT, "采集日期" DATE, "数据ID" TEXT PRIMARY KEY, "链接" TEXT, "平均观看时长" TEXT, "完播率" TEXT, "评论数" TEXT, "曝光数" TEXT, "内容类型" TEXT
    )
    
2025-11-13 12:05:21.236 | ERROR    | db.merge_sync:sync_to_local_sqlite:409 - 同步到本地SQLite数据库时出错: database is locked
2025-11-13 12:05:21.237 | INFO     | db.merge_sync:sync_explore_data_merge_to_remote:156 - 融合数据已保存到本地SQLite数据库，表名: s_xhs_data_overview_ocr，融合类型: unrelated
2025-11-13 12:05:21.238 | DEBUG    | db.merge_sync:sync_explore_data_merge_to_remote:52 - 使用数据库文件路径: D:\PycharmProjects\XHS-OCR\db\ocr_data.db
2025-11-13 12:05:21.241 | DEBUG    | db.merge_sync:sync_explore_data_merge_to_remote:69 - 数据库中已存在的表: ['s_xhs_note_data_overview_ocr', 'sqlite_sequence', 's_xhs_note_traffic_analysis_ocr', 's_xhs_user_info_ocr', 's_xhs_video_data_overview_bottom_ocr', 's_xhs_video_data_overview_top_ocr', 's_xhs_video_traffic_analysis_ocr', 's_xhs_video_data_overview_ocr']
2025-11-13 12:05:21.242 | INFO     | db.merge_sync:sync_explore_data_merge_to_remote:109 - 表 s_xhs_note_traffic_analysis_ocr 查询到 1 行数据
2025-11-13 12:05:21.242 | DEBUG    | db.merge_sync:sync_explore_data_merge_to_remote:113 - 表 s_xhs_note_traffic_analysis_ocr 前3行数据示例: [(1, '1894230222988058625', '172.25.1.41', '1944609540455948358', '嘎子姐换脚教程来啦', 'http://xhslink.com/o/8sOLOcSMMhF', '20251112', '图文', '6.6%', '3.3%', '2%', '15.7%', '14.6%', '1.8%', '752', '110', '80.3%', '72.4%', '9.3', '2', '0', '0')]
2025-11-13 12:05:21.243 | INFO     | db.merge_sync:sync_explore_data_merge_to_remote:109 - 表 s_xhs_video_traffic_analysis_ocr 查询到 1 行数据
2025-11-13 12:05:21.243 | DEBUG    | db.merge_sync:sync_explore_data_merge_to_remote:113 - 表 s_xhs_video_traffic_analysis_ocr 前3行数据示例: [(1, '1894230222988058625', '172.25.1.41', '1944609540455948358', '这个嘎子姐的星星卡点太美萌了', 'http://xhslink.com/o/9lIlKBscMet', '20251112', '视频', '30.9%', '29.2%', '15.8%', '13.9%', '2.8%', '7.4%', '25%', '1%', '1194', '299', '37.3%', '30.9%', '16.7', '2', '1', '0')]
2025-11-13 12:05:21.243 | INFO     | db.merge_sync:sync_explore_data_merge_to_remote:120 - 开始进行 unrelated 类型的数据融合，关联键: 数据ID
2025-11-13 12:05:21.244 | INFO     | db.merge_sync:sync_explore_data_merge_to_remote:121 - 融合后的表结构包含 24 列: ['收藏数', '点赞数', '观看来源-首页推荐', '作品标题', '观看数', '占总观看', '设备IP', '观看来源-其他来源', '观看来源-关注页面', '数据来源', '观看来源-个人主页', '账号ID', '观看来源-搜索', '采集日期', '观看互动率', '数据ID', '链接', '占总曝光', '平均观看时长', '评论数', '观看转化率', '曝光数', '观看来源-视频推荐', '内容类型']
2025-11-13 12:05:21.244 | INFO     | db.merge_sync:merge_table_data_unrelated:263 - 非关联融合完成，共处理 2 行数据，其中包括所有原始数据行（即使无关联）
2025-11-13 12:05:21.245 | INFO     | db.merge_sync:sync_explore_data_merge_to_remote:128 - 使用非关联融合方式处理数据，融合后共有 2 行数据
2025-11-13 12:05:21.245 | DEBUG    | db.merge_sync:sync_explore_data_merge_to_remote:132 - 融合后前3行数据示例: [['0', '2', '6.6%', '嘎子姐换脚教程来啦', '110', '72.4%', '172.25.1.41', '15.7%', '2%', '1894230222988058625', '', '1944609540455948358', '3.3%', '20251112', '1.8%', 1, 'http://xhslink.com/o/8sOLOcSMMhF', '80.3%', '9.3', '0', '14.6%', '752', '', '图文'], ['0', '2', '29.2%', '这个嘎子姐的星星卡点太美萌了', '299', '30.9%', '172.25.1.41', '7.4%', '13.9%', '1894230222988058625', '2.8%', '1944609540455948358', '30.9%', '20251112', '1%', 1, 'http://xhslink.com/o/9lIlKBscMet', '37.3%', '16.7', '1', '25%', '1194', '15.8%', '视频']]
2025-11-13 12:05:21.246 | DEBUG    | db.merge_sync:sync_to_local_sqlite:356 - 连接到SQLite数据库: D:\PycharmProjects\XHS-OCR\db\ocr_data.db
2025-11-13 12:05:21.249 | DEBUG    | db.merge_sync:sync_to_local_sqlite:366 - 表 s_xhs_traffic_analysis_ocr 是否存在: False
2025-11-13 12:05:21.249 | INFO     | db.merge_sync:sync_to_local_sqlite:370 - 表 s_xhs_traffic_analysis_ocr 不存在，正在创建...
2025-11-13 12:05:21.250 | DEBUG    | db.merge_sync:create_table_if_not_exists_sqlite:462 - SQLite创建表SQL: 
    CREATE TABLE s_xhs_traffic_analysis_ocr (
        "收藏数" TEXT, "点赞数" TEXT, "观看来源-首页推荐" TEXT, "作品标题" TEXT, "观看数" TEXT, "占总观看" TEXT, "设备IP" TEXT, "观看来源-其他来源" TEXT, "观看来源-关注页面" TEXT, "数据来源" TEXT, "观看来源-个人主页" TEXT, "账号ID" TEXT, "观看来源-搜索" TEXT, "采集日期" DATE, "观看互动率" TEXT, "数据ID" TEXT PRIMARY KEY, "链接" TEXT, "占总曝光" TEXT, "平均观看时长" TEXT, "评论数" TEXT, "观看转化率" TEXT, "曝光数" TEXT, "观看来源-视频推荐" TEXT, "内容类型" TEXT
    )
    
