2025-11-13 14:51:06.904 | DEBUG    | db.merge_sync:sync_explore_data_merge_to_remote:52 - 使用数据库文件路径: D:\PycharmProjects\XHS-OCR\db\ocr_data.db
2025-11-13 14:51:06.904 | DEBUG    | db.merge_sync:sync_explore_data_merge_to_remote:69 - 数据库中已存在的表: ['s_xhs_note_data_overview_ocr', 's_xhs_note_traffic_analysis_ocr', 's_xhs_user_info_ocr', 's_xhs_video_data_overview_bottom_ocr', 's_xhs_video_data_overview_top_ocr', 's_xhs_video_traffic_analysis_ocr']
2025-11-13 14:51:06.904 | DEBUG    | db.merge_sync:sync_explore_data_merge_to_remote:92 - 执行查询: SELECT * FROM s_xhs_video_data_overview_top_ocr WHERE 采集日期 >= ? 参数: 20251110
2025-11-13 14:51:06.904 | DEBUG    | db.merge_sync:sync_explore_data_merge_to_remote:100 - 查询结果行数: 1
2025-11-13 14:51:06.905 | DEBUG    | db.merge_sync:sync_explore_data_merge_to_remote:105 - 列名: ['数据来源', '设备IP', '账号ID', '作品标题', '链接', '采集日期', '内容类型', '曝光数', '观看数', '封面点击率', '平均观看时长', '完播率', '2秒退出率', '涨粉数']
2025-11-13 14:51:06.905 | INFO     | db.merge_sync:sync_explore_data_merge_to_remote:118 - 表 s_xhs_video_data_overview_top_ocr 查询到 1 行数据
2025-11-13 14:51:06.905 | DEBUG    | db.merge_sync:sync_explore_data_merge_to_remote:122 - 表 s_xhs_video_data_overview_top_ocr 前3行数据示例: [('1894230222988058625', '172.25.1.41', '1944609540455948358', '这个嘎子姐的星星卡点太美萌了', 'http://xhslink.com/o/9lIlKBscMet', 20251112, '视频', '279', '59', '10.4%', '5.2', '16.3%', '49%', '0')]
2025-11-13 14:51:06.905 | DEBUG    | db.merge_sync:sync_explore_data_merge_to_remote:92 - 执行查询: SELECT * FROM s_xhs_video_data_overview_bottom_ocr WHERE 采集日期 >= ? 参数: 20251110
2025-11-13 14:51:06.905 | DEBUG    | db.merge_sync:sync_explore_data_merge_to_remote:100 - 查询结果行数: 1
2025-11-13 14:51:06.905 | DEBUG    | db.merge_sync:sync_explore_data_merge_to_remote:105 - 列名: ['数据来源', '设备IP', '账号ID', '作品标题', '链接', '采集日期', '内容类型', '点赞数', '评论数', '收藏数', '分享数', '弹幕数']
2025-11-13 14:51:06.905 | INFO     | db.merge_sync:sync_explore_data_merge_to_remote:118 - 表 s_xhs_video_data_overview_bottom_ocr 查询到 1 行数据
2025-11-13 14:51:06.905 | DEBUG    | db.merge_sync:sync_explore_data_merge_to_remote:122 - 表 s_xhs_video_data_overview_bottom_ocr 前3行数据示例: [('1894230222988058625', '172.25.1.41', '1944609540455948358', '这个嘎子姐的星星卡点太美萌了', 'http://xhslink.com/o/9lIlKBscMet', 20251112, '视频', '3', '0', '1', '0', '0')]
2025-11-13 14:51:06.905 | INFO     | db.merge_sync:sync_explore_data_merge_to_remote:135 - 开始进行 related 类型的数据融合，关联键: 账号ID, 设备IP, 采集日期, 链接
2025-11-13 14:51:06.905 | INFO     | db.merge_sync:sync_explore_data_merge_to_remote:136 - 融合后的表结构包含 19 列: ['作品标题', '内容类型', '链接', '数据来源', '曝光数', '涨粉数', '设备IP', '分享数', '账号ID', '2秒退出率', '采集日期', '弹幕数', '封面点击率', '点赞数', '平均观看时长', '收藏数', '完播率', '评论数', '观看数']
2025-11-13 14:51:06.905 | INFO     | db.merge_sync:merge_table_data_related:237 - 关联融合完成，共关联 1 个项目（具有来自多个表的数据）
2025-11-13 14:51:06.907 | INFO     | db.merge_sync:sync_explore_data_merge_to_remote:140 - 使用关联融合方式处理数据，融合后共有 1 行数据
2025-11-13 14:51:06.907 | DEBUG    | db.merge_sync:sync_explore_data_merge_to_remote:147 - 融合后前3行数据示例: [['这个嘎子姐的星星卡点太美萌了', '视频', 'http://xhslink.com/o/9lIlKBscMet', '1894230222988058625', '279', '0', '172.25.1.41', '0', '1944609540455948358', '49%', 20251112, '0', '10.4%', '3', '5.2', '1', '16.3%', '0', '59']]
2025-11-13 14:51:06.907 | DEBUG    | db.merge_sync:sync_to_local_sqlite:371 - 连接到SQLite数据库: D:\PycharmProjects\XHS-OCR\db\ocr_data.db
2025-11-13 14:51:06.907 | DEBUG    | db.merge_sync:sync_to_local_sqlite:381 - 表 s_xhs_video_data_overview_ocr 是否存在: False
2025-11-13 14:51:06.907 | INFO     | db.merge_sync:sync_to_local_sqlite:385 - 表 s_xhs_video_data_overview_ocr 不存在，正在创建...
2025-11-13 14:51:06.907 | DEBUG    | db.merge_sync:create_table_if_not_exists_sqlite:557 - SQLite创建表SQL: 
    CREATE TABLE s_xhs_video_data_overview_ocr (
        "作品标题" TEXT, "内容类型" TEXT, "链接" TEXT, "数据来源" TEXT, "曝光数" TEXT, "涨粉数" TEXT, "设备IP" TEXT, "分享数" TEXT, "账号ID" TEXT, "2秒退出率" TEXT, "采集日期" TEXT, "弹幕数" TEXT, "封面点击率" TEXT, "点赞数" TEXT, "平均观看时长" TEXT, "收藏数" TEXT, "完播率" TEXT, "评论数" TEXT, "观看数" TEXT
        , UNIQUE ("账号ID", "设备IP", "采集日期", "链接")
    )
    
2025-11-13 14:51:06.915 | DEBUG    | db.merge_sync:sync_to_local_sqlite:414 - 使用唯一键约束字段: "账号ID", "设备IP", "采集日期", "链接"
2025-11-13 14:51:06.915 | DEBUG    | db.merge_sync:sync_to_local_sqlite:427 - SQLite插入SQL:

                        INSERT OR IGNORE INTO s_xhs_video_data_overview_ocr ("作品标题", "内容类型", "链接", "数据来源", "曝光数", "涨粉数", "设备IP", "分享数", "账号ID", "2秒退出率", "采集日期", "弹幕数", "封面点击率", "点赞数", "平均观看时长", "收藏数", "完播率", "评论数", "观看数")
                        VALUES (?, ?, ?, ?, ?, ?, ?, ?, ?, ?, ?, ?, ?, ?, ?, ?, ?, ?, ?)
                    
2025-11-13 14:51:06.916 | DEBUG    | db.merge_sync:sync_to_local_sqlite:439 - 准备插入 1 行数据
2025-11-13 14:51:06.916 | DEBUG    | db.merge_sync:sync_to_local_sqlite:443 - SQL语句影响的行数: 1
2025-11-13 14:51:06.922 | INFO     | db.merge_sync:sync_to_local_sqlite:447 - 成功同步 1 条记录到本地SQLite数据库，表名: s_xhs_video_data_overview_ocr
2025-11-13 14:51:06.922 | DEBUG    | db.merge_sync:sync_to_local_sqlite:452 - 验证: 表 s_xhs_video_data_overview_ocr 中现有 1 行数据
2025-11-13 14:51:06.922 | DEBUG    | db.merge_sync:sync_to_local_sqlite:458 - 表 s_xhs_video_data_overview_ocr 数据示例: [('这个嘎子姐的星星卡点太美萌了', '视频', 'http://xhslink.com/o/9lIlKBscMet', '1894230222988058625', '279', '0', '172.25.1.41', '0', '1944609540455948358', '49%', '20251112', '0', '10.4%', '3', '5.2', '1', '16.3%', '0', '59')]
2025-11-13 14:51:06.922 | INFO     | db.merge_sync:sync_explore_data_merge_to_remote:171 - 融合数据已保存到本地SQLite数据库，表名: s_xhs_video_data_overview_ocr，融合类型: related
2025-11-13 14:51:06.922 | DEBUG    | db.merge_sync:sync_explore_data_merge_to_remote:52 - 使用数据库文件路径: D:\PycharmProjects\XHS-OCR\db\ocr_data.db
2025-11-13 14:51:06.923 | DEBUG    | db.merge_sync:sync_explore_data_merge_to_remote:69 - 数据库中已存在的表: ['s_xhs_note_data_overview_ocr', 's_xhs_note_traffic_analysis_ocr', 's_xhs_user_info_ocr', 's_xhs_video_data_overview_bottom_ocr', 's_xhs_video_data_overview_top_ocr', 's_xhs_video_traffic_analysis_ocr', 's_xhs_video_data_overview_ocr']
2025-11-13 14:51:06.923 | DEBUG    | db.merge_sync:sync_explore_data_merge_to_remote:92 - 执行查询: SELECT * FROM s_xhs_note_data_overview_ocr WHERE 采集日期 >= ? 参数: 20251110
2025-11-13 14:51:06.923 | DEBUG    | db.merge_sync:sync_explore_data_merge_to_remote:100 - 查询结果行数: 2
2025-11-13 14:51:06.923 | DEBUG    | db.merge_sync:sync_explore_data_merge_to_remote:105 - 列名: ['数据来源', '设备IP', '账号ID', '作品标题', '链接', '采集日期', '内容类型', '曝光数', '观看数', '封面点击率', '平均观看时长', '涨粉数', '点赞数', '评论数', '收藏数', '分享数']
2025-11-13 14:51:06.923 | INFO     | db.merge_sync:sync_explore_data_merge_to_remote:118 - 表 s_xhs_note_data_overview_ocr 查询到 2 行数据
2025-11-13 14:51:06.923 | DEBUG    | db.merge_sync:sync_explore_data_merge_to_remote:122 - 表 s_xhs_note_data_overview_ocr 前3行数据示例: [('1894230222988058625', '172.25.1.41', '1944609540455948358', '嘎子姐换脚教程来啦', 'http://xhslink.com/o/8sOLOcSMMhF', 20251112, '图文', '1543', '314', '19.3%', '15.6', '0', '4', '2', '0', '0'), ('1894230222988058625', '172.25.1.41', '1944609540455948358', '嘎子姐的改装脚测评', 'http://xhslink.com/o/2szuAHmkUXy', 20251112, '图文', '3631', '723', '19.9%', '24.1', '0', '11', '9', '4', '2')]
2025-11-13 14:51:06.923 | DEBUG    | db.merge_sync:sync_explore_data_merge_to_remote:92 - 执行查询: SELECT * FROM s_xhs_video_data_overview_ocr WHERE 采集日期 >= ? 参数: 20251110
2025-11-13 14:51:06.923 | DEBUG    | db.merge_sync:sync_explore_data_merge_to_remote:100 - 查询结果行数: 1
2025-11-13 14:51:06.923 | DEBUG    | db.merge_sync:sync_explore_data_merge_to_remote:105 - 列名: ['作品标题', '内容类型', '链接', '数据来源', '曝光数', '涨粉数', '设备IP', '分享数', '账号ID', '2秒退出率', '采集日期', '弹幕数', '封面点击率', '点赞数', '平均观看时长', '收藏数', '完播率', '评论数', '观看数']
2025-11-13 14:51:06.923 | INFO     | db.merge_sync:sync_explore_data_merge_to_remote:118 - 表 s_xhs_video_data_overview_ocr 查询到 1 行数据
2025-11-13 14:51:06.923 | DEBUG    | db.merge_sync:sync_explore_data_merge_to_remote:122 - 表 s_xhs_video_data_overview_ocr 前3行数据示例: [('这个嘎子姐的星星卡点太美萌了', '视频', 'http://xhslink.com/o/9lIlKBscMet', '1894230222988058625', '279', '0', '172.25.1.41', '0', '1944609540455948358', '49%', '20251112', '0', '10.4%', '3', '5.2', '1', '16.3%', '0', '59')]
2025-11-13 14:51:06.924 | INFO     | db.merge_sync:sync_explore_data_merge_to_remote:135 - 开始进行 unrelated 类型的数据融合，关联键: 账号ID, 设备IP, 采集日期, 链接
2025-11-13 14:51:06.924 | INFO     | db.merge_sync:sync_explore_data_merge_to_remote:136 - 融合后的表结构包含 19 列: ['作品标题', '内容类型', '链接', '数据来源', '曝光数', '涨粉数', '设备IP', '分享数', '账号ID', '2秒退出率', '采集日期', '弹幕数', '封面点击率', '点赞数', '平均观看时长', '收藏数', '完播率', '评论数', '观看数']
2025-11-13 14:51:06.924 | INFO     | db.merge_sync:merge_table_data_unrelated:266 - 非关联融合完成，共处理 3 行数据，其中包括所有原始数据行（即使无关联）
2025-11-13 14:51:06.924 | INFO     | db.merge_sync:sync_explore_data_merge_to_remote:143 - 使用非关联融合方式处理数据，融合后共有 3 行数据
2025-11-13 14:51:06.924 | DEBUG    | db.merge_sync:sync_explore_data_merge_to_remote:147 - 融合后前3行数据示例: [['嘎子姐换脚教程来啦', '图文', 'http://xhslink.com/o/8sOLOcSMMhF', '1894230222988058625', '1543', '0', '172.25.1.41', '0', '1944609540455948358', '', 20251112, '', '19.3%', '4', '15.6', '0', '', '2', '314'], ['嘎子姐的改装脚测评', '图文', 'http://xhslink.com/o/2szuAHmkUXy', '1894230222988058625', '3631', '0', '172.25.1.41', '2', '1944609540455948358', '', 20251112, '', '19.9%', '11', '24.1', '4', '', '9', '723'], ['这个嘎子姐的星星卡点太美萌了', '视频', 'http://xhslink.com/o/9lIlKBscMet', '1894230222988058625', '279', '0', '172.25.1.41', '0', '1944609540455948358', '49%', '20251112', '0', '10.4%', '3', '5.2', '1', '16.3%', '0', '59']]
2025-11-13 14:51:06.924 | DEBUG    | db.merge_sync:sync_to_local_sqlite:371 - 连接到SQLite数据库: D:\PycharmProjects\XHS-OCR\db\ocr_data.db
2025-11-13 14:51:06.924 | DEBUG    | db.merge_sync:sync_to_local_sqlite:381 - 表 s_xhs_data_overview_ocr 是否存在: False
2025-11-13 14:51:06.924 | INFO     | db.merge_sync:sync_to_local_sqlite:385 - 表 s_xhs_data_overview_ocr 不存在，正在创建...
2025-11-13 14:51:06.924 | DEBUG    | db.merge_sync:create_table_if_not_exists_sqlite:557 - SQLite创建表SQL: 
    CREATE TABLE s_xhs_data_overview_ocr (
        "作品标题" TEXT, "内容类型" TEXT, "链接" TEXT, "数据来源" TEXT, "曝光数" TEXT, "涨粉数" TEXT, "设备IP" TEXT, "分享数" TEXT, "账号ID" TEXT, "2秒退出率" TEXT, "采集日期" TEXT, "弹幕数" TEXT, "封面点击率" TEXT, "点赞数" TEXT, "平均观看时长" TEXT, "收藏数" TEXT, "完播率" TEXT, "评论数" TEXT, "观看数" TEXT
        , UNIQUE ("账号ID", "设备IP", "采集日期", "链接")
    )
    
2025-11-13 14:51:06.932 | DEBUG    | db.merge_sync:sync_to_local_sqlite:414 - 使用唯一键约束字段: "账号ID", "设备IP", "采集日期", "链接"
2025-11-13 14:51:06.932 | DEBUG    | db.merge_sync:sync_to_local_sqlite:427 - SQLite插入SQL:

                        INSERT OR IGNORE INTO s_xhs_data_overview_ocr ("作品标题", "内容类型", "链接", "数据来源", "曝光数", "涨粉数", "设备IP", "分享数", "账号ID", "2秒退出率", "采集日期", "弹幕数", "封面点击率", "点赞数", "平均观看时长", "收藏数", "完播率", "评论数", "观看数")
                        VALUES (?, ?, ?, ?, ?, ?, ?, ?, ?, ?, ?, ?, ?, ?, ?, ?, ?, ?, ?)
                    
2025-11-13 14:51:06.933 | DEBUG    | db.merge_sync:sync_to_local_sqlite:439 - 准备插入 3 行数据
2025-11-13 14:51:06.933 | DEBUG    | db.merge_sync:sync_to_local_sqlite:443 - SQL语句影响的行数: 3
2025-11-13 14:51:06.939 | INFO     | db.merge_sync:sync_to_local_sqlite:447 - 成功同步 3 条记录到本地SQLite数据库，表名: s_xhs_data_overview_ocr
2025-11-13 14:51:06.940 | DEBUG    | db.merge_sync:sync_to_local_sqlite:452 - 验证: 表 s_xhs_data_overview_ocr 中现有 3 行数据
2025-11-13 14:51:06.940 | DEBUG    | db.merge_sync:sync_to_local_sqlite:458 - 表 s_xhs_data_overview_ocr 数据示例: [('嘎子姐换脚教程来啦', '图文', 'http://xhslink.com/o/8sOLOcSMMhF', '1894230222988058625', '1543', '0', '172.25.1.41', '0', '1944609540455948358', '', '20251112', '', '19.3%', '4', '15.6', '0', '', '2', '314'), ('嘎子姐的改装脚测评', '图文', 'http://xhslink.com/o/2szuAHmkUXy', '1894230222988058625', '3631', '0', '172.25.1.41', '2', '1944609540455948358', '', '20251112', '', '19.9%', '11', '24.1', '4', '', '9', '723'), ('这个嘎子姐的星星卡点太美萌了', '视频', 'http://xhslink.com/o/9lIlKBscMet', '1894230222988058625', '279', '0', '172.25.1.41', '0', '1944609540455948358', '49%', '20251112', '0', '10.4%', '3', '5.2', '1', '16.3%', '0', '59')]
2025-11-13 14:51:06.940 | INFO     | db.merge_sync:sync_explore_data_merge_to_remote:171 - 融合数据已保存到本地SQLite数据库，表名: s_xhs_data_overview_ocr，融合类型: unrelated
2025-11-13 14:51:06.940 | DEBUG    | db.merge_sync:sync_explore_data_merge_to_remote:52 - 使用数据库文件路径: D:\PycharmProjects\XHS-OCR\db\ocr_data.db
2025-11-13 14:51:06.941 | DEBUG    | db.merge_sync:sync_explore_data_merge_to_remote:69 - 数据库中已存在的表: ['s_xhs_note_data_overview_ocr', 's_xhs_note_traffic_analysis_ocr', 's_xhs_user_info_ocr', 's_xhs_video_data_overview_bottom_ocr', 's_xhs_video_data_overview_top_ocr', 's_xhs_video_traffic_analysis_ocr', 's_xhs_video_data_overview_ocr', 's_xhs_data_overview_ocr']
2025-11-13 14:51:06.941 | DEBUG    | db.merge_sync:sync_explore_data_merge_to_remote:92 - 执行查询: SELECT * FROM s_xhs_note_traffic_analysis_ocr WHERE 采集日期 >= ? 参数: 20251110
2025-11-13 14:51:06.941 | DEBUG    | db.merge_sync:sync_explore_data_merge_to_remote:100 - 查询结果行数: 1
2025-11-13 14:51:06.941 | DEBUG    | db.merge_sync:sync_explore_data_merge_to_remote:105 - 列名: ['数据来源', '设备IP', '账号ID', '作品标题', '链接', '采集日期', '内容类型', '观看来源-首页推荐', '观看来源-搜索', '观看来源-关注页面', '观看来源-其他来源', '观看转化率', '观看互动率', '曝光数', '观看数', '占总曝光', '占总观看', '平均观看时长', '点赞数', '评论数', '收藏数']
2025-11-13 14:51:06.941 | INFO     | db.merge_sync:sync_explore_data_merge_to_remote:118 - 表 s_xhs_note_traffic_analysis_ocr 查询到 1 行数据
2025-11-13 14:51:06.942 | DEBUG    | db.merge_sync:sync_explore_data_merge_to_remote:122 - 表 s_xhs_note_traffic_analysis_ocr 前3行数据示例: [('1894230222988058625', '172.25.1.41', '1944609540455948358', '嘎子姐换脚教程来啦', 'http://xhslink.com/o/8sOLOcSMMhF', 20251112, '图文', '6.6%', '3.3%', '2%', '15.7%', '14.6%', '1.8%', '752', '110', '80.3%', '72.4%', '9.3', '2', '0', '0')]
2025-11-13 14:51:06.942 | DEBUG    | db.merge_sync:sync_explore_data_merge_to_remote:92 - 执行查询: SELECT * FROM s_xhs_video_traffic_analysis_ocr WHERE 采集日期 >= ? 参数: 20251110
2025-11-13 14:51:06.942 | DEBUG    | db.merge_sync:sync_explore_data_merge_to_remote:100 - 查询结果行数: 1
2025-11-13 14:51:06.943 | DEBUG    | db.merge_sync:sync_explore_data_merge_to_remote:105 - 列名: ['数据来源', '设备IP', '账号ID', '作品标题', '链接', '采集日期', '内容类型', '观看来源-搜索', '观看来源-首页推荐', '观看来源-视频推荐', '观看来源-关注页面', '观看来源-个人主页', '观看来源-其他来源', '观看转化率', '观看互动率', '曝光数', '观看数', '占总曝光', '占总观看', '平均观看时长', '点赞数', '评论数', '收藏数']
2025-11-13 14:51:06.943 | INFO     | db.merge_sync:sync_explore_data_merge_to_remote:118 - 表 s_xhs_video_traffic_analysis_ocr 查询到 1 行数据
2025-11-13 14:51:06.943 | DEBUG    | db.merge_sync:sync_explore_data_merge_to_remote:122 - 表 s_xhs_video_traffic_analysis_ocr 前3行数据示例: [('1894230222988058625', '172.25.1.41', '1944609540455948358', '这个嘎子姐的星星卡点太美萌了', 'http://xhslink.com/o/9lIlKBscMet', 20251112, '视频', '30.9%', '29.2%', '15.8%', '13.9%', '2.8%', '7.4%', '25%', '1%', '1194', '299', '37.3%', '30.9%', '16.7', '2', '1', '0')]
2025-11-13 14:51:06.943 | INFO     | db.merge_sync:sync_explore_data_merge_to_remote:135 - 开始进行 unrelated 类型的数据融合，关联键: 账号ID, 设备IP, 采集日期, 链接
2025-11-13 14:51:06.943 | INFO     | db.merge_sync:sync_explore_data_merge_to_remote:136 - 融合后的表结构包含 23 列: ['作品标题', '内容类型', '观看来源-首页推荐', '占总观看', '观看来源-搜索', '链接', '数据来源', '曝光数', '设备IP', '观看来源-视频推荐', '账号ID', '采集日期', '占总曝光', '观看来源-关注页面', '点赞数', '观看互动率', '观看转化率', '平均观看时长', '收藏数', '观看来源-个人主页', '评论数', '观看数', '观看来源-其他来源']
2025-11-13 14:51:06.943 | INFO     | db.merge_sync:merge_table_data_unrelated:266 - 非关联融合完成，共处理 2 行数据，其中包括所有原始数据行（即使无关联）
2025-11-13 14:51:06.943 | INFO     | db.merge_sync:sync_explore_data_merge_to_remote:143 - 使用非关联融合方式处理数据，融合后共有 2 行数据
2025-11-13 14:51:06.943 | DEBUG    | db.merge_sync:sync_explore_data_merge_to_remote:147 - 融合后前3行数据示例: [['嘎子姐换脚教程来啦', '图文', '6.6%', '72.4%', '3.3%', 'http://xhslink.com/o/8sOLOcSMMhF', '1894230222988058625', '752', '172.25.1.41', '', '1944609540455948358', 20251112, '80.3%', '2%', '2', '1.8%', '14.6%', '9.3', '0', '', '0', '110', '15.7%'], ['这个嘎子姐的星星卡点太美萌了', '视频', '29.2%', '30.9%', '30.9%', 'http://xhslink.com/o/9lIlKBscMet', '1894230222988058625', '1194', '172.25.1.41', '15.8%', '1944609540455948358', 20251112, '37.3%', '13.9%', '2', '1%', '25%', '16.7', '0', '2.8%', '1', '299', '7.4%']]
2025-11-13 14:51:06.944 | DEBUG    | db.merge_sync:sync_to_local_sqlite:371 - 连接到SQLite数据库: D:\PycharmProjects\XHS-OCR\db\ocr_data.db
2025-11-13 14:51:06.944 | DEBUG    | db.merge_sync:sync_to_local_sqlite:381 - 表 s_xhs_traffic_analysis_ocr 是否存在: False
2025-11-13 14:51:06.944 | INFO     | db.merge_sync:sync_to_local_sqlite:385 - 表 s_xhs_traffic_analysis_ocr 不存在，正在创建...
2025-11-13 14:51:06.944 | DEBUG    | db.merge_sync:create_table_if_not_exists_sqlite:557 - SQLite创建表SQL: 
    CREATE TABLE s_xhs_traffic_analysis_ocr (
        "作品标题" TEXT, "内容类型" TEXT, "观看来源-首页推荐" TEXT, "占总观看" TEXT, "观看来源-搜索" TEXT, "链接" TEXT, "数据来源" TEXT, "曝光数" TEXT, "设备IP" TEXT, "观看来源-视频推荐" TEXT, "账号ID" TEXT, "采集日期" TEXT, "占总曝光" TEXT, "观看来源-关注页面" TEXT, "点赞数" TEXT, "观看互动率" TEXT, "观看转化率" TEXT, "平均观看时长" TEXT, "收藏数" TEXT, "观看来源-个人主页" TEXT, "评论数" TEXT, "观看数" TEXT, "观看来源-其他来源" TEXT
        , UNIQUE ("账号ID", "设备IP", "采集日期", "链接")
    )
    
2025-11-13 14:51:06.953 | DEBUG    | db.merge_sync:sync_to_local_sqlite:414 - 使用唯一键约束字段: "账号ID", "设备IP", "采集日期", "链接"
2025-11-13 14:51:06.953 | DEBUG    | db.merge_sync:sync_to_local_sqlite:427 - SQLite插入SQL:

                        INSERT OR IGNORE INTO s_xhs_traffic_analysis_ocr ("作品标题", "内容类型", "观看来源-首页推荐", "占总观看", "观看来源-搜索", "链接", "数据来源", "曝光数", "设备IP", "观看来源-视频推荐", "账号ID", "采集日期", "占总曝光", "观看来源-关注页面", "点赞数", "观看互动率", "观看转化率", "平均观看时长", "收藏数", "观看来源-个人主页", "评论数", "观看数", "观看来源-其他来源")
                        VALUES (?, ?, ?, ?, ?, ?, ?, ?, ?, ?, ?, ?, ?, ?, ?, ?, ?, ?, ?, ?, ?, ?, ?)
                    
2025-11-13 14:51:06.954 | DEBUG    | db.merge_sync:sync_to_local_sqlite:439 - 准备插入 2 行数据
2025-11-13 14:51:06.954 | DEBUG    | db.merge_sync:sync_to_local_sqlite:443 - SQL语句影响的行数: 2
2025-11-13 14:51:06.960 | INFO     | db.merge_sync:sync_to_local_sqlite:447 - 成功同步 2 条记录到本地SQLite数据库，表名: s_xhs_traffic_analysis_ocr
2025-11-13 14:51:06.960 | DEBUG    | db.merge_sync:sync_to_local_sqlite:452 - 验证: 表 s_xhs_traffic_analysis_ocr 中现有 2 行数据
2025-11-13 14:51:06.961 | DEBUG    | db.merge_sync:sync_to_local_sqlite:458 - 表 s_xhs_traffic_analysis_ocr 数据示例: [('嘎子姐换脚教程来啦', '图文', '6.6%', '72.4%', '3.3%', 'http://xhslink.com/o/8sOLOcSMMhF', '1894230222988058625', '752', '172.25.1.41', '', '1944609540455948358', '20251112', '80.3%', '2%', '2', '1.8%', '14.6%', '9.3', '0', '', '0', '110', '15.7%'), ('这个嘎子姐的星星卡点太美萌了', '视频', '29.2%', '30.9%', '30.9%', 'http://xhslink.com/o/9lIlKBscMet', '1894230222988058625', '1194', '172.25.1.41', '15.8%', '1944609540455948358', '20251112', '37.3%', '13.9%', '2', '1%', '25%', '16.7', '0', '2.8%', '1', '299', '7.4%')]
2025-11-13 14:51:06.961 | INFO     | db.merge_sync:sync_explore_data_merge_to_remote:171 - 融合数据已保存到本地SQLite数据库，表名: s_xhs_traffic_analysis_ocr，融合类型: unrelated
2025-11-13 14:51:06.961 | DEBUG    | db.merge_sync:sync_explore_data_merge_to_remote:52 - 使用数据库文件路径: D:\PycharmProjects\XHS-OCR\db\ocr_data.db
2025-11-13 14:51:06.962 | DEBUG    | db.merge_sync:sync_explore_data_merge_to_remote:69 - 数据库中已存在的表: ['s_xhs_note_data_overview_ocr', 's_xhs_note_traffic_analysis_ocr', 's_xhs_user_info_ocr', 's_xhs_video_data_overview_bottom_ocr', 's_xhs_video_data_overview_top_ocr', 's_xhs_video_traffic_analysis_ocr', 's_xhs_video_data_overview_ocr', 's_xhs_data_overview_ocr', 's_xhs_traffic_analysis_ocr']
2025-11-13 14:51:06.962 | DEBUG    | db.merge_sync:sync_explore_data_merge_to_remote:97 - 执行查询: SELECT * FROM s_xhs_data_overview_ocr
2025-11-13 14:51:06.963 | DEBUG    | db.merge_sync:sync_explore_data_merge_to_remote:100 - 查询结果行数: 3
2025-11-13 14:51:06.963 | DEBUG    | db.merge_sync:sync_explore_data_merge_to_remote:105 - 列名: ['作品标题', '内容类型', '链接', '数据来源', '曝光数', '涨粉数', '设备IP', '分享数', '账号ID', '2秒退出率', '采集日期', '弹幕数', '封面点击率', '点赞数', '平均观看时长', '收藏数', '完播率', '评论数', '观看数']
2025-11-13 14:51:06.963 | INFO     | db.merge_sync:sync_explore_data_merge_to_remote:118 - 表 s_xhs_data_overview_ocr 查询到 3 行数据
2025-11-13 14:51:06.963 | DEBUG    | db.merge_sync:sync_explore_data_merge_to_remote:122 - 表 s_xhs_data_overview_ocr 前3行数据示例: [('嘎子姐换脚教程来啦', '图文', 'http://xhslink.com/o/8sOLOcSMMhF', '1894230222988058625', '1543', '0', '172.25.1.41', '0', '1944609540455948358', '', '20251112', '', '19.3%', '4', '15.6', '0', '', '2', '314'), ('嘎子姐的改装脚测评', '图文', 'http://xhslink.com/o/2szuAHmkUXy', '1894230222988058625', '3631', '0', '172.25.1.41', '2', '1944609540455948358', '', '20251112', '', '19.9%', '11', '24.1', '4', '', '9', '723'), ('这个嘎子姐的星星卡点太美萌了', '视频', 'http://xhslink.com/o/9lIlKBscMet', '1894230222988058625', '279', '0', '172.25.1.41', '0', '1944609540455948358', '49%', '20251112', '0', '10.4%', '3', '5.2', '1', '16.3%', '0', '59')]
2025-11-13 14:51:06.963 | DEBUG    | db.merge_sync:sync_explore_data_merge_to_remote:97 - 执行查询: SELECT * FROM s_xhs_traffic_analysis_ocr
2025-11-13 14:51:06.963 | DEBUG    | db.merge_sync:sync_explore_data_merge_to_remote:100 - 查询结果行数: 2
2025-11-13 14:51:06.963 | DEBUG    | db.merge_sync:sync_explore_data_merge_to_remote:105 - 列名: ['作品标题', '内容类型', '观看来源-首页推荐', '占总观看', '观看来源-搜索', '链接', '数据来源', '曝光数', '设备IP', '观看来源-视频推荐', '账号ID', '采集日期', '占总曝光', '观看来源-关注页面', '点赞数', '观看互动率', '观看转化率', '平均观看时长', '收藏数', '观看来源-个人主页', '评论数', '观看数', '观看来源-其他来源']
2025-11-13 14:51:06.963 | INFO     | db.merge_sync:sync_explore_data_merge_to_remote:118 - 表 s_xhs_traffic_analysis_ocr 查询到 2 行数据
2025-11-13 14:51:06.963 | DEBUG    | db.merge_sync:sync_explore_data_merge_to_remote:122 - 表 s_xhs_traffic_analysis_ocr 前3行数据示例: [('嘎子姐换脚教程来啦', '图文', '6.6%', '72.4%', '3.3%', 'http://xhslink.com/o/8sOLOcSMMhF', '1894230222988058625', '752', '172.25.1.41', '', '1944609540455948358', '20251112', '80.3%', '2%', '2', '1.8%', '14.6%', '9.3', '0', '', '0', '110', '15.7%'), ('这个嘎子姐的星星卡点太美萌了', '视频', '29.2%', '30.9%', '30.9%', 'http://xhslink.com/o/9lIlKBscMet', '1894230222988058625', '1194', '172.25.1.41', '15.8%', '1944609540455948358', '20251112', '37.3%', '13.9%', '2', '1%', '25%', '16.7', '0', '2.8%', '1', '299', '7.4%')]
2025-11-13 14:51:06.963 | INFO     | db.merge_sync:sync_explore_data_merge_to_remote:135 - 开始进行 related 类型的数据融合，关联键: 账号ID, 设备IP, 采集日期, 链接
2025-11-13 14:51:06.963 | INFO     | db.merge_sync:sync_explore_data_merge_to_remote:136 - 融合后的表结构包含 29 列: ['作品标题', '内容类型', '观看来源-首页推荐', '占总观看', '观看来源-搜索', '链接', '数据来源', '曝光数', '涨粉数', '设备IP', '分享数', '观看来源-视频推荐', '账号ID', '2秒退出率', '采集日期', '弹幕数', '占总曝光', '封面点击率', '点赞数', '观看来源-关注页面', '观看互动率', '观看转化率', '平均观看时长', '收藏数', '观看来源-个人主页', '完播率', '评论数', '观看数', '观看来源-其他来源']
2025-11-13 14:51:06.965 | INFO     | db.merge_sync:merge_table_data_related:237 - 关联融合完成，共关联 2 个项目（具有来自多个表的数据）
2025-11-13 14:51:06.965 | INFO     | db.merge_sync:sync_explore_data_merge_to_remote:140 - 使用关联融合方式处理数据，融合后共有 3 行数据
2025-11-13 14:51:06.965 | DEBUG    | db.merge_sync:sync_explore_data_merge_to_remote:147 - 融合后前3行数据示例: [['嘎子姐换脚教程来啦', '图文', '6.6%', '72.4%', '3.3%', 'http://xhslink.com/o/8sOLOcSMMhF', '1894230222988058625', '752', '0', '172.25.1.41', '0', '', '1944609540455948358', '', '20251112', '', '80.3%', '19.3%', '2', '2%', '1.8%', '14.6%', '9.3', '0', '', '', '0', '110', '15.7%'], ['嘎子姐的改装脚测评', '图文', '', '', '', 'http://xhslink.com/o/2szuAHmkUXy', '1894230222988058625', '3631', '0', '172.25.1.41', '2', '', '1944609540455948358', '', '20251112', '', '', '19.9%', '11', '', '', '', '24.1', '4', '', '', '9', '723', ''], ['这个嘎子姐的星星卡点太美萌了', '视频', '29.2%', '30.9%', '30.9%', 'http://xhslink.com/o/9lIlKBscMet', '1894230222988058625', '1194', '0', '172.25.1.41', '0', '15.8%', '1944609540455948358', '49%', '20251112', '0', '37.3%', '10.4%', '2', '13.9%', '1%', '25%', '16.7', '0', '2.8%', '16.3%', '1', '299', '7.4%']]
2025-11-13 14:51:06.965 | DEBUG    | db.merge_sync:sync_to_local_sqlite:371 - 连接到SQLite数据库: D:\PycharmProjects\XHS-OCR\db\ocr_data.db
2025-11-13 14:51:06.966 | DEBUG    | db.merge_sync:sync_to_local_sqlite:381 - 表 s_xhs_data_overview_traffic_analysis 是否存在: False
2025-11-13 14:51:06.966 | INFO     | db.merge_sync:sync_to_local_sqlite:385 - 表 s_xhs_data_overview_traffic_analysis 不存在，正在创建...
2025-11-13 14:51:06.966 | DEBUG    | db.merge_sync:create_table_if_not_exists_sqlite:557 - SQLite创建表SQL: 
    CREATE TABLE s_xhs_data_overview_traffic_analysis (
        "作品标题" TEXT, "内容类型" TEXT, "观看来源-首页推荐" TEXT, "占总观看" TEXT, "观看来源-搜索" TEXT, "链接" TEXT, "数据来源" TEXT, "曝光数" TEXT, "涨粉数" TEXT, "设备IP" TEXT, "分享数" TEXT, "观看来源-视频推荐" TEXT, "账号ID" TEXT, "2秒退出率" TEXT, "采集日期" TEXT, "弹幕数" TEXT, "占总曝光" TEXT, "封面点击率" TEXT, "点赞数" TEXT, "观看来源-关注页面" TEXT, "观看互动率" TEXT, "观看转化率" TEXT, "平均观看时长" TEXT, "收藏数" TEXT, "观看来源-个人主页" TEXT, "完播率" TEXT, "评论数" TEXT, "观看数" TEXT, "观看来源-其他来源" TEXT
        , UNIQUE ("账号ID", "设备IP", "采集日期", "链接")
    )
    
2025-11-13 14:51:06.975 | DEBUG    | db.merge_sync:sync_to_local_sqlite:414 - 使用唯一键约束字段: "账号ID", "设备IP", "采集日期", "链接"
2025-11-13 14:51:06.975 | DEBUG    | db.merge_sync:sync_to_local_sqlite:427 - SQLite插入SQL:

                        INSERT OR IGNORE INTO s_xhs_data_overview_traffic_analysis ("作品标题", "内容类型", "观看来源-首页推荐", "占总观看", "观看来源-搜索", "链接", "数据来源", "曝光数", "涨粉数", "设备IP", "分享数", "观看来源-视频推荐", "账号ID", "2秒退出率", "采集日期", "弹幕数", "占总曝光", "封面点击率", "点赞数", "观看来源-关注页面", "观看互动率", "观看转化率", "平均观看时长", "收藏数", "观看来源-个人主页", "完播率", "评论数", "观看数", "观看来源-其他来源")
                        VALUES (?, ?, ?, ?, ?, ?, ?, ?, ?, ?, ?, ?, ?, ?, ?, ?, ?, ?, ?, ?, ?, ?, ?, ?, ?, ?, ?, ?, ?)
                    
2025-11-13 14:51:06.976 | DEBUG    | db.merge_sync:sync_to_local_sqlite:439 - 准备插入 3 行数据
2025-11-13 14:51:06.976 | DEBUG    | db.merge_sync:sync_to_local_sqlite:443 - SQL语句影响的行数: 3
2025-11-13 14:51:06.982 | INFO     | db.merge_sync:sync_to_local_sqlite:447 - 成功同步 3 条记录到本地SQLite数据库，表名: s_xhs_data_overview_traffic_analysis
2025-11-13 14:51:06.983 | DEBUG    | db.merge_sync:sync_to_local_sqlite:452 - 验证: 表 s_xhs_data_overview_traffic_analysis 中现有 3 行数据
2025-11-13 14:51:06.983 | DEBUG    | db.merge_sync:sync_to_local_sqlite:458 - 表 s_xhs_data_overview_traffic_analysis 数据示例: [('嘎子姐换脚教程来啦', '图文', '6.6%', '72.4%', '3.3%', 'http://xhslink.com/o/8sOLOcSMMhF', '1894230222988058625', '752', '0', '172.25.1.41', '0', '', '1944609540455948358', '', '20251112', '', '80.3%', '19.3%', '2', '2%', '1.8%', '14.6%', '9.3', '0', '', '', '0', '110', '15.7%'), ('嘎子姐的改装脚测评', '图文', '', '', '', 'http://xhslink.com/o/2szuAHmkUXy', '1894230222988058625', '3631', '0', '172.25.1.41', '2', '', '1944609540455948358', '', '20251112', '', '', '19.9%', '11', '', '', '', '24.1', '4', '', '', '9', '723', ''), ('这个嘎子姐的星星卡点太美萌了', '视频', '29.2%', '30.9%', '30.9%', 'http://xhslink.com/o/9lIlKBscMet', '1894230222988058625', '1194', '0', '172.25.1.41', '0', '15.8%', '1944609540455948358', '49%', '20251112', '0', '37.3%', '10.4%', '2', '13.9%', '1%', '25%', '16.7', '0', '2.8%', '16.3%', '1', '299', '7.4%')]
2025-11-13 14:51:06.984 | INFO     | db.merge_sync:sync_explore_data_merge_to_remote:171 - 融合数据已保存到本地SQLite数据库，表名: s_xhs_data_overview_traffic_analysis，融合类型: related
