2025-11-13 13:54:39.895 | DEBUG    | db.merge_sync:sync_explore_data_merge_to_remote:52 - 使用数据库文件路径: D:\PycharmProjects\XHS-OCR\db\ocr_data.db
2025-11-13 13:54:39.895 | DEBUG    | db.merge_sync:sync_explore_data_merge_to_remote:69 - 数据库中已存在的表: ['s_xhs_note_data_overview_ocr', 'sqlite_sequence', 's_xhs_note_traffic_analysis_ocr', 's_xhs_user_info_ocr', 's_xhs_video_data_overview_bottom_ocr', 's_xhs_video_data_overview_top_ocr', 's_xhs_video_traffic_analysis_ocr', 's_xhs_traffic_analysis_ocr']
2025-11-13 13:54:39.896 | DEBUG    | db.merge_sync:sync_explore_data_merge_to_remote:92 - 执行查询: SELECT * FROM s_xhs_video_data_overview_top_ocr WHERE 采集日期 >= ? 参数: 20251110
2025-11-13 13:54:39.896 | DEBUG    | db.merge_sync:sync_explore_data_merge_to_remote:100 - 查询结果行数: 1
2025-11-13 13:54:39.896 | DEBUG    | db.merge_sync:sync_explore_data_merge_to_remote:104 - 列名: ['数据ID', '数据来源', '设备IP', '账号ID', '作品标题', '链接', '采集日期', '内容类型', '曝光数', '观看数', '封面点击率', '平均观看时长', '完播率', '2秒退出率', '涨粉数']
2025-11-13 13:54:39.896 | INFO     | db.merge_sync:sync_explore_data_merge_to_remote:116 - 表 s_xhs_video_data_overview_top_ocr 查询到 1 行数据
2025-11-13 13:54:39.896 | DEBUG    | db.merge_sync:sync_explore_data_merge_to_remote:120 - 表 s_xhs_video_data_overview_top_ocr 前3行数据示例: [(2, '1894230222988058625', '172.25.1.41', '1944609540455948358', '这个嘎子姐的星星卡点太美萌了', 'http://xhslink.com/o/9lIlKBscMet', '20251112', '视频', '279', '59', '10.4%', '5.2', '16.3%', '49%', '0')]
2025-11-13 13:54:39.896 | DEBUG    | db.merge_sync:sync_explore_data_merge_to_remote:92 - 执行查询: SELECT * FROM s_xhs_video_data_overview_bottom_ocr WHERE 采集日期 >= ? 参数: 20251110
2025-11-13 13:54:39.896 | DEBUG    | db.merge_sync:sync_explore_data_merge_to_remote:100 - 查询结果行数: 1
2025-11-13 13:54:39.896 | DEBUG    | db.merge_sync:sync_explore_data_merge_to_remote:104 - 列名: ['数据ID', '数据来源', '设备IP', '账号ID', '作品标题', '链接', '采集日期', '内容类型', '点赞数', '评论数', '收藏数', '分享数', '弹幕数']
2025-11-13 13:54:39.896 | INFO     | db.merge_sync:sync_explore_data_merge_to_remote:116 - 表 s_xhs_video_data_overview_bottom_ocr 查询到 1 行数据
2025-11-13 13:54:39.896 | DEBUG    | db.merge_sync:sync_explore_data_merge_to_remote:120 - 表 s_xhs_video_data_overview_bottom_ocr 前3行数据示例: [(1, '1894230222988058625', '172.25.1.41', '1944609540455948358', '这个嘎子姐的星星卡点太美萌了', 'http://xhslink.com/o/9lIlKBscMet', '20251112', '视频', '3', '0', '1', '0', '0')]
2025-11-13 13:54:39.896 | INFO     | db.merge_sync:sync_explore_data_merge_to_remote:133 - 开始进行 related 类型的数据融合，关联键: 账号ID, 设备IP, 采集日期, 链接
2025-11-13 13:54:39.896 | INFO     | db.merge_sync:sync_explore_data_merge_to_remote:134 - 融合后的表结构包含 20 列: ['数据ID', '涨粉数', '分享数', '曝光数', '内容类型', '评论数', '账号ID', '弹幕数', '收藏数', '平均观看时长', '2秒退出率', '采集日期', '观看数', '作品标题', '点赞数', '数据来源', '封面点击率', '设备IP', '链接', '完播率']
2025-11-13 13:54:39.898 | INFO     | db.merge_sync:merge_table_data_related:235 - 关联融合完成，共关联 1 个项目（具有来自多个表的数据）
2025-11-13 13:54:39.898 | INFO     | db.merge_sync:sync_explore_data_merge_to_remote:138 - 使用关联融合方式处理数据，融合后共有 1 行数据
2025-11-13 13:54:39.898 | DEBUG    | db.merge_sync:sync_explore_data_merge_to_remote:145 - 融合后前3行数据示例: [[1, '0', '0', '279', '视频', '0', '1944609540455948358', '0', '1', '5.2', '49%', '20251112', '59', '这个嘎子姐的星星卡点太美萌了', '3', '1894230222988058625', '10.4%', '172.25.1.41', 'http://xhslink.com/o/9lIlKBscMet', '16.3%']]
2025-11-13 13:54:39.898 | DEBUG    | db.merge_sync:sync_to_local_sqlite:357 - 连接到SQLite数据库: D:\PycharmProjects\XHS-OCR\db\ocr_data.db
2025-11-13 13:54:39.898 | DEBUG    | db.merge_sync:sync_to_local_sqlite:367 - 表 s_xhs_video_data_overview_ocr 是否存在: False
2025-11-13 13:54:39.898 | INFO     | db.merge_sync:sync_to_local_sqlite:371 - 表 s_xhs_video_data_overview_ocr 不存在，正在创建...
2025-11-13 13:54:39.898 | DEBUG    | db.merge_sync:create_table_if_not_exists_sqlite:554 - SQLite创建表SQL: 
    CREATE TABLE s_xhs_video_data_overview_ocr (
        "数据ID" INTEGER, "涨粉数" TEXT, "分享数" TEXT, "曝光数" TEXT, "内容类型" TEXT, "评论数" TEXT, "账号ID" TEXT, "弹幕数" TEXT, "收藏数" TEXT, "平均观看时长" TEXT, "2秒退出率" TEXT, "采集日期" DATE, "观看数" TEXT, "作品标题" TEXT, "点赞数" TEXT, "数据来源" TEXT, "封面点击率" TEXT, "设备IP" TEXT, "链接" TEXT, "完播率" TEXT
        , PRIMARY KEY ("账号ID", "设备IP", "采集日期", "链接")
    )
    
2025-11-13 13:54:39.981 | DEBUG    | db.merge_sync:sync_to_local_sqlite:399 - 使用唯一键约束字段: "账号ID", "设备IP", "采集日期", "链接"
2025-11-13 13:54:39.982 | DEBUG    | db.merge_sync:sync_to_local_sqlite:412 - SQLite插入SQL:

                        INSERT OR IGNORE INTO s_xhs_video_data_overview_ocr ("数据ID", "涨粉数", "分享数", "曝光数", "内容类型", "评论数", "账号ID", "弹幕数", "收藏数", "平均观看时长", "2秒退出率", "采集日期", "观看数", "作品标题", "点赞数", "数据来源", "封面点击率", "设备IP", "链接", "完播率")
                        VALUES (?, ?, ?, ?, ?, ?, ?, ?, ?, ?, ?, ?, ?, ?, ?, ?, ?, ?, ?, ?)
                    
2025-11-13 13:54:39.983 | DEBUG    | db.merge_sync:sync_to_local_sqlite:419 - 准备插入 1 行数据
2025-11-13 13:54:39.983 | DEBUG    | db.merge_sync:sync_to_local_sqlite:423 - SQL语句影响的行数: 1
2025-11-13 13:54:40.001 | INFO     | db.merge_sync:sync_to_local_sqlite:427 - 成功同步 1 条记录到本地SQLite数据库，表名: s_xhs_video_data_overview_ocr
2025-11-13 13:54:40.002 | DEBUG    | db.merge_sync:sync_to_local_sqlite:432 - 验证: 表 s_xhs_video_data_overview_ocr 中现有 1 行数据
2025-11-13 13:54:40.002 | DEBUG    | db.merge_sync:sync_to_local_sqlite:438 - 表 s_xhs_video_data_overview_ocr 数据示例: [(1, '0', '0', '279', '视频', '0', '1944609540455948358', '0', '1', '5.2', '49%', 20251112, '59', '这个嘎子姐的星星卡点太美萌了', '3', '1894230222988058625', '10.4%', '172.25.1.41', 'http://xhslink.com/o/9lIlKBscMet', '16.3%')]
2025-11-13 13:54:40.003 | INFO     | db.merge_sync:sync_explore_data_merge_to_remote:169 - 融合数据已保存到本地SQLite数据库，表名: s_xhs_video_data_overview_ocr，融合类型: related
2025-11-13 13:54:40.004 | DEBUG    | db.merge_sync:sync_explore_data_merge_to_remote:52 - 使用数据库文件路径: D:\PycharmProjects\XHS-OCR\db\ocr_data.db
2025-11-13 13:54:40.006 | DEBUG    | db.merge_sync:sync_explore_data_merge_to_remote:69 - 数据库中已存在的表: ['s_xhs_note_data_overview_ocr', 'sqlite_sequence', 's_xhs_note_traffic_analysis_ocr', 's_xhs_user_info_ocr', 's_xhs_video_data_overview_bottom_ocr', 's_xhs_video_data_overview_top_ocr', 's_xhs_video_traffic_analysis_ocr', 's_xhs_traffic_analysis_ocr', 's_xhs_video_data_overview_ocr']
2025-11-13 13:54:40.006 | DEBUG    | db.merge_sync:sync_explore_data_merge_to_remote:92 - 执行查询: SELECT * FROM s_xhs_note_data_overview_ocr WHERE 采集日期 >= ? 参数: 20251110
2025-11-13 13:54:40.006 | DEBUG    | db.merge_sync:sync_explore_data_merge_to_remote:100 - 查询结果行数: 1
2025-11-13 13:54:40.007 | DEBUG    | db.merge_sync:sync_explore_data_merge_to_remote:104 - 列名: ['数据ID', '数据来源', '设备IP', '账号ID', '作品标题', '链接', '采集日期', '内容类型', '曝光数', '观看数', '封面点击率', '平均观看时长', '涨粉数', '点赞数', '评论数', '收藏数', '分享数']
2025-11-13 13:54:40.007 | INFO     | db.merge_sync:sync_explore_data_merge_to_remote:116 - 表 s_xhs_note_data_overview_ocr 查询到 1 行数据
2025-11-13 13:54:40.007 | DEBUG    | db.merge_sync:sync_explore_data_merge_to_remote:120 - 表 s_xhs_note_data_overview_ocr 前3行数据示例: [(2, '1894230222988058625', '172.25.1.41', '1944609540455948358', '嘎子姐的改装脚测评', 'http://xhslink.com/o/2szuAHmkUXy', '20251112', '图文', '3631', '723', '19.9%', '24.1', '0', '11', '9', '4', '2')]
2025-11-13 13:54:40.007 | DEBUG    | db.merge_sync:sync_explore_data_merge_to_remote:92 - 执行查询: SELECT * FROM s_xhs_video_data_overview_ocr WHERE 采集日期 >= ? 参数: 20251110
2025-11-13 13:54:40.007 | DEBUG    | db.merge_sync:sync_explore_data_merge_to_remote:100 - 查询结果行数: 1
2025-11-13 13:54:40.007 | DEBUG    | db.merge_sync:sync_explore_data_merge_to_remote:104 - 列名: ['数据ID', '涨粉数', '分享数', '曝光数', '内容类型', '评论数', '账号ID', '弹幕数', '收藏数', '平均观看时长', '2秒退出率', '采集日期', '观看数', '作品标题', '点赞数', '数据来源', '封面点击率', '设备IP', '链接', '完播率']
2025-11-13 13:54:40.007 | INFO     | db.merge_sync:sync_explore_data_merge_to_remote:116 - 表 s_xhs_video_data_overview_ocr 查询到 1 行数据
2025-11-13 13:54:40.007 | DEBUG    | db.merge_sync:sync_explore_data_merge_to_remote:120 - 表 s_xhs_video_data_overview_ocr 前3行数据示例: [(1, '0', '0', '279', '视频', '0', '1944609540455948358', '0', '1', '5.2', '49%', 20251112, '59', '这个嘎子姐的星星卡点太美萌了', '3', '1894230222988058625', '10.4%', '172.25.1.41', 'http://xhslink.com/o/9lIlKBscMet', '16.3%')]
2025-11-13 13:54:40.008 | INFO     | db.merge_sync:sync_explore_data_merge_to_remote:133 - 开始进行 unrelated 类型的数据融合，关联键: 数据ID
2025-11-13 13:54:40.008 | INFO     | db.merge_sync:sync_explore_data_merge_to_remote:134 - 融合后的表结构包含 20 列: ['数据ID', '涨粉数', '分享数', '曝光数', '内容类型', '评论数', '账号ID', '弹幕数', '收藏数', '平均观看时长', '2秒退出率', '采集日期', '观看数', '作品标题', '点赞数', '数据来源', '封面点击率', '设备IP', '链接', '完播率']
2025-11-13 13:54:40.008 | INFO     | db.merge_sync:merge_table_data_unrelated:264 - 非关联融合完成，共处理 2 行数据，其中包括所有原始数据行（即使无关联）
2025-11-13 13:54:40.008 | INFO     | db.merge_sync:sync_explore_data_merge_to_remote:141 - 使用非关联融合方式处理数据，融合后共有 2 行数据
2025-11-13 13:54:40.008 | DEBUG    | db.merge_sync:sync_explore_data_merge_to_remote:145 - 融合后前3行数据示例: [[2, '0', '2', '3631', '图文', '9', '1944609540455948358', '', '4', '24.1', '', '20251112', '723', '嘎子姐的改装脚测评', '11', '1894230222988058625', '19.9%', '172.25.1.41', 'http://xhslink.com/o/2szuAHmkUXy', ''], [1, '0', '0', '279', '视频', '0', '1944609540455948358', '0', '1', '5.2', '49%', 20251112, '59', '这个嘎子姐的星星卡点太美萌了', '3', '1894230222988058625', '10.4%', '172.25.1.41', 'http://xhslink.com/o/9lIlKBscMet', '16.3%']]
2025-11-13 13:54:40.009 | DEBUG    | db.merge_sync:sync_to_local_sqlite:357 - 连接到SQLite数据库: D:\PycharmProjects\XHS-OCR\db\ocr_data.db
2025-11-13 13:54:40.010 | DEBUG    | db.merge_sync:sync_to_local_sqlite:367 - 表 s_xhs_data_overview_ocr 是否存在: False
2025-11-13 13:54:40.011 | INFO     | db.merge_sync:sync_to_local_sqlite:371 - 表 s_xhs_data_overview_ocr 不存在，正在创建...
2025-11-13 13:54:40.011 | DEBUG    | db.merge_sync:create_table_if_not_exists_sqlite:554 - SQLite创建表SQL: 
    CREATE TABLE s_xhs_data_overview_ocr (
        "数据ID" INTEGER PRIMARY KEY AUTOINCREMENT, "涨粉数" TEXT, "分享数" TEXT, "曝光数" TEXT, "内容类型" TEXT, "评论数" TEXT, "账号ID" TEXT, "弹幕数" TEXT, "收藏数" TEXT, "平均观看时长" TEXT, "2秒退出率" TEXT, "采集日期" DATE, "观看数" TEXT, "作品标题" TEXT, "点赞数" TEXT, "数据来源" TEXT, "封面点击率" TEXT, "设备IP" TEXT, "链接" TEXT, "完播率" TEXT
        
    )
    
2025-11-13 13:54:40.066 | DEBUG    | db.merge_sync:sync_to_local_sqlite:399 - 使用唯一键约束字段: "数据ID"
2025-11-13 13:54:40.066 | DEBUG    | db.merge_sync:sync_to_local_sqlite:412 - SQLite插入SQL:

                        INSERT OR IGNORE INTO s_xhs_data_overview_ocr ("数据ID", "涨粉数", "分享数", "曝光数", "内容类型", "评论数", "账号ID", "弹幕数", "收藏数", "平均观看时长", "2秒退出率", "采集日期", "观看数", "作品标题", "点赞数", "数据来源", "封面点击率", "设备IP", "链接", "完播率")
                        VALUES (?, ?, ?, ?, ?, ?, ?, ?, ?, ?, ?, ?, ?, ?, ?, ?, ?, ?, ?, ?)
                    
2025-11-13 13:54:40.068 | DEBUG    | db.merge_sync:sync_to_local_sqlite:419 - 准备插入 2 行数据
2025-11-13 13:54:40.068 | DEBUG    | db.merge_sync:sync_to_local_sqlite:423 - SQL语句影响的行数: 2
2025-11-13 13:54:40.078 | INFO     | db.merge_sync:sync_to_local_sqlite:427 - 成功同步 2 条记录到本地SQLite数据库，表名: s_xhs_data_overview_ocr
2025-11-13 13:54:40.079 | DEBUG    | db.merge_sync:sync_to_local_sqlite:432 - 验证: 表 s_xhs_data_overview_ocr 中现有 2 行数据
2025-11-13 13:54:40.080 | DEBUG    | db.merge_sync:sync_to_local_sqlite:438 - 表 s_xhs_data_overview_ocr 数据示例: [(1, '0', '0', '279', '视频', '0', '1944609540455948358', '0', '1', '5.2', '49%', 20251112, '59', '这个嘎子姐的星星卡点太美萌了', '3', '1894230222988058625', '10.4%', '172.25.1.41', 'http://xhslink.com/o/9lIlKBscMet', '16.3%'), (2, '0', '2', '3631', '图文', '9', '1944609540455948358', '', '4', '24.1', '', 20251112, '723', '嘎子姐的改装脚测评', '11', '1894230222988058625', '19.9%', '172.25.1.41', 'http://xhslink.com/o/2szuAHmkUXy', '')]
2025-11-13 13:54:40.081 | INFO     | db.merge_sync:sync_explore_data_merge_to_remote:169 - 融合数据已保存到本地SQLite数据库，表名: s_xhs_data_overview_ocr，融合类型: unrelated
2025-11-13 13:54:40.081 | DEBUG    | db.merge_sync:sync_explore_data_merge_to_remote:52 - 使用数据库文件路径: D:\PycharmProjects\XHS-OCR\db\ocr_data.db
2025-11-13 13:54:40.083 | DEBUG    | db.merge_sync:sync_explore_data_merge_to_remote:69 - 数据库中已存在的表: ['s_xhs_note_data_overview_ocr', 'sqlite_sequence', 's_xhs_note_traffic_analysis_ocr', 's_xhs_user_info_ocr', 's_xhs_video_data_overview_bottom_ocr', 's_xhs_video_data_overview_top_ocr', 's_xhs_video_traffic_analysis_ocr', 's_xhs_traffic_analysis_ocr', 's_xhs_video_data_overview_ocr', 's_xhs_data_overview_ocr']
2025-11-13 13:54:40.084 | DEBUG    | db.merge_sync:sync_explore_data_merge_to_remote:92 - 执行查询: SELECT * FROM s_xhs_note_traffic_analysis_ocr WHERE 采集日期 >= ? 参数: 20251110
2025-11-13 13:54:40.084 | DEBUG    | db.merge_sync:sync_explore_data_merge_to_remote:100 - 查询结果行数: 1
2025-11-13 13:54:40.084 | DEBUG    | db.merge_sync:sync_explore_data_merge_to_remote:104 - 列名: ['数据ID', '数据来源', '设备IP', '账号ID', '作品标题', '链接', '采集日期', '内容类型', '观看来源-首页推荐', '观看来源-搜索', '观看来源-关注页面', '观看来源-其他来源', '观看转化率', '观看互动率', '曝光数', '观看数', '占总曝光', '占总观看', '平均观看时长', '点赞数', '评论数', '收藏数']
2025-11-13 13:54:40.085 | INFO     | db.merge_sync:sync_explore_data_merge_to_remote:116 - 表 s_xhs_note_traffic_analysis_ocr 查询到 1 行数据
2025-11-13 13:54:40.085 | DEBUG    | db.merge_sync:sync_explore_data_merge_to_remote:120 - 表 s_xhs_note_traffic_analysis_ocr 前3行数据示例: [(1, '1894230222988058625', '172.25.1.41', '1944609540455948358', '嘎子姐换脚教程来啦', 'http://xhslink.com/o/8sOLOcSMMhF', '20251112', '图文', '6.6%', '3.3%', '2%', '15.7%', '14.6%', '1.8%', '752', '110', '80.3%', '72.4%', '9.3', '2', '0', '0')]
2025-11-13 13:54:40.085 | DEBUG    | db.merge_sync:sync_explore_data_merge_to_remote:92 - 执行查询: SELECT * FROM s_xhs_video_traffic_analysis_ocr WHERE 采集日期 >= ? 参数: 20251110
2025-11-13 13:54:40.085 | DEBUG    | db.merge_sync:sync_explore_data_merge_to_remote:100 - 查询结果行数: 1
2025-11-13 13:54:40.086 | DEBUG    | db.merge_sync:sync_explore_data_merge_to_remote:104 - 列名: ['数据ID', '数据来源', '设备IP', '账号ID', '作品标题', '链接', '采集日期', '内容类型', '观看来源-搜索', '观看来源-首页推荐', '观看来源-视频推荐', '观看来源-关注页面', '观看来源-个人主页', '观看来源-其他来源', '观看转化率', '观看互动率', '曝光数', '观看数', '占总曝光', '占总观看', '平均观看时长', '点赞数', '评论数', '收藏数']
2025-11-13 13:54:40.086 | INFO     | db.merge_sync:sync_explore_data_merge_to_remote:116 - 表 s_xhs_video_traffic_analysis_ocr 查询到 1 行数据
2025-11-13 13:54:40.086 | DEBUG    | db.merge_sync:sync_explore_data_merge_to_remote:120 - 表 s_xhs_video_traffic_analysis_ocr 前3行数据示例: [(1, '1894230222988058625', '172.25.1.41', '1944609540455948358', '这个嘎子姐的星星卡点太美萌了', 'http://xhslink.com/o/9lIlKBscMet', '20251112', '视频', '30.9%', '29.2%', '15.8%', '13.9%', '2.8%', '7.4%', '25%', '1%', '1194', '299', '37.3%', '30.9%', '16.7', '2', '1', '0')]
2025-11-13 13:54:40.086 | INFO     | db.merge_sync:sync_explore_data_merge_to_remote:133 - 开始进行 unrelated 类型的数据融合，关联键: 数据ID
2025-11-13 13:54:40.086 | INFO     | db.merge_sync:sync_explore_data_merge_to_remote:134 - 融合后的表结构包含 24 列: ['数据ID', '占总观看', '曝光数', '观看来源-个人主页', '内容类型', '评论数', '账号ID', '占总曝光', '观看来源-搜索', '收藏数', '观看来源-首页推荐', '平均观看时长', '采集日期', '观看数', '观看来源-其他来源', '作品标题', '点赞数', '数据来源', '观看来源-关注页面', '观看转化率', '观看互动率', '设备IP', '观看来源-视频推荐', '链接']
2025-11-13 13:54:40.087 | INFO     | db.merge_sync:merge_table_data_unrelated:264 - 非关联融合完成，共处理 2 行数据，其中包括所有原始数据行（即使无关联）
2025-11-13 13:54:40.087 | INFO     | db.merge_sync:sync_explore_data_merge_to_remote:141 - 使用非关联融合方式处理数据，融合后共有 2 行数据
2025-11-13 13:54:40.087 | DEBUG    | db.merge_sync:sync_explore_data_merge_to_remote:145 - 融合后前3行数据示例: [[1, '72.4%', '752', '', '图文', '0', '1944609540455948358', '80.3%', '3.3%', '0', '6.6%', '9.3', '20251112', '110', '15.7%', '嘎子姐换脚教程来啦', '2', '1894230222988058625', '2%', '14.6%', '1.8%', '172.25.1.41', '', 'http://xhslink.com/o/8sOLOcSMMhF'], [1, '30.9%', '1194', '2.8%', '视频', '1', '1944609540455948358', '37.3%', '30.9%', '0', '29.2%', '16.7', '20251112', '299', '7.4%', '这个嘎子姐的星星卡点太美萌了', '2', '1894230222988058625', '13.9%', '25%', '1%', '172.25.1.41', '15.8%', 'http://xhslink.com/o/9lIlKBscMet']]
2025-11-13 13:54:40.088 | DEBUG    | db.merge_sync:sync_to_local_sqlite:357 - 连接到SQLite数据库: D:\PycharmProjects\XHS-OCR\db\ocr_data.db
2025-11-13 13:54:40.089 | DEBUG    | db.merge_sync:sync_to_local_sqlite:367 - 表 s_xhs_traffic_analysis_ocr 是否存在: True
2025-11-13 13:54:40.089 | INFO     | db.merge_sync:sync_to_local_sqlite:375 - 表 s_xhs_traffic_analysis_ocr 已存在，检查是否需要新增字段...
2025-11-13 13:54:40.090 | DEBUG    | db.merge_sync:sync_to_local_sqlite:399 - 使用唯一键约束字段: "数据ID"
2025-11-13 13:54:40.090 | DEBUG    | db.merge_sync:sync_to_local_sqlite:412 - SQLite插入SQL:

                        INSERT OR IGNORE INTO s_xhs_traffic_analysis_ocr ("数据ID", "占总观看", "曝光数", "观看来源-个人主页", "内容类型", "评论数", "账号ID", "占总曝光", "观看来源-搜索", "收藏数", "观看来源-首页推荐", "平均观看时长", "采集日期", "观看数", "观看来源-其他来源", "作品标题", "点赞数", "数据来源", "观看来源-关注页面", "观看转化率", "观看互动率", "设备IP", "观看来源-视频推荐", "链接")
                        VALUES (?, ?, ?, ?, ?, ?, ?, ?, ?, ?, ?, ?, ?, ?, ?, ?, ?, ?, ?, ?, ?, ?, ?, ?)
                    
2025-11-13 13:54:40.090 | DEBUG    | db.merge_sync:sync_to_local_sqlite:419 - 准备插入 2 行数据
2025-11-13 13:54:40.090 | DEBUG    | db.merge_sync:sync_to_local_sqlite:423 - SQL语句影响的行数: 0
2025-11-13 13:54:40.091 | INFO     | db.merge_sync:sync_to_local_sqlite:427 - 成功同步 2 条记录到本地SQLite数据库，表名: s_xhs_traffic_analysis_ocr
2025-11-13 13:54:40.091 | DEBUG    | db.merge_sync:sync_to_local_sqlite:432 - 验证: 表 s_xhs_traffic_analysis_ocr 中现有 1 行数据
2025-11-13 13:54:40.091 | DEBUG    | db.merge_sync:sync_to_local_sqlite:438 - 表 s_xhs_traffic_analysis_ocr 数据示例: [('110', '', '80.3%', '15.7%', '3.3%', '9.3', 20251112, '0', '14.6%', '752', '1894230222988058625', '2%', '172.25.1.41', 'http://xhslink.com/o/8sOLOcSMMhF', '', '6.6%', '1.8%', '2', '72.4%', '1944609540455948358', '1', '嘎子姐换脚教程来啦', '0', '图文')]
2025-11-13 13:54:40.091 | INFO     | db.merge_sync:sync_explore_data_merge_to_remote:169 - 融合数据已保存到本地SQLite数据库，表名: s_xhs_traffic_analysis_ocr，融合类型: unrelated
2025-11-13 13:54:40.092 | DEBUG    | db.merge_sync:sync_explore_data_merge_to_remote:52 - 使用数据库文件路径: D:\PycharmProjects\XHS-OCR\db\ocr_data.db
2025-11-13 13:54:40.093 | DEBUG    | db.merge_sync:sync_explore_data_merge_to_remote:69 - 数据库中已存在的表: ['s_xhs_note_data_overview_ocr', 'sqlite_sequence', 's_xhs_note_traffic_analysis_ocr', 's_xhs_user_info_ocr', 's_xhs_video_data_overview_bottom_ocr', 's_xhs_video_data_overview_top_ocr', 's_xhs_video_traffic_analysis_ocr', 's_xhs_traffic_analysis_ocr', 's_xhs_video_data_overview_ocr', 's_xhs_data_overview_ocr']
2025-11-13 13:54:40.094 | DEBUG    | db.merge_sync:sync_explore_data_merge_to_remote:97 - 执行查询: SELECT * FROM s_xhs_data_overview_ocr
2025-11-13 13:54:40.094 | DEBUG    | db.merge_sync:sync_explore_data_merge_to_remote:100 - 查询结果行数: 2
2025-11-13 13:54:40.094 | DEBUG    | db.merge_sync:sync_explore_data_merge_to_remote:104 - 列名: ['数据ID', '涨粉数', '分享数', '曝光数', '内容类型', '评论数', '账号ID', '弹幕数', '收藏数', '平均观看时长', '2秒退出率', '采集日期', '观看数', '作品标题', '点赞数', '数据来源', '封面点击率', '设备IP', '链接', '完播率']
2025-11-13 13:54:40.094 | INFO     | db.merge_sync:sync_explore_data_merge_to_remote:116 - 表 s_xhs_data_overview_ocr 查询到 2 行数据
2025-11-13 13:54:40.094 | DEBUG    | db.merge_sync:sync_explore_data_merge_to_remote:120 - 表 s_xhs_data_overview_ocr 前3行数据示例: [(1, '0', '0', '279', '视频', '0', '1944609540455948358', '0', '1', '5.2', '49%', 20251112, '59', '这个嘎子姐的星星卡点太美萌了', '3', '1894230222988058625', '10.4%', '172.25.1.41', 'http://xhslink.com/o/9lIlKBscMet', '16.3%'), (2, '0', '2', '3631', '图文', '9', '1944609540455948358', '', '4', '24.1', '', 20251112, '723', '嘎子姐的改装脚测评', '11', '1894230222988058625', '19.9%', '172.25.1.41', 'http://xhslink.com/o/2szuAHmkUXy', '')]
2025-11-13 13:54:40.095 | DEBUG    | db.merge_sync:sync_explore_data_merge_to_remote:97 - 执行查询: SELECT * FROM s_xhs_traffic_analysis_ocr
2025-11-13 13:54:40.095 | DEBUG    | db.merge_sync:sync_explore_data_merge_to_remote:100 - 查询结果行数: 1
2025-11-13 13:54:40.095 | DEBUG    | db.merge_sync:sync_explore_data_merge_to_remote:104 - 列名: ['观看数', '观看来源-视频推荐', '占总曝光', '观看来源-其他来源', '观看来源-搜索', '平均观看时长', '采集日期', '评论数', '观看转化率', '曝光数', '数据来源', '观看来源-关注页面', '设备IP', '链接', '观看来源-个人主页', '观看来源-首页推荐', '观看互动率', '点赞数', '占总观看', '账号ID', '数据ID', '作品标题', '收藏数', '内容类型']
2025-11-13 13:54:40.095 | INFO     | db.merge_sync:sync_explore_data_merge_to_remote:116 - 表 s_xhs_traffic_analysis_ocr 查询到 1 行数据
2025-11-13 13:54:40.095 | DEBUG    | db.merge_sync:sync_explore_data_merge_to_remote:120 - 表 s_xhs_traffic_analysis_ocr 前3行数据示例: [('110', '', '80.3%', '15.7%', '3.3%', '9.3', 20251112, '0', '14.6%', '752', '1894230222988058625', '2%', '172.25.1.41', 'http://xhslink.com/o/8sOLOcSMMhF', '', '6.6%', '1.8%', '2', '72.4%', '1944609540455948358', '1', '嘎子姐换脚教程来啦', '0', '图文')]
2025-11-13 13:54:40.095 | INFO     | db.merge_sync:sync_explore_data_merge_to_remote:133 - 开始进行 related 类型的数据融合，关联键: 账号ID, 设备IP, 采集日期, 链接
2025-11-13 13:54:40.095 | INFO     | db.merge_sync:sync_explore_data_merge_to_remote:134 - 融合后的表结构包含 30 列: ['数据ID', '占总观看', '涨粉数', '分享数', '曝光数', '观看来源-个人主页', '内容类型', '评论数', '账号ID', '占总曝光', '弹幕数', '收藏数', '观看来源-搜索', '观看来源-首页推荐', '平均观看时长', '2秒退出率', '采集日期', '观看数', '观看来源-其他来源', '作品标题', '点赞数', '数据来源', '观看来源-关注页面', '封面点击率', '观看转化率', '观看互动率', '设备IP', '观看来源-视频推荐', '链接', '完播率']
2025-11-13 13:54:40.096 | INFO     | db.merge_sync:merge_table_data_related:235 - 关联融合完成，共关联 0 个项目（具有来自多个表的数据）
2025-11-13 13:54:40.096 | INFO     | db.merge_sync:sync_explore_data_merge_to_remote:138 - 使用关联融合方式处理数据，融合后共有 3 行数据
2025-11-13 13:54:40.096 | DEBUG    | db.merge_sync:sync_explore_data_merge_to_remote:145 - 融合后前3行数据示例: [[1, '', '0', '0', '279', '', '视频', '0', '1944609540455948358', '', '0', '1', '', '', '5.2', '49%', 20251112, '59', '', '这个嘎子姐的星星卡点太美萌了', '3', '1894230222988058625', '', '10.4%', '', '', '172.25.1.41', '', 'http://xhslink.com/o/9lIlKBscMet', '16.3%'], [2, '', '0', '2', '3631', '', '图文', '9', '1944609540455948358', '', '', '4', '', '', '24.1', '', 20251112, '723', '', '嘎子姐的改装脚测评', '11', '1894230222988058625', '', '19.9%', '', '', '172.25.1.41', '', 'http://xhslink.com/o/2szuAHmkUXy', ''], ['1', '72.4%', '', '', '752', '', '图文', '0', '1944609540455948358', '80.3%', '', '0', '3.3%', '6.6%', '9.3', '', 20251112, '110', '15.7%', '嘎子姐换脚教程来啦', '2', '1894230222988058625', '2%', '', '14.6%', '1.8%', '172.25.1.41', '', 'http://xhslink.com/o/8sOLOcSMMhF', '']]
2025-11-13 13:54:40.096 | DEBUG    | db.merge_sync:sync_to_local_sqlite:357 - 连接到SQLite数据库: D:\PycharmProjects\XHS-OCR\db\ocr_data.db
2025-11-13 13:54:40.097 | DEBUG    | db.merge_sync:sync_to_local_sqlite:367 - 表 s_xhs_merged_data_ocr 是否存在: False
2025-11-13 13:54:40.097 | INFO     | db.merge_sync:sync_to_local_sqlite:371 - 表 s_xhs_merged_data_ocr 不存在，正在创建...
2025-11-13 13:54:40.097 | DEBUG    | db.merge_sync:create_table_if_not_exists_sqlite:554 - SQLite创建表SQL: 
    CREATE TABLE s_xhs_merged_data_ocr (
        "数据ID" INTEGER, "占总观看" TEXT, "涨粉数" TEXT, "分享数" TEXT, "曝光数" TEXT, "观看来源-个人主页" TEXT, "内容类型" TEXT, "评论数" TEXT, "账号ID" TEXT, "占总曝光" TEXT, "弹幕数" TEXT, "收藏数" TEXT, "观看来源-搜索" TEXT, "观看来源-首页推荐" TEXT, "平均观看时长" TEXT, "2秒退出率" TEXT, "采集日期" DATE, "观看数" TEXT, "观看来源-其他来源" TEXT, "作品标题" TEXT, "点赞数" TEXT, "数据来源" TEXT, "观看来源-关注页面" TEXT, "封面点击率" TEXT, "观看转化率" TEXT, "观看互动率" TEXT, "设备IP" TEXT, "观看来源-视频推荐" TEXT, "链接" TEXT, "完播率" TEXT
        , PRIMARY KEY ("账号ID", "设备IP", "采集日期", "链接")
    )
    
2025-11-13 13:54:40.109 | DEBUG    | db.merge_sync:sync_to_local_sqlite:399 - 使用唯一键约束字段: "账号ID", "设备IP", "采集日期", "链接"
2025-11-13 13:54:40.109 | DEBUG    | db.merge_sync:sync_to_local_sqlite:412 - SQLite插入SQL:

                        INSERT OR IGNORE INTO s_xhs_merged_data_ocr ("数据ID", "占总观看", "涨粉数", "分享数", "曝光数", "观看来源-个人主页", "内容类型", "评论数", "账号ID", "占总曝光", "弹幕数", "收藏数", "观看来源-搜索", "观看来源-首页推荐", "平均观看时长", "2秒退出率", "采集日期", "观看数", "观看来源-其他来源", "作品标题", "点赞数", "数据来源", "观看来源-关注页面", "封面点击率", "观看转化率", "观看互动率", "设备IP", "观看来源-视频推荐", "链接", "完播率")
                        VALUES (?, ?, ?, ?, ?, ?, ?, ?, ?, ?, ?, ?, ?, ?, ?, ?, ?, ?, ?, ?, ?, ?, ?, ?, ?, ?, ?, ?, ?, ?)
                    
2025-11-13 13:54:40.110 | DEBUG    | db.merge_sync:sync_to_local_sqlite:419 - 准备插入 3 行数据
2025-11-13 13:54:40.110 | DEBUG    | db.merge_sync:sync_to_local_sqlite:423 - SQL语句影响的行数: 3
2025-11-13 13:54:40.117 | INFO     | db.merge_sync:sync_to_local_sqlite:427 - 成功同步 3 条记录到本地SQLite数据库，表名: s_xhs_merged_data_ocr
2025-11-13 13:54:40.118 | DEBUG    | db.merge_sync:sync_to_local_sqlite:432 - 验证: 表 s_xhs_merged_data_ocr 中现有 3 行数据
2025-11-13 13:54:40.118 | DEBUG    | db.merge_sync:sync_to_local_sqlite:438 - 表 s_xhs_merged_data_ocr 数据示例: [(1, '', '0', '0', '279', '', '视频', '0', '1944609540455948358', '', '0', '1', '', '', '5.2', '49%', 20251112, '59', '', '这个嘎子姐的星星卡点太美萌了', '3', '1894230222988058625', '', '10.4%', '', '', '172.25.1.41', '', 'http://xhslink.com/o/9lIlKBscMet', '16.3%'), (2, '', '0', '2', '3631', '', '图文', '9', '1944609540455948358', '', '', '4', '', '', '24.1', '', 20251112, '723', '', '嘎子姐的改装脚测评', '11', '1894230222988058625', '', '19.9%', '', '', '172.25.1.41', '', 'http://xhslink.com/o/2szuAHmkUXy', ''), (1, '72.4%', '', '', '752', '', '图文', '0', '1944609540455948358', '80.3%', '', '0', '3.3%', '6.6%', '9.3', '', 20251112, '110', '15.7%', '嘎子姐换脚教程来啦', '2', '1894230222988058625', '2%', '', '14.6%', '1.8%', '172.25.1.41', '', 'http://xhslink.com/o/8sOLOcSMMhF', '')]
2025-11-13 13:54:40.118 | INFO     | db.merge_sync:sync_explore_data_merge_to_remote:169 - 融合数据已保存到本地SQLite数据库，表名: s_xhs_merged_data_ocr，融合类型: related
