2025-11-13 12:12:27.129 | DEBUG    | db.merge_sync:sync_explore_data_merge_to_remote:52 - 使用数据库文件路径: D:\PycharmProjects\XHS-OCR\db\ocr_data.db
2025-11-13 12:12:27.130 | DEBUG    | db.merge_sync:sync_explore_data_merge_to_remote:69 - 数据库中已存在的表: ['s_xhs_note_data_overview_ocr', 'sqlite_sequence', 's_xhs_note_traffic_analysis_ocr', 's_xhs_user_info_ocr', 's_xhs_video_data_overview_bottom_ocr', 's_xhs_video_data_overview_top_ocr', 's_xhs_video_traffic_analysis_ocr']
2025-11-13 12:12:27.130 | INFO     | db.merge_sync:sync_explore_data_merge_to_remote:109 - 表 s_xhs_video_data_overview_top_ocr 查询到 1 行数据
2025-11-13 12:12:27.130 | DEBUG    | db.merge_sync:sync_explore_data_merge_to_remote:113 - 表 s_xhs_video_data_overview_top_ocr 前3行数据示例: [(2, '1894230222988058625', '172.25.1.41', '1944609540455948358', '这个嘎子姐的星星卡点太美萌了', 'http://xhslink.com/o/9lIlKBscMet', '20251112', '视频', '279', '59', '10.4%', '5.2', '16.3%', '49%', '0')]
2025-11-13 12:12:27.130 | INFO     | db.merge_sync:sync_explore_data_merge_to_remote:109 - 表 s_xhs_video_data_overview_bottom_ocr 查询到 1 行数据
2025-11-13 12:12:27.130 | DEBUG    | db.merge_sync:sync_explore_data_merge_to_remote:113 - 表 s_xhs_video_data_overview_bottom_ocr 前3行数据示例: [(1, '1894230222988058625', '172.25.1.41', '1944609540455948358', '这个嘎子姐的星星卡点太美萌了', 'http://xhslink.com/o/9lIlKBscMet', '20251112', '视频', '3', '0', '1', '0', '0')]
2025-11-13 12:12:27.131 | INFO     | db.merge_sync:sync_explore_data_merge_to_remote:120 - 开始进行 related 类型的数据融合，关联键: 账号ID, 设备IP, 采集日期, 链接
2025-11-13 12:12:27.131 | INFO     | db.merge_sync:sync_explore_data_merge_to_remote:121 - 融合后的表结构包含 20 列: ['封面点击率', '弹幕数', '观看数', '2秒退出率', '平均观看时长', '采集日期', '评论数', '曝光数', '涨粉数', '数据来源', '分享数', '设备IP', '链接', '点赞数', '账号ID', '完播率', '数据ID', '作品标题', '收藏数', '内容类型']
2025-11-13 12:12:27.131 | INFO     | db.merge_sync:merge_table_data_related:234 - 关联融合完成，共关联 1 个项目（具有来自多个表的数据）
2025-11-13 12:12:27.131 | INFO     | db.merge_sync:sync_explore_data_merge_to_remote:125 - 使用关联融合方式处理数据，融合后共有 1 行数据
2025-11-13 12:12:27.131 | DEBUG    | db.merge_sync:sync_explore_data_merge_to_remote:132 - 融合后前3行数据示例: [['10.4%', '0', '59', '49%', '5.2', '20251112', '0', '279', '0', '1894230222988058625', '0', '172.25.1.41', 'http://xhslink.com/o/9lIlKBscMet', '3', '1944609540455948358', '16.3%', 'merged_1', '这个嘎子姐的星星卡点太美萌了', '1', '视频']]
2025-11-13 12:12:27.131 | DEBUG    | db.merge_sync:sync_to_local_sqlite:356 - 连接到SQLite数据库: D:\PycharmProjects\XHS-OCR\db\ocr_data.db
2025-11-13 12:12:27.131 | DEBUG    | db.merge_sync:sync_to_local_sqlite:366 - 表 s_xhs_video_data_overview_ocr 是否存在: False
2025-11-13 12:12:27.131 | INFO     | db.merge_sync:sync_to_local_sqlite:370 - 表 s_xhs_video_data_overview_ocr 不存在，正在创建...
2025-11-13 12:12:27.131 | DEBUG    | db.merge_sync:create_table_if_not_exists_sqlite:531 - SQLite创建表SQL: 
    CREATE TABLE s_xhs_video_data_overview_ocr (
        "封面点击率" TEXT, "弹幕数" TEXT, "观看数" TEXT, "2秒退出率" TEXT, "平均观看时长" TEXT, "采集日期" DATE, "评论数" TEXT, "曝光数" TEXT, "涨粉数" TEXT, "数据来源" TEXT, "分享数" TEXT, "设备IP" TEXT, "链接" TEXT, "点赞数" TEXT, "账号ID" TEXT, "完播率" TEXT, "数据ID" TEXT, "作品标题" TEXT, "收藏数" TEXT, "内容类型" TEXT
        , PRIMARY KEY ("账号ID", "设备IP", "采集日期", "链接")
    )
    
2025-11-13 12:12:27.140 | DEBUG    | db.merge_sync:sync_to_local_sqlite:398 - 使用唯一键约束字段: "账号ID", "设备IP", "采集日期", "链接"
2025-11-13 12:12:27.140 | DEBUG    | db.merge_sync:sync_to_local_sqlite:411 - SQLite插入SQL:

                        INSERT OR IGNORE INTO s_xhs_video_data_overview_ocr ("封面点击率", "弹幕数", "观看数", "2秒退出率", "平均观看时长", "采集日期", "评论数", "曝光数", "涨粉数", "数据来源", "分享数", "设备IP", "链接", "点赞数", "账号ID", "完播率", "数据ID", "作品标题", "收藏数", "内容类型")
                        VALUES (?, ?, ?, ?, ?, ?, ?, ?, ?, ?, ?, ?, ?, ?, ?, ?, ?, ?, ?, ?)
                    
2025-11-13 12:12:27.141 | DEBUG    | db.merge_sync:sync_to_local_sqlite:418 - 准备插入 1 行数据
2025-11-13 12:12:27.146 | INFO     | db.merge_sync:sync_to_local_sqlite:422 - 成功同步 1 条记录到本地SQLite数据库，表名: s_xhs_video_data_overview_ocr
2025-11-13 12:12:27.146 | DEBUG    | db.merge_sync:sync_to_local_sqlite:427 - 验证: 表 s_xhs_video_data_overview_ocr 中现有 1 行数据
2025-11-13 12:12:27.148 | INFO     | db.merge_sync:sync_explore_data_merge_to_remote:156 - 融合数据已保存到本地SQLite数据库，表名: s_xhs_video_data_overview_ocr，融合类型: related
2025-11-13 12:12:27.148 | DEBUG    | db.merge_sync:sync_explore_data_merge_to_remote:52 - 使用数据库文件路径: D:\PycharmProjects\XHS-OCR\db\ocr_data.db
2025-11-13 12:12:27.148 | DEBUG    | db.merge_sync:sync_explore_data_merge_to_remote:69 - 数据库中已存在的表: ['s_xhs_note_data_overview_ocr', 'sqlite_sequence', 's_xhs_note_traffic_analysis_ocr', 's_xhs_user_info_ocr', 's_xhs_video_data_overview_bottom_ocr', 's_xhs_video_data_overview_top_ocr', 's_xhs_video_traffic_analysis_ocr', 's_xhs_video_data_overview_ocr']
2025-11-13 12:12:27.149 | INFO     | db.merge_sync:sync_explore_data_merge_to_remote:109 - 表 s_xhs_note_data_overview_ocr 查询到 2 行数据
2025-11-13 12:12:27.149 | DEBUG    | db.merge_sync:sync_explore_data_merge_to_remote:113 - 表 s_xhs_note_data_overview_ocr 前3行数据示例: [(1, '1894230222988058625', '172.25.1.41', '1944609540455948358', '嘎子姐换脚教程来啦', 'http://xhslink.com/o/8sOLOcSMMhF', '20251112', '图文', '1543', '314', '19.3%', '15.6', '0', '4', '2', '0', '0'), (2, '1894230222988058625', '172.25.1.41', '1944609540455948358', '嘎子姐的改装脚测评', 'http://xhslink.com/o/2szuAHmkUXy', '20251112', '图文', '3631', '723', '19.9%', '24.1', '0', '11', '9', '4', '2')]
2025-11-13 12:12:27.149 | INFO     | db.merge_sync:sync_explore_data_merge_to_remote:109 - 表 s_xhs_video_data_overview_ocr 查询到 0 行数据
2025-11-13 12:12:27.149 | INFO     | db.merge_sync:sync_explore_data_merge_to_remote:120 - 开始进行 unrelated 类型的数据融合，关联键: 数据ID
2025-11-13 12:12:27.149 | INFO     | db.merge_sync:sync_explore_data_merge_to_remote:121 - 融合后的表结构包含 20 列: ['封面点击率', '弹幕数', '观看数', '2秒退出率', '平均观看时长', '采集日期', '评论数', '曝光数', '涨粉数', '数据来源', '分享数', '设备IP', '链接', '点赞数', '账号ID', '完播率', '数据ID', '作品标题', '收藏数', '内容类型']
2025-11-13 12:12:27.149 | INFO     | db.merge_sync:merge_table_data_unrelated:263 - 非关联融合完成，共处理 2 行数据，其中包括所有原始数据行（即使无关联）
2025-11-13 12:12:27.149 | INFO     | db.merge_sync:sync_explore_data_merge_to_remote:128 - 使用非关联融合方式处理数据，融合后共有 2 行数据
2025-11-13 12:12:27.149 | DEBUG    | db.merge_sync:sync_explore_data_merge_to_remote:132 - 融合后前3行数据示例: [['19.3%', '', '314', '', '15.6', '20251112', '2', '1543', '0', '1894230222988058625', '0', '172.25.1.41', 'http://xhslink.com/o/8sOLOcSMMhF', '4', '1944609540455948358', '', 1, '嘎子姐换脚教程来啦', '0', '图文'], ['19.9%', '', '723', '', '24.1', '20251112', '9', '3631', '0', '1894230222988058625', '2', '172.25.1.41', 'http://xhslink.com/o/2szuAHmkUXy', '11', '1944609540455948358', '', 2, '嘎子姐的改装脚测评', '4', '图文']]
2025-11-13 12:12:27.152 | DEBUG    | db.merge_sync:sync_to_local_sqlite:356 - 连接到SQLite数据库: D:\PycharmProjects\XHS-OCR\db\ocr_data.db
2025-11-13 12:12:27.152 | DEBUG    | db.merge_sync:sync_to_local_sqlite:366 - 表 s_xhs_data_overview_ocr 是否存在: False
2025-11-13 12:12:27.152 | INFO     | db.merge_sync:sync_to_local_sqlite:370 - 表 s_xhs_data_overview_ocr 不存在，正在创建...
2025-11-13 12:12:27.152 | DEBUG    | db.merge_sync:create_table_if_not_exists_sqlite:531 - SQLite创建表SQL: 
    CREATE TABLE s_xhs_data_overview_ocr (
        "封面点击率" TEXT, "弹幕数" TEXT, "观看数" TEXT, "2秒退出率" TEXT, "平均观看时长" TEXT, "采集日期" DATE, "评论数" TEXT, "曝光数" TEXT, "涨粉数" TEXT, "数据来源" TEXT, "分享数" TEXT, "设备IP" TEXT, "链接" TEXT, "点赞数" TEXT, "账号ID" TEXT, "完播率" TEXT, "数据ID" TEXT, "作品标题" TEXT, "收藏数" TEXT, "内容类型" TEXT
        , PRIMARY KEY ("数据ID")
    )
    
2025-11-13 12:12:27.162 | DEBUG    | db.merge_sync:sync_to_local_sqlite:398 - 使用唯一键约束字段: "数据ID"
2025-11-13 12:12:27.162 | DEBUG    | db.merge_sync:sync_to_local_sqlite:411 - SQLite插入SQL:

                        INSERT OR IGNORE INTO s_xhs_data_overview_ocr ("封面点击率", "弹幕数", "观看数", "2秒退出率", "平均观看时长", "采集日期", "评论数", "曝光数", "涨粉数", "数据来源", "分享数", "设备IP", "链接", "点赞数", "账号ID", "完播率", "数据ID", "作品标题", "收藏数", "内容类型")
                        VALUES (?, ?, ?, ?, ?, ?, ?, ?, ?, ?, ?, ?, ?, ?, ?, ?, ?, ?, ?, ?)
                    
2025-11-13 12:12:27.162 | DEBUG    | db.merge_sync:sync_to_local_sqlite:418 - 准备插入 2 行数据
2025-11-13 12:12:27.169 | INFO     | db.merge_sync:sync_to_local_sqlite:422 - 成功同步 2 条记录到本地SQLite数据库，表名: s_xhs_data_overview_ocr
2025-11-13 12:12:27.169 | DEBUG    | db.merge_sync:sync_to_local_sqlite:427 - 验证: 表 s_xhs_data_overview_ocr 中现有 2 行数据
2025-11-13 12:12:27.170 | INFO     | db.merge_sync:sync_explore_data_merge_to_remote:156 - 融合数据已保存到本地SQLite数据库，表名: s_xhs_data_overview_ocr，融合类型: unrelated
2025-11-13 12:12:27.170 | DEBUG    | db.merge_sync:sync_explore_data_merge_to_remote:52 - 使用数据库文件路径: D:\PycharmProjects\XHS-OCR\db\ocr_data.db
2025-11-13 12:12:27.171 | DEBUG    | db.merge_sync:sync_explore_data_merge_to_remote:69 - 数据库中已存在的表: ['s_xhs_note_data_overview_ocr', 'sqlite_sequence', 's_xhs_note_traffic_analysis_ocr', 's_xhs_user_info_ocr', 's_xhs_video_data_overview_bottom_ocr', 's_xhs_video_data_overview_top_ocr', 's_xhs_video_traffic_analysis_ocr', 's_xhs_video_data_overview_ocr', 's_xhs_data_overview_ocr']
2025-11-13 12:12:27.171 | INFO     | db.merge_sync:sync_explore_data_merge_to_remote:109 - 表 s_xhs_note_traffic_analysis_ocr 查询到 1 行数据
2025-11-13 12:12:27.172 | DEBUG    | db.merge_sync:sync_explore_data_merge_to_remote:113 - 表 s_xhs_note_traffic_analysis_ocr 前3行数据示例: [(1, '1894230222988058625', '172.25.1.41', '1944609540455948358', '嘎子姐换脚教程来啦', 'http://xhslink.com/o/8sOLOcSMMhF', '20251112', '图文', '6.6%', '3.3%', '2%', '15.7%', '14.6%', '1.8%', '752', '110', '80.3%', '72.4%', '9.3', '2', '0', '0')]
2025-11-13 12:12:27.172 | INFO     | db.merge_sync:sync_explore_data_merge_to_remote:109 - 表 s_xhs_video_traffic_analysis_ocr 查询到 1 行数据
2025-11-13 12:12:27.172 | DEBUG    | db.merge_sync:sync_explore_data_merge_to_remote:113 - 表 s_xhs_video_traffic_analysis_ocr 前3行数据示例: [(1, '1894230222988058625', '172.25.1.41', '1944609540455948358', '这个嘎子姐的星星卡点太美萌了', 'http://xhslink.com/o/9lIlKBscMet', '20251112', '视频', '30.9%', '29.2%', '15.8%', '13.9%', '2.8%', '7.4%', '25%', '1%', '1194', '299', '37.3%', '30.9%', '16.7', '2', '1', '0')]
2025-11-13 12:12:27.172 | INFO     | db.merge_sync:sync_explore_data_merge_to_remote:120 - 开始进行 unrelated 类型的数据融合，关联键: 数据ID
2025-11-13 12:12:27.172 | INFO     | db.merge_sync:sync_explore_data_merge_to_remote:121 - 融合后的表结构包含 24 列: ['观看数', '观看来源-视频推荐', '占总曝光', '观看来源-其他来源', '观看来源-搜索', '平均观看时长', '采集日期', '评论数', '观看转化率', '曝光数', '数据来源', '观看来源-关注页面', '设备IP', '链接', '观看来源-个人主页', '观看来源-首页推荐', '观看互动率', '点赞数', '占总观看', '账号ID', '数据ID', '作品标题', '收藏数', '内容类型']
2025-11-13 12:12:27.172 | INFO     | db.merge_sync:merge_table_data_unrelated:263 - 非关联融合完成，共处理 2 行数据，其中包括所有原始数据行（即使无关联）
2025-11-13 12:12:27.172 | INFO     | db.merge_sync:sync_explore_data_merge_to_remote:128 - 使用非关联融合方式处理数据，融合后共有 2 行数据
2025-11-13 12:12:27.173 | DEBUG    | db.merge_sync:sync_explore_data_merge_to_remote:132 - 融合后前3行数据示例: [['110', '', '80.3%', '15.7%', '3.3%', '9.3', '20251112', '0', '14.6%', '752', '1894230222988058625', '2%', '172.25.1.41', 'http://xhslink.com/o/8sOLOcSMMhF', '', '6.6%', '1.8%', '2', '72.4%', '1944609540455948358', 1, '嘎子姐换脚教程来啦', '0', '图文'], ['299', '15.8%', '37.3%', '7.4%', '30.9%', '16.7', '20251112', '1', '25%', '1194', '1894230222988058625', '13.9%', '172.25.1.41', 'http://xhslink.com/o/9lIlKBscMet', '2.8%', '29.2%', '1%', '2', '30.9%', '1944609540455948358', 1, '这个嘎子姐的星星卡点太美萌了', '0', '视频']]
2025-11-13 12:12:27.173 | DEBUG    | db.merge_sync:sync_to_local_sqlite:356 - 连接到SQLite数据库: D:\PycharmProjects\XHS-OCR\db\ocr_data.db
2025-11-13 12:12:27.174 | DEBUG    | db.merge_sync:sync_to_local_sqlite:366 - 表 s_xhs_traffic_analysis_ocr 是否存在: False
2025-11-13 12:12:27.174 | INFO     | db.merge_sync:sync_to_local_sqlite:370 - 表 s_xhs_traffic_analysis_ocr 不存在，正在创建...
2025-11-13 12:12:27.174 | DEBUG    | db.merge_sync:create_table_if_not_exists_sqlite:531 - SQLite创建表SQL: 
    CREATE TABLE s_xhs_traffic_analysis_ocr (
        "观看数" TEXT, "观看来源-视频推荐" TEXT, "占总曝光" TEXT, "观看来源-其他来源" TEXT, "观看来源-搜索" TEXT, "平均观看时长" TEXT, "采集日期" DATE, "评论数" TEXT, "观看转化率" TEXT, "曝光数" TEXT, "数据来源" TEXT, "观看来源-关注页面" TEXT, "设备IP" TEXT, "链接" TEXT, "观看来源-个人主页" TEXT, "观看来源-首页推荐" TEXT, "观看互动率" TEXT, "点赞数" TEXT, "占总观看" TEXT, "账号ID" TEXT, "数据ID" TEXT, "作品标题" TEXT, "收藏数" TEXT, "内容类型" TEXT
        , PRIMARY KEY ("数据ID")
    )
    
2025-11-13 12:12:27.185 | DEBUG    | db.merge_sync:sync_to_local_sqlite:398 - 使用唯一键约束字段: "数据ID"
2025-11-13 12:12:27.185 | DEBUG    | db.merge_sync:sync_to_local_sqlite:411 - SQLite插入SQL:

                        INSERT OR IGNORE INTO s_xhs_traffic_analysis_ocr ("观看数", "观看来源-视频推荐", "占总曝光", "观看来源-其他来源", "观看来源-搜索", "平均观看时长", "采集日期", "评论数", "观看转化率", "曝光数", "数据来源", "观看来源-关注页面", "设备IP", "链接", "观看来源-个人主页", "观看来源-首页推荐", "观看互动率", "点赞数", "占总观看", "账号ID", "数据ID", "作品标题", "收藏数", "内容类型")
                        VALUES (?, ?, ?, ?, ?, ?, ?, ?, ?, ?, ?, ?, ?, ?, ?, ?, ?, ?, ?, ?, ?, ?, ?, ?)
                    
2025-11-13 12:12:27.187 | DEBUG    | db.merge_sync:sync_to_local_sqlite:418 - 准备插入 2 行数据
2025-11-13 12:12:27.193 | INFO     | db.merge_sync:sync_to_local_sqlite:422 - 成功同步 2 条记录到本地SQLite数据库，表名: s_xhs_traffic_analysis_ocr
2025-11-13 12:12:27.194 | DEBUG    | db.merge_sync:sync_to_local_sqlite:427 - 验证: 表 s_xhs_traffic_analysis_ocr 中现有 1 行数据
2025-11-13 12:12:27.194 | INFO     | db.merge_sync:sync_explore_data_merge_to_remote:156 - 融合数据已保存到本地SQLite数据库，表名: s_xhs_traffic_analysis_ocr，融合类型: unrelated
2025-11-13 12:12:27.195 | DEBUG    | db.merge_sync:sync_explore_data_merge_to_remote:52 - 使用数据库文件路径: D:\PycharmProjects\XHS-OCR\db\ocr_data.db
2025-11-13 12:12:27.196 | DEBUG    | db.merge_sync:sync_explore_data_merge_to_remote:69 - 数据库中已存在的表: ['s_xhs_note_data_overview_ocr', 'sqlite_sequence', 's_xhs_note_traffic_analysis_ocr', 's_xhs_user_info_ocr', 's_xhs_video_data_overview_bottom_ocr', 's_xhs_video_data_overview_top_ocr', 's_xhs_video_traffic_analysis_ocr', 's_xhs_video_data_overview_ocr', 's_xhs_data_overview_ocr', 's_xhs_traffic_analysis_ocr']
2025-11-13 12:12:27.198 | INFO     | db.merge_sync:sync_explore_data_merge_to_remote:109 - 表 s_xhs_data_overview_ocr 查询到 2 行数据
2025-11-13 12:12:27.198 | DEBUG    | db.merge_sync:sync_explore_data_merge_to_remote:113 - 表 s_xhs_data_overview_ocr 前3行数据示例: [('19.3%', '', '314', '', '15.6', 20251112, '2', '1543', '0', '1894230222988058625', '0', '172.25.1.41', 'http://xhslink.com/o/8sOLOcSMMhF', '4', '1944609540455948358', '', '1', '嘎子姐换脚教程来啦', '0', '图文'), ('19.9%', '', '723', '', '24.1', 20251112, '9', '3631', '0', '1894230222988058625', '2', '172.25.1.41', 'http://xhslink.com/o/2szuAHmkUXy', '11', '1944609540455948358', '', '2', '嘎子姐的改装脚测评', '4', '图文')]
2025-11-13 12:12:27.199 | INFO     | db.merge_sync:sync_explore_data_merge_to_remote:109 - 表 s_xhs_traffic_analysis_ocr 查询到 1 行数据
2025-11-13 12:12:27.199 | DEBUG    | db.merge_sync:sync_explore_data_merge_to_remote:113 - 表 s_xhs_traffic_analysis_ocr 前3行数据示例: [('110', '', '80.3%', '15.7%', '3.3%', '9.3', 20251112, '0', '14.6%', '752', '1894230222988058625', '2%', '172.25.1.41', 'http://xhslink.com/o/8sOLOcSMMhF', '', '6.6%', '1.8%', '2', '72.4%', '1944609540455948358', '1', '嘎子姐换脚教程来啦', '0', '图文')]
2025-11-13 12:12:27.199 | INFO     | db.merge_sync:sync_explore_data_merge_to_remote:120 - 开始进行 related 类型的数据融合，关联键: 账号ID, 设备IP, 采集日期, 链接
2025-11-13 12:12:27.199 | INFO     | db.merge_sync:sync_explore_data_merge_to_remote:121 - 融合后的表结构包含 30 列: ['封面点击率', '弹幕数', '观看数', '观看来源-视频推荐', '占总曝光', '2秒退出率', '观看来源-其他来源', '观看来源-搜索', '平均观看时长', '采集日期', '评论数', '观看转化率', '曝光数', '涨粉数', '数据来源', '分享数', '观看来源-关注页面', '设备IP', '链接', '观看来源-个人主页', '观看来源-首页推荐', '点赞数', '观看互动率', '占总观看', '账号ID', '完播率', '数据ID', '作品标题', '收藏数', '内容类型']
2025-11-13 12:12:27.200 | INFO     | db.merge_sync:merge_table_data_related:234 - 关联融合完成，共关联 1 个项目（具有来自多个表的数据）
2025-11-13 12:12:27.200 | INFO     | db.merge_sync:sync_explore_data_merge_to_remote:125 - 使用关联融合方式处理数据，融合后共有 2 行数据
2025-11-13 12:12:27.200 | DEBUG    | db.merge_sync:sync_explore_data_merge_to_remote:132 - 融合后前3行数据示例: [['19.3%', '', '110', '', '80.3%', '', '15.7%', '3.3%', '9.3', 20251112, '0', '14.6%', '752', '0', '1894230222988058625', '0', '2%', '172.25.1.41', 'http://xhslink.com/o/8sOLOcSMMhF', '', '6.6%', '2', '1.8%', '72.4%', '1944609540455948358', '', 'merged_1', '嘎子姐换脚教程来啦', '0', '图文'], ['19.9%', '', '723', '', '', '', '', '', '24.1', 20251112, '9', '', '3631', '0', '1894230222988058625', '2', '', '172.25.1.41', 'http://xhslink.com/o/2szuAHmkUXy', '', '', '11', '', '', '1944609540455948358', '', 'merged_2', '嘎子姐的改装脚测评', '4', '图文']]
2025-11-13 12:12:27.202 | DEBUG    | db.merge_sync:sync_to_local_sqlite:356 - 连接到SQLite数据库: D:\PycharmProjects\XHS-OCR\db\ocr_data.db
2025-11-13 12:12:27.203 | DEBUG    | db.merge_sync:sync_to_local_sqlite:366 - 表 s_xhs_merged_data_ocr 是否存在: False
2025-11-13 12:12:27.203 | INFO     | db.merge_sync:sync_to_local_sqlite:370 - 表 s_xhs_merged_data_ocr 不存在，正在创建...
2025-11-13 12:12:27.203 | DEBUG    | db.merge_sync:create_table_if_not_exists_sqlite:531 - SQLite创建表SQL: 
    CREATE TABLE s_xhs_merged_data_ocr (
        "封面点击率" TEXT, "弹幕数" TEXT, "观看数" TEXT, "观看来源-视频推荐" TEXT, "占总曝光" TEXT, "2秒退出率" TEXT, "观看来源-其他来源" TEXT, "观看来源-搜索" TEXT, "平均观看时长" TEXT, "采集日期" DATE, "评论数" TEXT, "观看转化率" TEXT, "曝光数" TEXT, "涨粉数" TEXT, "数据来源" TEXT, "分享数" TEXT, "观看来源-关注页面" TEXT, "设备IP" TEXT, "链接" TEXT, "观看来源-个人主页" TEXT, "观看来源-首页推荐" TEXT, "点赞数" TEXT, "观看互动率" TEXT, "占总观看" TEXT, "账号ID" TEXT, "完播率" TEXT, "数据ID" TEXT, "作品标题" TEXT, "收藏数" TEXT, "内容类型" TEXT
        , PRIMARY KEY ("账号ID", "设备IP", "采集日期", "链接")
    )
    
2025-11-13 12:12:27.217 | DEBUG    | db.merge_sync:sync_to_local_sqlite:398 - 使用唯一键约束字段: "账号ID", "设备IP", "采集日期", "链接"
2025-11-13 12:12:27.218 | DEBUG    | db.merge_sync:sync_to_local_sqlite:411 - SQLite插入SQL:

                        INSERT OR IGNORE INTO s_xhs_merged_data_ocr ("封面点击率", "弹幕数", "观看数", "观看来源-视频推荐", "占总曝光", "2秒退出率", "观看来源-其他来源", "观看来源-搜索", "平均观看时长", "采集日期", "评论数", "观看转化率", "曝光数", "涨粉数", "数据来源", "分享数", "观看来源-关注页面", "设备IP", "链接", "观看来源-个人主页", "观看来源-首页推荐", "点赞数", "观看互动率", "占总观看", "账号ID", "完播率", "数据ID", "作品标题", "收藏数", "内容类型")
                        VALUES (?, ?, ?, ?, ?, ?, ?, ?, ?, ?, ?, ?, ?, ?, ?, ?, ?, ?, ?, ?, ?, ?, ?, ?, ?, ?, ?, ?, ?, ?)
                    
2025-11-13 12:12:27.219 | DEBUG    | db.merge_sync:sync_to_local_sqlite:418 - 准备插入 2 行数据
2025-11-13 12:12:27.229 | INFO     | db.merge_sync:sync_to_local_sqlite:422 - 成功同步 2 条记录到本地SQLite数据库，表名: s_xhs_merged_data_ocr
2025-11-13 12:12:27.230 | DEBUG    | db.merge_sync:sync_to_local_sqlite:427 - 验证: 表 s_xhs_merged_data_ocr 中现有 2 行数据
2025-11-13 12:12:27.232 | INFO     | db.merge_sync:sync_explore_data_merge_to_remote:156 - 融合数据已保存到本地SQLite数据库，表名: s_xhs_merged_data_ocr，融合类型: related
