2025-11-13 12:10:26.695 | DEBUG    | db.merge_sync:sync_explore_data_merge_to_remote:52 - 使用数据库文件路径: D:\PycharmProjects\XHS-OCR\db\ocr_data.db
2025-11-13 12:10:26.696 | DEBUG    | db.merge_sync:sync_explore_data_merge_to_remote:69 - 数据库中已存在的表: ['s_xhs_note_data_overview_ocr', 'sqlite_sequence', 's_xhs_note_traffic_analysis_ocr', 's_xhs_user_info_ocr', 's_xhs_video_data_overview_bottom_ocr', 's_xhs_video_data_overview_top_ocr', 's_xhs_video_traffic_analysis_ocr', 's_xhs_video_data_overview_ocr']
2025-11-13 12:10:26.696 | INFO     | db.merge_sync:sync_explore_data_merge_to_remote:109 - 表 s_xhs_video_data_overview_top_ocr 查询到 1 行数据
2025-11-13 12:10:26.696 | DEBUG    | db.merge_sync:sync_explore_data_merge_to_remote:113 - 表 s_xhs_video_data_overview_top_ocr 前3行数据示例: [(2, '1894230222988058625', '172.25.1.41', '1944609540455948358', '这个嘎子姐的星星卡点太美萌了', 'http://xhslink.com/o/9lIlKBscMet', '20251112', '视频', '279', '59', '10.4%', '5.2', '16.3%', '49%', '0')]
2025-11-13 12:10:26.696 | INFO     | db.merge_sync:sync_explore_data_merge_to_remote:109 - 表 s_xhs_video_data_overview_bottom_ocr 查询到 1 行数据
2025-11-13 12:10:26.696 | DEBUG    | db.merge_sync:sync_explore_data_merge_to_remote:113 - 表 s_xhs_video_data_overview_bottom_ocr 前3行数据示例: [(1, '1894230222988058625', '172.25.1.41', '1944609540455948358', '这个嘎子姐的星星卡点太美萌了', 'http://xhslink.com/o/9lIlKBscMet', '20251112', '视频', '3', '0', '1', '0', '0')]
2025-11-13 12:10:26.696 | INFO     | db.merge_sync:sync_explore_data_merge_to_remote:120 - 开始进行 related 类型的数据融合，关联键: 账号ID, 设备IP, 采集日期, 链接
2025-11-13 12:10:26.696 | INFO     | db.merge_sync:sync_explore_data_merge_to_remote:121 - 融合后的表结构包含 20 列: ['作品标题', '内容类型', '分享数', '完播率', '封面点击率', '链接', '数据来源', '数据ID', '收藏数', '曝光数', '账号ID', '观看数', '评论数', '涨粉数', '采集日期', '点赞数', '弹幕数', '设备IP', '2秒退出率', '平均观看时长']
2025-11-13 12:10:26.696 | INFO     | db.merge_sync:merge_table_data_related:234 - 关联融合完成，共关联 1 个项目（具有来自多个表的数据）
2025-11-13 12:10:26.696 | INFO     | db.merge_sync:sync_explore_data_merge_to_remote:125 - 使用关联融合方式处理数据，融合后共有 1 行数据
2025-11-13 12:10:26.696 | DEBUG    | db.merge_sync:sync_explore_data_merge_to_remote:132 - 融合后前3行数据示例: [['这个嘎子姐的星星卡点太美萌了', '视频', '0', '16.3%', '10.4%', 'http://xhslink.com/o/9lIlKBscMet', '1894230222988058625', 'merged_1', '1', '279', '1944609540455948358', '59', '0', '0', '20251112', '3', '0', '172.25.1.41', '49%', '5.2']]
2025-11-13 12:10:26.696 | DEBUG    | db.merge_sync:sync_to_local_sqlite:356 - 连接到SQLite数据库: D:\PycharmProjects\XHS-OCR\db\ocr_data.db
2025-11-13 12:10:26.698 | DEBUG    | db.merge_sync:sync_to_local_sqlite:366 - 表 s_xhs_video_data_overview_ocr 是否存在: True
2025-11-13 12:10:26.698 | INFO     | db.merge_sync:sync_to_local_sqlite:374 - 表 s_xhs_video_data_overview_ocr 已存在，检查是否需要新增字段...
2025-11-13 12:10:26.698 | DEBUG    | db.merge_sync:sync_to_local_sqlite:398 - 使用唯一键约束字段: "账号ID", "设备IP", "采集日期", "链接"
2025-11-13 12:10:26.700 | DEBUG    | db.merge_sync:sync_to_local_sqlite:411 - SQLite插入SQL:

                        INSERT OR IGNORE INTO s_xhs_video_data_overview_ocr ("作品标题", "内容类型", "分享数", "完播率", "封面点击率", "链接", "数据来源", "数据ID", "收藏数", "曝光数", "账号ID", "观看数", "评论数", "涨粉数", "采集日期", "点赞数", "弹幕数", "设备IP", "2秒退出率", "平均观看时长")
                        VALUES (?, ?, ?, ?, ?, ?, ?, ?, ?, ?, ?, ?, ?, ?, ?, ?, ?, ?, ?, ?)
                    
2025-11-13 12:10:26.700 | DEBUG    | db.merge_sync:sync_to_local_sqlite:418 - 准备插入 1 行数据
2025-11-13 12:10:26.700 | INFO     | db.merge_sync:sync_to_local_sqlite:422 - 成功同步 1 条记录到本地SQLite数据库，表名: s_xhs_video_data_overview_ocr
2025-11-13 12:10:26.701 | DEBUG    | db.merge_sync:sync_to_local_sqlite:427 - 验证: 表 s_xhs_video_data_overview_ocr 中现有 1 行数据
2025-11-13 12:10:26.701 | INFO     | db.merge_sync:sync_explore_data_merge_to_remote:156 - 融合数据已保存到本地SQLite数据库，表名: s_xhs_video_data_overview_ocr，融合类型: related
2025-11-13 12:10:26.701 | DEBUG    | db.merge_sync:sync_explore_data_merge_to_remote:52 - 使用数据库文件路径: D:\PycharmProjects\XHS-OCR\db\ocr_data.db
2025-11-13 12:10:26.702 | DEBUG    | db.merge_sync:sync_explore_data_merge_to_remote:69 - 数据库中已存在的表: ['s_xhs_note_data_overview_ocr', 'sqlite_sequence', 's_xhs_note_traffic_analysis_ocr', 's_xhs_user_info_ocr', 's_xhs_video_data_overview_bottom_ocr', 's_xhs_video_data_overview_top_ocr', 's_xhs_video_traffic_analysis_ocr', 's_xhs_video_data_overview_ocr']
2025-11-13 12:10:26.702 | INFO     | db.merge_sync:sync_explore_data_merge_to_remote:109 - 表 s_xhs_note_data_overview_ocr 查询到 2 行数据
2025-11-13 12:10:26.702 | DEBUG    | db.merge_sync:sync_explore_data_merge_to_remote:113 - 表 s_xhs_note_data_overview_ocr 前3行数据示例: [(1, '1894230222988058625', '172.25.1.41', '1944609540455948358', '嘎子姐换脚教程来啦', 'http://xhslink.com/o/8sOLOcSMMhF', '20251112', '图文', '1543', '314', '19.3%', '15.6', '0', '4', '2', '0', '0'), (2, '1894230222988058625', '172.25.1.41', '1944609540455948358', '嘎子姐的改装脚测评', 'http://xhslink.com/o/2szuAHmkUXy', '20251112', '图文', '3631', '723', '19.9%', '24.1', '0', '11', '9', '4', '2')]
2025-11-13 12:10:26.702 | INFO     | db.merge_sync:sync_explore_data_merge_to_remote:109 - 表 s_xhs_video_data_overview_ocr 查询到 0 行数据
2025-11-13 12:10:26.702 | INFO     | db.merge_sync:sync_explore_data_merge_to_remote:120 - 开始进行 unrelated 类型的数据融合，关联键: 数据ID
2025-11-13 12:10:26.702 | INFO     | db.merge_sync:sync_explore_data_merge_to_remote:121 - 融合后的表结构包含 20 列: ['作品标题', '内容类型', '分享数', '完播率', '封面点击率', '链接', '数据来源', '数据ID', '收藏数', '曝光数', '账号ID', '观看数', '评论数', '涨粉数', '采集日期', '点赞数', '弹幕数', '设备IP', '2秒退出率', '平均观看时长']
2025-11-13 12:10:26.702 | INFO     | db.merge_sync:merge_table_data_unrelated:263 - 非关联融合完成，共处理 2 行数据，其中包括所有原始数据行（即使无关联）
2025-11-13 12:10:26.702 | INFO     | db.merge_sync:sync_explore_data_merge_to_remote:128 - 使用非关联融合方式处理数据，融合后共有 2 行数据
2025-11-13 12:10:26.702 | DEBUG    | db.merge_sync:sync_explore_data_merge_to_remote:132 - 融合后前3行数据示例: [['嘎子姐换脚教程来啦', '图文', '0', '', '19.3%', 'http://xhslink.com/o/8sOLOcSMMhF', '1894230222988058625', 1, '0', '1543', '1944609540455948358', '314', '2', '0', '20251112', '4', '', '172.25.1.41', '', '15.6'], ['嘎子姐的改装脚测评', '图文', '2', '', '19.9%', 'http://xhslink.com/o/2szuAHmkUXy', '1894230222988058625', 2, '4', '3631', '1944609540455948358', '723', '9', '0', '20251112', '11', '', '172.25.1.41', '', '24.1']]
2025-11-13 12:10:26.703 | DEBUG    | db.merge_sync:sync_to_local_sqlite:356 - 连接到SQLite数据库: D:\PycharmProjects\XHS-OCR\db\ocr_data.db
2025-11-13 12:10:26.703 | DEBUG    | db.merge_sync:sync_to_local_sqlite:366 - 表 s_xhs_data_overview_ocr 是否存在: False
2025-11-13 12:10:26.703 | INFO     | db.merge_sync:sync_to_local_sqlite:370 - 表 s_xhs_data_overview_ocr 不存在，正在创建...
2025-11-13 12:10:26.703 | DEBUG    | db.merge_sync:create_table_if_not_exists_sqlite:531 - SQLite创建表SQL: 
    CREATE TABLE s_xhs_data_overview_ocr (
        "作品标题" TEXT, "内容类型" TEXT, "分享数" TEXT, "完播率" TEXT, "封面点击率" TEXT, "链接" TEXT, "数据来源" TEXT, "数据ID" TEXT, "收藏数" TEXT, "曝光数" TEXT, "账号ID" TEXT, "观看数" TEXT, "评论数" TEXT, "涨粉数" TEXT, "采集日期" DATE, "点赞数" TEXT, "弹幕数" TEXT, "设备IP" TEXT, "2秒退出率" TEXT, "平均观看时长" TEXT
        , PRIMARY KEY ("数据ID")
    )
    
2025-11-13 12:10:26.712 | DEBUG    | db.merge_sync:sync_to_local_sqlite:398 - 使用唯一键约束字段: "数据ID"
2025-11-13 12:10:26.712 | DEBUG    | db.merge_sync:sync_to_local_sqlite:411 - SQLite插入SQL:

                        INSERT OR IGNORE INTO s_xhs_data_overview_ocr ("作品标题", "内容类型", "分享数", "完播率", "封面点击率", "链接", "数据来源", "数据ID", "收藏数", "曝光数", "账号ID", "观看数", "评论数", "涨粉数", "采集日期", "点赞数", "弹幕数", "设备IP", "2秒退出率", "平均观看时长")
                        VALUES (?, ?, ?, ?, ?, ?, ?, ?, ?, ?, ?, ?, ?, ?, ?, ?, ?, ?, ?, ?)
                    
2025-11-13 12:10:26.712 | DEBUG    | db.merge_sync:sync_to_local_sqlite:418 - 准备插入 2 行数据
2025-11-13 12:10:26.718 | INFO     | db.merge_sync:sync_to_local_sqlite:422 - 成功同步 2 条记录到本地SQLite数据库，表名: s_xhs_data_overview_ocr
2025-11-13 12:10:26.718 | DEBUG    | db.merge_sync:sync_to_local_sqlite:427 - 验证: 表 s_xhs_data_overview_ocr 中现有 2 行数据
2025-11-13 12:10:26.719 | INFO     | db.merge_sync:sync_explore_data_merge_to_remote:156 - 融合数据已保存到本地SQLite数据库，表名: s_xhs_data_overview_ocr，融合类型: unrelated
2025-11-13 12:10:26.719 | DEBUG    | db.merge_sync:sync_explore_data_merge_to_remote:52 - 使用数据库文件路径: D:\PycharmProjects\XHS-OCR\db\ocr_data.db
2025-11-13 12:10:26.719 | DEBUG    | db.merge_sync:sync_explore_data_merge_to_remote:69 - 数据库中已存在的表: ['s_xhs_note_data_overview_ocr', 'sqlite_sequence', 's_xhs_note_traffic_analysis_ocr', 's_xhs_user_info_ocr', 's_xhs_video_data_overview_bottom_ocr', 's_xhs_video_data_overview_top_ocr', 's_xhs_video_traffic_analysis_ocr', 's_xhs_video_data_overview_ocr', 's_xhs_data_overview_ocr']
2025-11-13 12:10:26.720 | INFO     | db.merge_sync:sync_explore_data_merge_to_remote:109 - 表 s_xhs_note_traffic_analysis_ocr 查询到 1 行数据
2025-11-13 12:10:26.720 | DEBUG    | db.merge_sync:sync_explore_data_merge_to_remote:113 - 表 s_xhs_note_traffic_analysis_ocr 前3行数据示例: [(1, '1894230222988058625', '172.25.1.41', '1944609540455948358', '嘎子姐换脚教程来啦', 'http://xhslink.com/o/8sOLOcSMMhF', '20251112', '图文', '6.6%', '3.3%', '2%', '15.7%', '14.6%', '1.8%', '752', '110', '80.3%', '72.4%', '9.3', '2', '0', '0')]
2025-11-13 12:10:26.720 | INFO     | db.merge_sync:sync_explore_data_merge_to_remote:109 - 表 s_xhs_video_traffic_analysis_ocr 查询到 1 行数据
2025-11-13 12:10:26.720 | DEBUG    | db.merge_sync:sync_explore_data_merge_to_remote:113 - 表 s_xhs_video_traffic_analysis_ocr 前3行数据示例: [(1, '1894230222988058625', '172.25.1.41', '1944609540455948358', '这个嘎子姐的星星卡点太美萌了', 'http://xhslink.com/o/9lIlKBscMet', '20251112', '视频', '30.9%', '29.2%', '15.8%', '13.9%', '2.8%', '7.4%', '25%', '1%', '1194', '299', '37.3%', '30.9%', '16.7', '2', '1', '0')]
2025-11-13 12:10:26.720 | INFO     | db.merge_sync:sync_explore_data_merge_to_remote:120 - 开始进行 unrelated 类型的数据融合，关联键: 数据ID
2025-11-13 12:10:26.720 | INFO     | db.merge_sync:sync_explore_data_merge_to_remote:121 - 融合后的表结构包含 24 列: ['作品标题', '内容类型', '观看来源-关注页面', '链接', '观看转化率', '数据来源', '观看互动率', '占总观看', '占总曝光', '观看来源-其他来源', '观看来源-个人主页', '数据ID', '收藏数', '观看来源-视频推荐', '曝光数', '账号ID', '观看数', '观看来源-搜索', '评论数', '采集日期', '点赞数', '观看来源-首页推荐', '设备IP', '平均观看时长']
2025-11-13 12:10:26.720 | INFO     | db.merge_sync:merge_table_data_unrelated:263 - 非关联融合完成，共处理 2 行数据，其中包括所有原始数据行（即使无关联）
2025-11-13 12:10:26.720 | INFO     | db.merge_sync:sync_explore_data_merge_to_remote:128 - 使用非关联融合方式处理数据，融合后共有 2 行数据
2025-11-13 12:10:26.720 | DEBUG    | db.merge_sync:sync_explore_data_merge_to_remote:132 - 融合后前3行数据示例: [['嘎子姐换脚教程来啦', '图文', '2%', 'http://xhslink.com/o/8sOLOcSMMhF', '14.6%', '1894230222988058625', '1.8%', '72.4%', '80.3%', '15.7%', '', 1, '0', '', '752', '1944609540455948358', '110', '3.3%', '0', '20251112', '2', '6.6%', '172.25.1.41', '9.3'], ['这个嘎子姐的星星卡点太美萌了', '视频', '13.9%', 'http://xhslink.com/o/9lIlKBscMet', '25%', '1894230222988058625', '1%', '30.9%', '37.3%', '7.4%', '2.8%', 1, '0', '15.8%', '1194', '1944609540455948358', '299', '30.9%', '1', '20251112', '2', '29.2%', '172.25.1.41', '16.7']]
2025-11-13 12:10:26.722 | DEBUG    | db.merge_sync:sync_to_local_sqlite:356 - 连接到SQLite数据库: D:\PycharmProjects\XHS-OCR\db\ocr_data.db
2025-11-13 12:10:26.722 | DEBUG    | db.merge_sync:sync_to_local_sqlite:366 - 表 s_xhs_traffic_analysis_ocr 是否存在: False
2025-11-13 12:10:26.722 | INFO     | db.merge_sync:sync_to_local_sqlite:370 - 表 s_xhs_traffic_analysis_ocr 不存在，正在创建...
2025-11-13 12:10:26.722 | DEBUG    | db.merge_sync:create_table_if_not_exists_sqlite:531 - SQLite创建表SQL: 
    CREATE TABLE s_xhs_traffic_analysis_ocr (
        "作品标题" TEXT, "内容类型" TEXT, "观看来源-关注页面" TEXT, "链接" TEXT, "观看转化率" TEXT, "数据来源" TEXT, "观看互动率" TEXT, "占总观看" TEXT, "占总曝光" TEXT, "观看来源-其他来源" TEXT, "观看来源-个人主页" TEXT, "数据ID" TEXT, "收藏数" TEXT, "观看来源-视频推荐" TEXT, "曝光数" TEXT, "账号ID" TEXT, "观看数" TEXT, "观看来源-搜索" TEXT, "评论数" TEXT, "采集日期" DATE, "点赞数" TEXT, "观看来源-首页推荐" TEXT, "设备IP" TEXT, "平均观看时长" TEXT
        , PRIMARY KEY ("数据ID")
    )
    
2025-11-13 12:10:26.730 | DEBUG    | db.merge_sync:sync_to_local_sqlite:398 - 使用唯一键约束字段: "数据ID"
2025-11-13 12:10:26.730 | DEBUG    | db.merge_sync:sync_to_local_sqlite:411 - SQLite插入SQL:

                        INSERT OR IGNORE INTO s_xhs_traffic_analysis_ocr ("作品标题", "内容类型", "观看来源-关注页面", "链接", "观看转化率", "数据来源", "观看互动率", "占总观看", "占总曝光", "观看来源-其他来源", "观看来源-个人主页", "数据ID", "收藏数", "观看来源-视频推荐", "曝光数", "账号ID", "观看数", "观看来源-搜索", "评论数", "采集日期", "点赞数", "观看来源-首页推荐", "设备IP", "平均观看时长")
                        VALUES (?, ?, ?, ?, ?, ?, ?, ?, ?, ?, ?, ?, ?, ?, ?, ?, ?, ?, ?, ?, ?, ?, ?, ?)
                    
2025-11-13 12:10:26.731 | DEBUG    | db.merge_sync:sync_to_local_sqlite:418 - 准备插入 2 行数据
2025-11-13 12:10:26.737 | INFO     | db.merge_sync:sync_to_local_sqlite:422 - 成功同步 2 条记录到本地SQLite数据库，表名: s_xhs_traffic_analysis_ocr
2025-11-13 12:10:26.737 | DEBUG    | db.merge_sync:sync_to_local_sqlite:427 - 验证: 表 s_xhs_traffic_analysis_ocr 中现有 1 行数据
2025-11-13 12:10:26.739 | INFO     | db.merge_sync:sync_explore_data_merge_to_remote:156 - 融合数据已保存到本地SQLite数据库，表名: s_xhs_traffic_analysis_ocr，融合类型: unrelated
2025-11-13 12:10:26.739 | DEBUG    | db.merge_sync:sync_explore_data_merge_to_remote:52 - 使用数据库文件路径: D:\PycharmProjects\XHS-OCR\db\ocr_data.db
2025-11-13 12:10:26.740 | DEBUG    | db.merge_sync:sync_explore_data_merge_to_remote:69 - 数据库中已存在的表: ['s_xhs_note_data_overview_ocr', 'sqlite_sequence', 's_xhs_note_traffic_analysis_ocr', 's_xhs_user_info_ocr', 's_xhs_video_data_overview_bottom_ocr', 's_xhs_video_data_overview_top_ocr', 's_xhs_video_traffic_analysis_ocr', 's_xhs_video_data_overview_ocr', 's_xhs_data_overview_ocr', 's_xhs_traffic_analysis_ocr']
2025-11-13 12:10:26.740 | INFO     | db.merge_sync:sync_explore_data_merge_to_remote:109 - 表 s_xhs_data_overview_ocr 查询到 2 行数据
2025-11-13 12:10:26.740 | DEBUG    | db.merge_sync:sync_explore_data_merge_to_remote:113 - 表 s_xhs_data_overview_ocr 前3行数据示例: [('嘎子姐换脚教程来啦', '图文', '0', '', '19.3%', 'http://xhslink.com/o/8sOLOcSMMhF', '1894230222988058625', '1', '0', '1543', '1944609540455948358', '314', '2', '0', 20251112, '4', '', '172.25.1.41', '', '15.6'), ('嘎子姐的改装脚测评', '图文', '2', '', '19.9%', 'http://xhslink.com/o/2szuAHmkUXy', '1894230222988058625', '2', '4', '3631', '1944609540455948358', '723', '9', '0', 20251112, '11', '', '172.25.1.41', '', '24.1')]
2025-11-13 12:10:26.740 | INFO     | db.merge_sync:sync_explore_data_merge_to_remote:109 - 表 s_xhs_traffic_analysis_ocr 查询到 1 行数据
2025-11-13 12:10:26.740 | DEBUG    | db.merge_sync:sync_explore_data_merge_to_remote:113 - 表 s_xhs_traffic_analysis_ocr 前3行数据示例: [('嘎子姐换脚教程来啦', '图文', '2%', 'http://xhslink.com/o/8sOLOcSMMhF', '14.6%', '1894230222988058625', '1.8%', '72.4%', '80.3%', '15.7%', '', '1', '0', '', '752', '1944609540455948358', '110', '3.3%', '0', 20251112, '2', '6.6%', '172.25.1.41', '9.3')]
2025-11-13 12:10:26.740 | INFO     | db.merge_sync:sync_explore_data_merge_to_remote:120 - 开始进行 related 类型的数据融合，关联键: 账号ID, 设备IP, 采集日期, 链接
2025-11-13 12:10:26.740 | INFO     | db.merge_sync:sync_explore_data_merge_to_remote:121 - 融合后的表结构包含 30 列: ['作品标题', '内容类型', '分享数', '观看来源-关注页面', '完播率', '封面点击率', '链接', '观看转化率', '数据来源', '观看互动率', '占总观看', '占总曝光', '观看来源-其他来源', '观看来源-个人主页', '数据ID', '收藏数', '观看来源-视频推荐', '曝光数', '账号ID', '观看数', '观看来源-搜索', '评论数', '涨粉数', '采集日期', '点赞数', '观看来源-首页推荐', '弹幕数', '设备IP', '2秒退出率', '平均观看时长']
2025-11-13 12:10:26.740 | INFO     | db.merge_sync:merge_table_data_related:234 - 关联融合完成，共关联 1 个项目（具有来自多个表的数据）
2025-11-13 12:10:26.740 | INFO     | db.merge_sync:sync_explore_data_merge_to_remote:125 - 使用关联融合方式处理数据，融合后共有 2 行数据
2025-11-13 12:10:26.740 | DEBUG    | db.merge_sync:sync_explore_data_merge_to_remote:132 - 融合后前3行数据示例: [['嘎子姐换脚教程来啦', '图文', '0', '2%', '', '19.3%', 'http://xhslink.com/o/8sOLOcSMMhF', '14.6%', '1894230222988058625', '1.8%', '72.4%', '80.3%', '15.7%', '', 'merged_1', '0', '', '752', '1944609540455948358', '110', '3.3%', '0', '0', 20251112, '2', '6.6%', '', '172.25.1.41', '', '9.3'], ['嘎子姐的改装脚测评', '图文', '2', '', '', '19.9%', 'http://xhslink.com/o/2szuAHmkUXy', '', '1894230222988058625', '', '', '', '', '', 'merged_2', '4', '', '3631', '1944609540455948358', '723', '', '9', '0', 20251112, '11', '', '', '172.25.1.41', '', '24.1']]
2025-11-13 12:10:26.741 | DEBUG    | db.merge_sync:sync_to_local_sqlite:356 - 连接到SQLite数据库: D:\PycharmProjects\XHS-OCR\db\ocr_data.db
2025-11-13 12:10:26.741 | DEBUG    | db.merge_sync:sync_to_local_sqlite:366 - 表 s_xhs_merged_data_ocr 是否存在: False
2025-11-13 12:10:26.741 | INFO     | db.merge_sync:sync_to_local_sqlite:370 - 表 s_xhs_merged_data_ocr 不存在，正在创建...
2025-11-13 12:10:26.741 | DEBUG    | db.merge_sync:create_table_if_not_exists_sqlite:531 - SQLite创建表SQL: 
    CREATE TABLE s_xhs_merged_data_ocr (
        "作品标题" TEXT, "内容类型" TEXT, "分享数" TEXT, "观看来源-关注页面" TEXT, "完播率" TEXT, "封面点击率" TEXT, "链接" TEXT, "观看转化率" TEXT, "数据来源" TEXT, "观看互动率" TEXT, "占总观看" TEXT, "占总曝光" TEXT, "观看来源-其他来源" TEXT, "观看来源-个人主页" TEXT, "数据ID" TEXT, "收藏数" TEXT, "观看来源-视频推荐" TEXT, "曝光数" TEXT, "账号ID" TEXT, "观看数" TEXT, "观看来源-搜索" TEXT, "评论数" TEXT, "涨粉数" TEXT, "采集日期" DATE, "点赞数" TEXT, "观看来源-首页推荐" TEXT, "弹幕数" TEXT, "设备IP" TEXT, "2秒退出率" TEXT, "平均观看时长" TEXT
        , PRIMARY KEY ("账号ID", "设备IP", "采集日期", "链接")
    )
    
2025-11-13 12:10:26.750 | DEBUG    | db.merge_sync:sync_to_local_sqlite:398 - 使用唯一键约束字段: "账号ID", "设备IP", "采集日期", "链接"
2025-11-13 12:10:26.750 | DEBUG    | db.merge_sync:sync_to_local_sqlite:411 - SQLite插入SQL:

                        INSERT OR IGNORE INTO s_xhs_merged_data_ocr ("作品标题", "内容类型", "分享数", "观看来源-关注页面", "完播率", "封面点击率", "链接", "观看转化率", "数据来源", "观看互动率", "占总观看", "占总曝光", "观看来源-其他来源", "观看来源-个人主页", "数据ID", "收藏数", "观看来源-视频推荐", "曝光数", "账号ID", "观看数", "观看来源-搜索", "评论数", "涨粉数", "采集日期", "点赞数", "观看来源-首页推荐", "弹幕数", "设备IP", "2秒退出率", "平均观看时长")
                        VALUES (?, ?, ?, ?, ?, ?, ?, ?, ?, ?, ?, ?, ?, ?, ?, ?, ?, ?, ?, ?, ?, ?, ?, ?, ?, ?, ?, ?, ?, ?)
                    
2025-11-13 12:10:26.750 | DEBUG    | db.merge_sync:sync_to_local_sqlite:418 - 准备插入 2 行数据
2025-11-13 12:10:26.758 | INFO     | db.merge_sync:sync_to_local_sqlite:422 - 成功同步 2 条记录到本地SQLite数据库，表名: s_xhs_merged_data_ocr
2025-11-13 12:10:26.759 | DEBUG    | db.merge_sync:sync_to_local_sqlite:427 - 验证: 表 s_xhs_merged_data_ocr 中现有 2 行数据
2025-11-13 12:10:26.759 | INFO     | db.merge_sync:sync_explore_data_merge_to_remote:156 - 融合数据已保存到本地SQLite数据库，表名: s_xhs_merged_data_ocr，融合类型: related
