2025-11-13 13:35:03.998 | DEBUG    | db.merge_sync:sync_explore_data_merge_to_remote:52 - 使用数据库文件路径: D:\PycharmProjects\XHS-OCR\db\ocr_data.db
2025-11-13 13:35:03.999 | DEBUG    | db.merge_sync:sync_explore_data_merge_to_remote:69 - 数据库中已存在的表: ['s_xhs_note_data_overview_ocr', 'sqlite_sequence', 's_xhs_note_traffic_analysis_ocr', 's_xhs_user_info_ocr', 's_xhs_video_data_overview_bottom_ocr', 's_xhs_video_data_overview_top_ocr', 's_xhs_video_traffic_analysis_ocr', 's_xhs_traffic_analysis_ocr']
2025-11-13 13:35:03.999 | DEBUG    | db.merge_sync:sync_explore_data_merge_to_remote:92 - 执行查询: SELECT * FROM s_xhs_video_data_overview_top_ocr WHERE 采集日期 >= ? 参数: 20251110
2025-11-13 13:35:04.007 | DEBUG    | db.merge_sync:sync_explore_data_merge_to_remote:100 - 查询结果行数: 1
2025-11-13 13:35:04.007 | DEBUG    | db.merge_sync:sync_explore_data_merge_to_remote:104 - 列名: ['数据ID', '数据来源', '设备IP', '账号ID', '作品标题', '链接', '采集日期', '内容类型', '曝光数', '观看数', '封面点击率', '平均观看时长', '完播率', '2秒退出率', '涨粉数']
2025-11-13 13:35:04.007 | INFO     | db.merge_sync:sync_explore_data_merge_to_remote:116 - 表 s_xhs_video_data_overview_top_ocr 查询到 1 行数据
2025-11-13 13:35:04.007 | DEBUG    | db.merge_sync:sync_explore_data_merge_to_remote:120 - 表 s_xhs_video_data_overview_top_ocr 前3行数据示例: [(2, '1894230222988058625', '172.25.1.41', '1944609540455948358', '这个嘎子姐的星星卡点太美萌了', 'http://xhslink.com/o/9lIlKBscMet', '20251112', '视频', '279', '59', '10.4%', '5.2', '16.3%', '49%', '0')]
2025-11-13 13:35:04.007 | DEBUG    | db.merge_sync:sync_explore_data_merge_to_remote:92 - 执行查询: SELECT * FROM s_xhs_video_data_overview_bottom_ocr WHERE 采集日期 >= ? 参数: 20251110
2025-11-13 13:35:04.007 | DEBUG    | db.merge_sync:sync_explore_data_merge_to_remote:100 - 查询结果行数: 1
2025-11-13 13:35:04.007 | DEBUG    | db.merge_sync:sync_explore_data_merge_to_remote:104 - 列名: ['数据ID', '数据来源', '设备IP', '账号ID', '作品标题', '链接', '采集日期', '内容类型', '点赞数', '评论数', '收藏数', '分享数', '弹幕数']
2025-11-13 13:35:04.007 | INFO     | db.merge_sync:sync_explore_data_merge_to_remote:116 - 表 s_xhs_video_data_overview_bottom_ocr 查询到 1 行数据
2025-11-13 13:35:04.007 | DEBUG    | db.merge_sync:sync_explore_data_merge_to_remote:120 - 表 s_xhs_video_data_overview_bottom_ocr 前3行数据示例: [(1, '1894230222988058625', '172.25.1.41', '1944609540455948358', '这个嘎子姐的星星卡点太美萌了', 'http://xhslink.com/o/9lIlKBscMet', '20251112', '视频', '3', '0', '1', '0', '0')]
2025-11-13 13:35:04.007 | INFO     | db.merge_sync:sync_explore_data_merge_to_remote:133 - 开始进行 related 类型的数据融合，关联键: 账号ID, 设备IP, 采集日期, 链接
2025-11-13 13:35:04.007 | INFO     | db.merge_sync:sync_explore_data_merge_to_remote:134 - 融合后的表结构包含 20 列: ['作品标题', '设备IP', '曝光数', '完播率', '数据ID', '采集日期', '封面点击率', '弹幕数', '分享数', '涨粉数', '链接', '2秒退出率', '账号ID', '内容类型', '观看数', '点赞数', '数据来源', '评论数', '收藏数', '平均观看时长']
2025-11-13 13:35:04.007 | INFO     | db.merge_sync:merge_table_data_related:247 - 关联融合完成，共关联 1 个项目（具有来自多个表的数据）
2025-11-13 13:35:04.007 | INFO     | db.merge_sync:sync_explore_data_merge_to_remote:138 - 使用关联融合方式处理数据，融合后共有 1 行数据
2025-11-13 13:35:04.007 | DEBUG    | db.merge_sync:sync_explore_data_merge_to_remote:145 - 融合后前3行数据示例: [['这个嘎子姐的星星卡点太美萌了', '172.25.1.41', '279', '16.3%', 'merged_1', '20251112', '10.4%', '0', '0', '0', 'http://xhslink.com/o/9lIlKBscMet', '49%', '1944609540455948358', '视频', '59', '3', '1894230222988058625', '0', '1', '5.2']]
2025-11-13 13:35:04.012 | DEBUG    | db.merge_sync:sync_to_local_sqlite:369 - 连接到SQLite数据库: D:\PycharmProjects\XHS-OCR\db\ocr_data.db
2025-11-13 13:35:04.012 | DEBUG    | db.merge_sync:sync_to_local_sqlite:379 - 表 s_xhs_video_data_overview_ocr 是否存在: False
2025-11-13 13:35:04.012 | INFO     | db.merge_sync:sync_to_local_sqlite:383 - 表 s_xhs_video_data_overview_ocr 不存在，正在创建...
2025-11-13 13:35:04.012 | DEBUG    | db.merge_sync:create_table_if_not_exists_sqlite:548 - 将为表 s_xhs_video_data_overview_ocr 设置主键: ['账号ID', '设备IP', '采集日期', '链接']
2025-11-13 13:35:04.013 | DEBUG    | db.merge_sync:create_table_if_not_exists_sqlite:557 - SQLite创建表SQL: 
    CREATE TABLE s_xhs_video_data_overview_ocr (
        "作品标题" TEXT, "设备IP" TEXT, "曝光数" TEXT, "完播率" TEXT, "数据ID" TEXT, "采集日期" TEXT, "封面点击率" TEXT, "弹幕数" TEXT, "分享数" TEXT, "涨粉数" TEXT, "链接" TEXT, "2秒退出率" TEXT, "账号ID" TEXT, "内容类型" TEXT, "观看数" TEXT, "点赞数" TEXT, "数据来源" TEXT, "评论数" TEXT, "收藏数" TEXT, "平均观看时长" TEXT
        , PRIMARY KEY ("账号ID", "设备IP", "采集日期", "链接")
    )
    
2025-11-13 13:35:04.021 | DEBUG    | db.merge_sync:sync_to_local_sqlite:411 - 使用唯一键约束字段: "账号ID", "设备IP", "采集日期", "链接"
2025-11-13 13:35:04.021 | DEBUG    | db.merge_sync:sync_to_local_sqlite:424 - SQLite插入SQL:

                        INSERT OR IGNORE INTO s_xhs_video_data_overview_ocr ("作品标题", "设备IP", "曝光数", "完播率", "数据ID", "采集日期", "封面点击率", "弹幕数", "分享数", "涨粉数", "链接", "2秒退出率", "账号ID", "内容类型", "观看数", "点赞数", "数据来源", "评论数", "收藏数", "平均观看时长")
                        VALUES (?, ?, ?, ?, ?, ?, ?, ?, ?, ?, ?, ?, ?, ?, ?, ?, ?, ?, ?, ?)
                    
2025-11-13 13:35:04.021 | DEBUG    | db.merge_sync:sync_to_local_sqlite:431 - 准备插入 1 行数据
2025-11-13 13:35:04.021 | DEBUG    | db.merge_sync:sync_to_local_sqlite:435 - SQL语句影响的行数: 1
2025-11-13 13:35:04.028 | INFO     | db.merge_sync:sync_to_local_sqlite:439 - 成功同步 1 条记录到本地SQLite数据库，表名: s_xhs_video_data_overview_ocr
2025-11-13 13:35:04.028 | DEBUG    | db.merge_sync:sync_to_local_sqlite:444 - 验证: 表 s_xhs_video_data_overview_ocr 中现有 1 行数据
2025-11-13 13:35:04.028 | DEBUG    | db.merge_sync:sync_to_local_sqlite:450 - 表 s_xhs_video_data_overview_ocr 数据示例: [('这个嘎子姐的星星卡点太美萌了', '172.25.1.41', '279', '16.3%', 'merged_1', '20251112', '10.4%', '0', '0', '0', 'http://xhslink.com/o/9lIlKBscMet', '49%', '1944609540455948358', '视频', '59', '3', '1894230222988058625', '0', '1', '5.2')]
2025-11-13 13:35:04.029 | INFO     | db.merge_sync:sync_explore_data_merge_to_remote:169 - 融合数据已保存到本地SQLite数据库，表名: s_xhs_video_data_overview_ocr，融合类型: related
2025-11-13 13:35:04.029 | DEBUG    | db.merge_sync:sync_explore_data_merge_to_remote:52 - 使用数据库文件路径: D:\PycharmProjects\XHS-OCR\db\ocr_data.db
2025-11-13 13:35:04.029 | DEBUG    | db.merge_sync:sync_explore_data_merge_to_remote:69 - 数据库中已存在的表: ['s_xhs_note_data_overview_ocr', 'sqlite_sequence', 's_xhs_note_traffic_analysis_ocr', 's_xhs_user_info_ocr', 's_xhs_video_data_overview_bottom_ocr', 's_xhs_video_data_overview_top_ocr', 's_xhs_video_traffic_analysis_ocr', 's_xhs_traffic_analysis_ocr', 's_xhs_video_data_overview_ocr']
2025-11-13 13:35:04.030 | DEBUG    | db.merge_sync:sync_explore_data_merge_to_remote:92 - 执行查询: SELECT * FROM s_xhs_note_data_overview_ocr WHERE 采集日期 >= ? 参数: 20251110
2025-11-13 13:35:04.030 | DEBUG    | db.merge_sync:sync_explore_data_merge_to_remote:100 - 查询结果行数: 1
2025-11-13 13:35:04.030 | DEBUG    | db.merge_sync:sync_explore_data_merge_to_remote:104 - 列名: ['数据ID', '数据来源', '设备IP', '账号ID', '作品标题', '链接', '采集日期', '内容类型', '曝光数', '观看数', '封面点击率', '平均观看时长', '涨粉数', '点赞数', '评论数', '收藏数', '分享数']
2025-11-13 13:35:04.030 | INFO     | db.merge_sync:sync_explore_data_merge_to_remote:116 - 表 s_xhs_note_data_overview_ocr 查询到 1 行数据
2025-11-13 13:35:04.030 | DEBUG    | db.merge_sync:sync_explore_data_merge_to_remote:120 - 表 s_xhs_note_data_overview_ocr 前3行数据示例: [(2, '1894230222988058625', '172.25.1.41', '1944609540455948358', '嘎子姐的改装脚测评', 'http://xhslink.com/o/2szuAHmkUXy', '20251112', '图文', '3631', '723', '19.9%', '24.1', '0', '11', '9', '4', '2')]
2025-11-13 13:35:04.030 | DEBUG    | db.merge_sync:sync_explore_data_merge_to_remote:92 - 执行查询: SELECT * FROM s_xhs_video_data_overview_ocr WHERE 采集日期 >= ? 参数: 20251110
2025-11-13 13:35:04.030 | DEBUG    | db.merge_sync:sync_explore_data_merge_to_remote:100 - 查询结果行数: 1
2025-11-13 13:35:04.030 | DEBUG    | db.merge_sync:sync_explore_data_merge_to_remote:104 - 列名: ['作品标题', '设备IP', '曝光数', '完播率', '数据ID', '采集日期', '封面点击率', '弹幕数', '分享数', '涨粉数', '链接', '2秒退出率', '账号ID', '内容类型', '观看数', '点赞数', '数据来源', '评论数', '收藏数', '平均观看时长']
2025-11-13 13:35:04.032 | INFO     | db.merge_sync:sync_explore_data_merge_to_remote:116 - 表 s_xhs_video_data_overview_ocr 查询到 1 行数据
2025-11-13 13:35:04.032 | DEBUG    | db.merge_sync:sync_explore_data_merge_to_remote:120 - 表 s_xhs_video_data_overview_ocr 前3行数据示例: [('这个嘎子姐的星星卡点太美萌了', '172.25.1.41', '279', '16.3%', 'merged_1', '20251112', '10.4%', '0', '0', '0', 'http://xhslink.com/o/9lIlKBscMet', '49%', '1944609540455948358', '视频', '59', '3', '1894230222988058625', '0', '1', '5.2')]
2025-11-13 13:35:04.032 | INFO     | db.merge_sync:sync_explore_data_merge_to_remote:133 - 开始进行 unrelated 类型的数据融合，关联键: 数据ID
2025-11-13 13:35:04.032 | INFO     | db.merge_sync:sync_explore_data_merge_to_remote:134 - 融合后的表结构包含 20 列: ['作品标题', '设备IP', '曝光数', '完播率', '数据ID', '采集日期', '封面点击率', '弹幕数', '分享数', '涨粉数', '链接', '2秒退出率', '账号ID', '内容类型', '观看数', '点赞数', '数据来源', '评论数', '收藏数', '平均观看时长']
2025-11-13 13:35:04.032 | INFO     | db.merge_sync:merge_table_data_unrelated:276 - 非关联融合完成，共处理 2 行数据，其中包括所有原始数据行（即使无关联）
2025-11-13 13:35:04.032 | INFO     | db.merge_sync:sync_explore_data_merge_to_remote:141 - 使用非关联融合方式处理数据，融合后共有 2 行数据
2025-11-13 13:35:04.032 | DEBUG    | db.merge_sync:sync_explore_data_merge_to_remote:145 - 融合后前3行数据示例: [['嘎子姐的改装脚测评', '172.25.1.41', '3631', '', 2, '20251112', '19.9%', '', '2', '0', 'http://xhslink.com/o/2szuAHmkUXy', '', '1944609540455948358', '图文', '723', '11', '1894230222988058625', '9', '4', '24.1'], ['这个嘎子姐的星星卡点太美萌了', '172.25.1.41', '279', '16.3%', 'merged_1', '20251112', '10.4%', '0', '0', '0', 'http://xhslink.com/o/9lIlKBscMet', '49%', '1944609540455948358', '视频', '59', '3', '1894230222988058625', '0', '1', '5.2']]
2025-11-13 13:35:04.032 | DEBUG    | db.merge_sync:sync_to_local_sqlite:369 - 连接到SQLite数据库: D:\PycharmProjects\XHS-OCR\db\ocr_data.db
2025-11-13 13:35:04.033 | DEBUG    | db.merge_sync:sync_to_local_sqlite:379 - 表 s_xhs_data_overview_ocr 是否存在: False
2025-11-13 13:35:04.033 | INFO     | db.merge_sync:sync_to_local_sqlite:383 - 表 s_xhs_data_overview_ocr 不存在，正在创建...
2025-11-13 13:35:04.033 | DEBUG    | db.merge_sync:create_table_if_not_exists_sqlite:548 - 将为表 s_xhs_data_overview_ocr 设置主键: ['数据ID']
2025-11-13 13:35:04.033 | DEBUG    | db.merge_sync:create_table_if_not_exists_sqlite:557 - SQLite创建表SQL: 
    CREATE TABLE s_xhs_data_overview_ocr (
        "作品标题" TEXT, "设备IP" TEXT, "曝光数" TEXT, "完播率" TEXT, "数据ID" TEXT, "采集日期" TEXT, "封面点击率" TEXT, "弹幕数" TEXT, "分享数" TEXT, "涨粉数" TEXT, "链接" TEXT, "2秒退出率" TEXT, "账号ID" TEXT, "内容类型" TEXT, "观看数" TEXT, "点赞数" TEXT, "数据来源" TEXT, "评论数" TEXT, "收藏数" TEXT, "平均观看时长" TEXT
        , PRIMARY KEY ("数据ID")
    )
    
2025-11-13 13:35:04.041 | DEBUG    | db.merge_sync:sync_to_local_sqlite:411 - 使用唯一键约束字段: "数据ID"
2025-11-13 13:35:04.041 | DEBUG    | db.merge_sync:sync_to_local_sqlite:424 - SQLite插入SQL:

                        INSERT OR IGNORE INTO s_xhs_data_overview_ocr ("作品标题", "设备IP", "曝光数", "完播率", "数据ID", "采集日期", "封面点击率", "弹幕数", "分享数", "涨粉数", "链接", "2秒退出率", "账号ID", "内容类型", "观看数", "点赞数", "数据来源", "评论数", "收藏数", "平均观看时长")
                        VALUES (?, ?, ?, ?, ?, ?, ?, ?, ?, ?, ?, ?, ?, ?, ?, ?, ?, ?, ?, ?)
                    
2025-11-13 13:35:04.042 | DEBUG    | db.merge_sync:sync_to_local_sqlite:431 - 准备插入 2 行数据
2025-11-13 13:35:04.042 | DEBUG    | db.merge_sync:sync_to_local_sqlite:435 - SQL语句影响的行数: 2
2025-11-13 13:35:04.050 | INFO     | db.merge_sync:sync_to_local_sqlite:439 - 成功同步 2 条记录到本地SQLite数据库，表名: s_xhs_data_overview_ocr
2025-11-13 13:35:04.050 | DEBUG    | db.merge_sync:sync_to_local_sqlite:444 - 验证: 表 s_xhs_data_overview_ocr 中现有 2 行数据
2025-11-13 13:35:04.050 | DEBUG    | db.merge_sync:sync_to_local_sqlite:450 - 表 s_xhs_data_overview_ocr 数据示例: [('嘎子姐的改装脚测评', '172.25.1.41', '3631', '', '2', '20251112', '19.9%', '', '2', '0', 'http://xhslink.com/o/2szuAHmkUXy', '', '1944609540455948358', '图文', '723', '11', '1894230222988058625', '9', '4', '24.1'), ('这个嘎子姐的星星卡点太美萌了', '172.25.1.41', '279', '16.3%', 'merged_1', '20251112', '10.4%', '0', '0', '0', 'http://xhslink.com/o/9lIlKBscMet', '49%', '1944609540455948358', '视频', '59', '3', '1894230222988058625', '0', '1', '5.2')]
2025-11-13 13:35:04.051 | INFO     | db.merge_sync:sync_explore_data_merge_to_remote:169 - 融合数据已保存到本地SQLite数据库，表名: s_xhs_data_overview_ocr，融合类型: unrelated
2025-11-13 13:35:04.051 | DEBUG    | db.merge_sync:sync_explore_data_merge_to_remote:52 - 使用数据库文件路径: D:\PycharmProjects\XHS-OCR\db\ocr_data.db
2025-11-13 13:35:04.052 | DEBUG    | db.merge_sync:sync_explore_data_merge_to_remote:69 - 数据库中已存在的表: ['s_xhs_note_data_overview_ocr', 'sqlite_sequence', 's_xhs_note_traffic_analysis_ocr', 's_xhs_user_info_ocr', 's_xhs_video_data_overview_bottom_ocr', 's_xhs_video_data_overview_top_ocr', 's_xhs_video_traffic_analysis_ocr', 's_xhs_traffic_analysis_ocr', 's_xhs_video_data_overview_ocr', 's_xhs_data_overview_ocr']
2025-11-13 13:35:04.053 | DEBUG    | db.merge_sync:sync_explore_data_merge_to_remote:92 - 执行查询: SELECT * FROM s_xhs_note_traffic_analysis_ocr WHERE 采集日期 >= ? 参数: 20251110
2025-11-13 13:35:04.053 | DEBUG    | db.merge_sync:sync_explore_data_merge_to_remote:100 - 查询结果行数: 1
2025-11-13 13:35:04.053 | DEBUG    | db.merge_sync:sync_explore_data_merge_to_remote:104 - 列名: ['数据ID', '数据来源', '设备IP', '账号ID', '作品标题', '链接', '采集日期', '内容类型', '观看来源-首页推荐', '观看来源-搜索', '观看来源-关注页面', '观看来源-其他来源', '观看转化率', '观看互动率', '曝光数', '观看数', '占总曝光', '占总观看', '平均观看时长', '点赞数', '评论数', '收藏数']
2025-11-13 13:35:04.053 | INFO     | db.merge_sync:sync_explore_data_merge_to_remote:116 - 表 s_xhs_note_traffic_analysis_ocr 查询到 1 行数据
2025-11-13 13:35:04.053 | DEBUG    | db.merge_sync:sync_explore_data_merge_to_remote:120 - 表 s_xhs_note_traffic_analysis_ocr 前3行数据示例: [(1, '1894230222988058625', '172.25.1.41', '1944609540455948358', '嘎子姐换脚教程来啦', 'http://xhslink.com/o/8sOLOcSMMhF', '20251112', '图文', '6.6%', '3.3%', '2%', '15.7%', '14.6%', '1.8%', '752', '110', '80.3%', '72.4%', '9.3', '2', '0', '0')]
2025-11-13 13:35:04.053 | DEBUG    | db.merge_sync:sync_explore_data_merge_to_remote:92 - 执行查询: SELECT * FROM s_xhs_video_traffic_analysis_ocr WHERE 采集日期 >= ? 参数: 20251110
2025-11-13 13:35:04.054 | DEBUG    | db.merge_sync:sync_explore_data_merge_to_remote:100 - 查询结果行数: 1
2025-11-13 13:35:04.054 | DEBUG    | db.merge_sync:sync_explore_data_merge_to_remote:104 - 列名: ['数据ID', '数据来源', '设备IP', '账号ID', '作品标题', '链接', '采集日期', '内容类型', '观看来源-搜索', '观看来源-首页推荐', '观看来源-视频推荐', '观看来源-关注页面', '观看来源-个人主页', '观看来源-其他来源', '观看转化率', '观看互动率', '曝光数', '观看数', '占总曝光', '占总观看', '平均观看时长', '点赞数', '评论数', '收藏数']
2025-11-13 13:35:04.054 | INFO     | db.merge_sync:sync_explore_data_merge_to_remote:116 - 表 s_xhs_video_traffic_analysis_ocr 查询到 1 行数据
2025-11-13 13:35:04.054 | DEBUG    | db.merge_sync:sync_explore_data_merge_to_remote:120 - 表 s_xhs_video_traffic_analysis_ocr 前3行数据示例: [(1, '1894230222988058625', '172.25.1.41', '1944609540455948358', '这个嘎子姐的星星卡点太美萌了', 'http://xhslink.com/o/9lIlKBscMet', '20251112', '视频', '30.9%', '29.2%', '15.8%', '13.9%', '2.8%', '7.4%', '25%', '1%', '1194', '299', '37.3%', '30.9%', '16.7', '2', '1', '0')]
2025-11-13 13:35:04.054 | INFO     | db.merge_sync:sync_explore_data_merge_to_remote:133 - 开始进行 unrelated 类型的数据融合，关联键: 数据ID
2025-11-13 13:35:04.054 | INFO     | db.merge_sync:sync_explore_data_merge_to_remote:134 - 融合后的表结构包含 24 列: ['作品标题', '设备IP', '曝光数', '观看转化率', '数据ID', '观看互动率', '采集日期', '观看来源-首页推荐', '占总曝光', '观看来源-关注页面', '观看来源-个人主页', '观看来源-搜索', '观看来源-其他来源', '占总观看', '链接', '观看来源-视频推荐', '账号ID', '内容类型', '观看数', '点赞数', '数据来源', '评论数', '收藏数', '平均观看时长']
2025-11-13 13:35:04.054 | INFO     | db.merge_sync:merge_table_data_unrelated:276 - 非关联融合完成，共处理 2 行数据，其中包括所有原始数据行（即使无关联）
2025-11-13 13:35:04.054 | INFO     | db.merge_sync:sync_explore_data_merge_to_remote:141 - 使用非关联融合方式处理数据，融合后共有 2 行数据
2025-11-13 13:35:04.054 | DEBUG    | db.merge_sync:sync_explore_data_merge_to_remote:145 - 融合后前3行数据示例: [['嘎子姐换脚教程来啦', '172.25.1.41', '752', '14.6%', 1, '1.8%', '20251112', '6.6%', '80.3%', '2%', '', '3.3%', '15.7%', '72.4%', 'http://xhslink.com/o/8sOLOcSMMhF', '', '1944609540455948358', '图文', '110', '2', '1894230222988058625', '0', '0', '9.3'], ['这个嘎子姐的星星卡点太美萌了', '172.25.1.41', '1194', '25%', 1, '1%', '20251112', '29.2%', '37.3%', '13.9%', '2.8%', '30.9%', '7.4%', '30.9%', 'http://xhslink.com/o/9lIlKBscMet', '15.8%', '1944609540455948358', '视频', '299', '2', '1894230222988058625', '1', '0', '16.7']]
2025-11-13 13:35:04.055 | DEBUG    | db.merge_sync:sync_to_local_sqlite:369 - 连接到SQLite数据库: D:\PycharmProjects\XHS-OCR\db\ocr_data.db
2025-11-13 13:35:04.055 | DEBUG    | db.merge_sync:sync_to_local_sqlite:379 - 表 s_xhs_traffic_analysis_ocr 是否存在: True
2025-11-13 13:35:04.055 | INFO     | db.merge_sync:sync_to_local_sqlite:387 - 表 s_xhs_traffic_analysis_ocr 已存在，检查是否需要新增字段...
2025-11-13 13:35:04.056 | DEBUG    | db.merge_sync:sync_to_local_sqlite:411 - 使用唯一键约束字段: "数据ID"
2025-11-13 13:35:04.056 | DEBUG    | db.merge_sync:sync_to_local_sqlite:424 - SQLite插入SQL:

                        INSERT OR IGNORE INTO s_xhs_traffic_analysis_ocr ("作品标题", "设备IP", "曝光数", "观看转化率", "数据ID", "观看互动率", "采集日期", "观看来源-首页推荐", "占总曝光", "观看来源-关注页面", "观看来源-个人主页", "观看来源-搜索", "观看来源-其他来源", "占总观看", "链接", "观看来源-视频推荐", "账号ID", "内容类型", "观看数", "点赞数", "数据来源", "评论数", "收藏数", "平均观看时长")
                        VALUES (?, ?, ?, ?, ?, ?, ?, ?, ?, ?, ?, ?, ?, ?, ?, ?, ?, ?, ?, ?, ?, ?, ?, ?)
                    
2025-11-13 13:35:04.056 | DEBUG    | db.merge_sync:sync_to_local_sqlite:431 - 准备插入 2 行数据
2025-11-13 13:35:04.056 | DEBUG    | db.merge_sync:sync_to_local_sqlite:435 - SQL语句影响的行数: 0
2025-11-13 13:35:04.056 | INFO     | db.merge_sync:sync_to_local_sqlite:439 - 成功同步 2 条记录到本地SQLite数据库，表名: s_xhs_traffic_analysis_ocr
2025-11-13 13:35:04.056 | DEBUG    | db.merge_sync:sync_to_local_sqlite:444 - 验证: 表 s_xhs_traffic_analysis_ocr 中现有 1 行数据
2025-11-13 13:35:04.056 | DEBUG    | db.merge_sync:sync_to_local_sqlite:450 - 表 s_xhs_traffic_analysis_ocr 数据示例: [('110', '', '80.3%', '15.7%', '3.3%', '9.3', 20251112, '0', '14.6%', '752', '1894230222988058625', '2%', '172.25.1.41', 'http://xhslink.com/o/8sOLOcSMMhF', '', '6.6%', '1.8%', '2', '72.4%', '1944609540455948358', '1', '嘎子姐换脚教程来啦', '0', '图文')]
2025-11-13 13:35:04.056 | INFO     | db.merge_sync:sync_explore_data_merge_to_remote:169 - 融合数据已保存到本地SQLite数据库，表名: s_xhs_traffic_analysis_ocr，融合类型: unrelated
2025-11-13 13:35:04.056 | DEBUG    | db.merge_sync:sync_explore_data_merge_to_remote:52 - 使用数据库文件路径: D:\PycharmProjects\XHS-OCR\db\ocr_data.db
2025-11-13 13:35:04.057 | DEBUG    | db.merge_sync:sync_explore_data_merge_to_remote:69 - 数据库中已存在的表: ['s_xhs_note_data_overview_ocr', 'sqlite_sequence', 's_xhs_note_traffic_analysis_ocr', 's_xhs_user_info_ocr', 's_xhs_video_data_overview_bottom_ocr', 's_xhs_video_data_overview_top_ocr', 's_xhs_video_traffic_analysis_ocr', 's_xhs_traffic_analysis_ocr', 's_xhs_video_data_overview_ocr', 's_xhs_data_overview_ocr']
2025-11-13 13:35:04.057 | DEBUG    | db.merge_sync:sync_explore_data_merge_to_remote:97 - 执行查询: SELECT * FROM s_xhs_data_overview_ocr
2025-11-13 13:35:04.057 | DEBUG    | db.merge_sync:sync_explore_data_merge_to_remote:100 - 查询结果行数: 2
2025-11-13 13:35:04.057 | DEBUG    | db.merge_sync:sync_explore_data_merge_to_remote:104 - 列名: ['作品标题', '设备IP', '曝光数', '完播率', '数据ID', '采集日期', '封面点击率', '弹幕数', '分享数', '涨粉数', '链接', '2秒退出率', '账号ID', '内容类型', '观看数', '点赞数', '数据来源', '评论数', '收藏数', '平均观看时长']
2025-11-13 13:35:04.058 | INFO     | db.merge_sync:sync_explore_data_merge_to_remote:116 - 表 s_xhs_data_overview_ocr 查询到 2 行数据
2025-11-13 13:35:04.058 | DEBUG    | db.merge_sync:sync_explore_data_merge_to_remote:120 - 表 s_xhs_data_overview_ocr 前3行数据示例: [('嘎子姐的改装脚测评', '172.25.1.41', '3631', '', '2', '20251112', '19.9%', '', '2', '0', 'http://xhslink.com/o/2szuAHmkUXy', '', '1944609540455948358', '图文', '723', '11', '1894230222988058625', '9', '4', '24.1'), ('这个嘎子姐的星星卡点太美萌了', '172.25.1.41', '279', '16.3%', 'merged_1', '20251112', '10.4%', '0', '0', '0', 'http://xhslink.com/o/9lIlKBscMet', '49%', '1944609540455948358', '视频', '59', '3', '1894230222988058625', '0', '1', '5.2')]
2025-11-13 13:35:04.058 | DEBUG    | db.merge_sync:sync_explore_data_merge_to_remote:97 - 执行查询: SELECT * FROM s_xhs_traffic_analysis_ocr
2025-11-13 13:35:04.058 | DEBUG    | db.merge_sync:sync_explore_data_merge_to_remote:100 - 查询结果行数: 1
2025-11-13 13:35:04.058 | DEBUG    | db.merge_sync:sync_explore_data_merge_to_remote:104 - 列名: ['观看数', '观看来源-视频推荐', '占总曝光', '观看来源-其他来源', '观看来源-搜索', '平均观看时长', '采集日期', '评论数', '观看转化率', '曝光数', '数据来源', '观看来源-关注页面', '设备IP', '链接', '观看来源-个人主页', '观看来源-首页推荐', '观看互动率', '点赞数', '占总观看', '账号ID', '数据ID', '作品标题', '收藏数', '内容类型']
2025-11-13 13:35:04.058 | INFO     | db.merge_sync:sync_explore_data_merge_to_remote:116 - 表 s_xhs_traffic_analysis_ocr 查询到 1 行数据
2025-11-13 13:35:04.059 | DEBUG    | db.merge_sync:sync_explore_data_merge_to_remote:120 - 表 s_xhs_traffic_analysis_ocr 前3行数据示例: [('110', '', '80.3%', '15.7%', '3.3%', '9.3', 20251112, '0', '14.6%', '752', '1894230222988058625', '2%', '172.25.1.41', 'http://xhslink.com/o/8sOLOcSMMhF', '', '6.6%', '1.8%', '2', '72.4%', '1944609540455948358', '1', '嘎子姐换脚教程来啦', '0', '图文')]
2025-11-13 13:35:04.059 | INFO     | db.merge_sync:sync_explore_data_merge_to_remote:133 - 开始进行 related 类型的数据融合，关联键: 账号ID, 设备IP, 采集日期, 链接
2025-11-13 13:35:04.059 | INFO     | db.merge_sync:sync_explore_data_merge_to_remote:134 - 融合后的表结构包含 30 列: ['作品标题', '设备IP', '曝光数', '完播率', '观看转化率', '数据ID', '观看互动率', '采集日期', '观看来源-首页推荐', '占总曝光', '观看来源-关注页面', '观看来源-个人主页', '封面点击率', '观看来源-搜索', '弹幕数', '观看来源-其他来源', '占总观看', '分享数', '涨粉数', '链接', '2秒退出率', '观看来源-视频推荐', '账号ID', '内容类型', '观看数', '点赞数', '数据来源', '评论数', '收藏数', '平均观看时长']
2025-11-13 13:35:04.059 | INFO     | db.merge_sync:merge_table_data_related:247 - 关联融合完成，共关联 0 个项目（具有来自多个表的数据）
2025-11-13 13:35:04.059 | INFO     | db.merge_sync:sync_explore_data_merge_to_remote:138 - 使用关联融合方式处理数据，融合后共有 3 行数据
2025-11-13 13:35:04.059 | DEBUG    | db.merge_sync:sync_explore_data_merge_to_remote:145 - 融合后前3行数据示例: [['嘎子姐的改装脚测评', '172.25.1.41', '3631', '', '', 'merged_1', '', '20251112', '', '', '', '', '19.9%', '', '', '', '', '2', '0', 'http://xhslink.com/o/2szuAHmkUXy', '', '', '1944609540455948358', '图文', '723', '11', '1894230222988058625', '9', '4', '24.1'], ['这个嘎子姐的星星卡点太美萌了', '172.25.1.41', '279', '16.3%', '', 'merged_2', '', '20251112', '', '', '', '', '10.4%', '', '0', '', '', '0', '0', 'http://xhslink.com/o/9lIlKBscMet', '49%', '', '1944609540455948358', '视频', '59', '3', '1894230222988058625', '0', '1', '5.2'], ['嘎子姐换脚教程来啦', '172.25.1.41', '752', '', '14.6%', 'merged_3', '1.8%', 20251112, '6.6%', '80.3%', '2%', '', '', '3.3%', '', '15.7%', '72.4%', '', '', 'http://xhslink.com/o/8sOLOcSMMhF', '', '', '1944609540455948358', '图文', '110', '2', '1894230222988058625', '0', '0', '9.3']]
2025-11-13 13:35:04.059 | DEBUG    | db.merge_sync:sync_to_local_sqlite:369 - 连接到SQLite数据库: D:\PycharmProjects\XHS-OCR\db\ocr_data.db
2025-11-13 13:35:04.060 | DEBUG    | db.merge_sync:sync_to_local_sqlite:379 - 表 s_xhs_merged_data_ocr 是否存在: False
2025-11-13 13:35:04.060 | INFO     | db.merge_sync:sync_to_local_sqlite:383 - 表 s_xhs_merged_data_ocr 不存在，正在创建...
2025-11-13 13:35:04.060 | DEBUG    | db.merge_sync:create_table_if_not_exists_sqlite:548 - 将为表 s_xhs_merged_data_ocr 设置主键: ['账号ID', '设备IP', '采集日期', '链接']
2025-11-13 13:35:04.060 | DEBUG    | db.merge_sync:create_table_if_not_exists_sqlite:557 - SQLite创建表SQL: 
    CREATE TABLE s_xhs_merged_data_ocr (
        "作品标题" TEXT, "设备IP" TEXT, "曝光数" TEXT, "完播率" TEXT, "观看转化率" TEXT, "数据ID" TEXT, "观看互动率" TEXT, "采集日期" TEXT, "观看来源-首页推荐" TEXT, "占总曝光" TEXT, "观看来源-关注页面" TEXT, "观看来源-个人主页" TEXT, "封面点击率" TEXT, "观看来源-搜索" TEXT, "弹幕数" TEXT, "观看来源-其他来源" TEXT, "占总观看" TEXT, "分享数" TEXT, "涨粉数" TEXT, "链接" TEXT, "2秒退出率" TEXT, "观看来源-视频推荐" TEXT, "账号ID" TEXT, "内容类型" TEXT, "观看数" TEXT, "点赞数" TEXT, "数据来源" TEXT, "评论数" TEXT, "收藏数" TEXT, "平均观看时长" TEXT
        , PRIMARY KEY ("账号ID", "设备IP", "采集日期", "链接")
    )
    
2025-11-13 13:35:04.073 | DEBUG    | db.merge_sync:sync_to_local_sqlite:411 - 使用唯一键约束字段: "账号ID", "设备IP", "采集日期", "链接"
2025-11-13 13:35:04.073 | DEBUG    | db.merge_sync:sync_to_local_sqlite:424 - SQLite插入SQL:

                        INSERT OR IGNORE INTO s_xhs_merged_data_ocr ("作品标题", "设备IP", "曝光数", "完播率", "观看转化率", "数据ID", "观看互动率", "采集日期", "观看来源-首页推荐", "占总曝光", "观看来源-关注页面", "观看来源-个人主页", "封面点击率", "观看来源-搜索", "弹幕数", "观看来源-其他来源", "占总观看", "分享数", "涨粉数", "链接", "2秒退出率", "观看来源-视频推荐", "账号ID", "内容类型", "观看数", "点赞数", "数据来源", "评论数", "收藏数", "平均观看时长")
                        VALUES (?, ?, ?, ?, ?, ?, ?, ?, ?, ?, ?, ?, ?, ?, ?, ?, ?, ?, ?, ?, ?, ?, ?, ?, ?, ?, ?, ?, ?, ?)
                    
2025-11-13 13:35:04.074 | DEBUG    | db.merge_sync:sync_to_local_sqlite:431 - 准备插入 3 行数据
2025-11-13 13:35:04.074 | DEBUG    | db.merge_sync:sync_to_local_sqlite:435 - SQL语句影响的行数: 3
2025-11-13 13:35:04.082 | INFO     | db.merge_sync:sync_to_local_sqlite:439 - 成功同步 3 条记录到本地SQLite数据库，表名: s_xhs_merged_data_ocr
2025-11-13 13:35:04.082 | DEBUG    | db.merge_sync:sync_to_local_sqlite:444 - 验证: 表 s_xhs_merged_data_ocr 中现有 3 行数据
2025-11-13 13:35:04.083 | DEBUG    | db.merge_sync:sync_to_local_sqlite:450 - 表 s_xhs_merged_data_ocr 数据示例: [('嘎子姐的改装脚测评', '172.25.1.41', '3631', '', '', 'merged_1', '', '20251112', '', '', '', '', '19.9%', '', '', '', '', '2', '0', 'http://xhslink.com/o/2szuAHmkUXy', '', '', '1944609540455948358', '图文', '723', '11', '1894230222988058625', '9', '4', '24.1'), ('这个嘎子姐的星星卡点太美萌了', '172.25.1.41', '279', '16.3%', '', 'merged_2', '', '20251112', '', '', '', '', '10.4%', '', '0', '', '', '0', '0', 'http://xhslink.com/o/9lIlKBscMet', '49%', '', '1944609540455948358', '视频', '59', '3', '1894230222988058625', '0', '1', '5.2'), ('嘎子姐换脚教程来啦', '172.25.1.41', '752', '', '14.6%', 'merged_3', '1.8%', '20251112', '6.6%', '80.3%', '2%', '', '', '3.3%', '', '15.7%', '72.4%', '', '', 'http://xhslink.com/o/8sOLOcSMMhF', '', '', '1944609540455948358', '图文', '110', '2', '1894230222988058625', '0', '0', '9.3')]
2025-11-13 13:35:04.083 | INFO     | db.merge_sync:sync_explore_data_merge_to_remote:169 - 融合数据已保存到本地SQLite数据库，表名: s_xhs_merged_data_ocr，融合类型: related
